#
# There is insufficient memory for the Java Runtime Environment to continue.
# Native memory allocation (mmap) failed to map 143654912 bytes for committing reserved memory.
# Possible reasons:
#   The system is out of physical RAM or swap space
#   In 32 bit mode, the process size limit was hit
# Possible solutions:
#   Reduce memory load on the system
#   Increase physical memory or swap space
#   Check if swap backing store is full
#   Use 64 bit Java on a 64 bit OS
#   Decrease Java heap size (-Xmx/-Xms)
#   Decrease number of Java threads
#   Decrease Java thread stack sizes (-Xss)
#   Set larger code cache with -XX:ReservedCodeCacheSize=
# This output file may be truncated or incomplete.
#
#  Out of Memory Error (os_linux.cpp:2673), pid=27085, tid=139733686531840
#
# JRE version: Java(TM) SE Runtime Environment (8.0_40-b25) (build 1.8.0_40-b25)
# Java VM: Java HotSpot(TM) 64-Bit Server VM (25.40-b25 mixed mode linux-amd64 compressed oops)
# Failed to write core dump. Core dumps have been disabled. To enable core dumping, try "ulimit -c unlimited" before starting Java again
#

---------------  T H R E A D  ---------------

Current thread (0x00007f1658081000):  VMThread [stack: 0x00007f1648afb000,0x00007f1648bfc000] [id=27095]

Stack: [0x00007f1648afb000,0x00007f1648bfc000],  sp=0x00007f1648bfa260,  free space=1020k
Native frames: (J=compiled Java code, j=interpreted, Vv=VM code, C=native code)
V  [libjvm.so+0xaaca9a]  VMError::report_and_die()+0x2ba
V  [libjvm.so+0x4f333b]  report_vm_out_of_memory(char const*, int, unsigned long, VMErrorType, char const*)+0x8b
V  [libjvm.so+0x90e8c3]  os::Linux::commit_memory_impl(char*, unsigned long, bool)+0x103
V  [libjvm.so+0x90ee19]  os::pd_commit_memory(char*, unsigned long, unsigned long, bool)+0x29
V  [libjvm.so+0x90877a]  os::commit_memory(char*, unsigned long, unsigned long, bool)+0x2a
V  [libjvm.so+0x97bbc3]  PSVirtualSpace::expand_by(unsigned long)+0x53
V  [libjvm.so+0x97cfc8]  PSYoungGen::resize_generation(unsigned long, unsigned long)+0xf8
V  [libjvm.so+0x97c122]  PSYoungGen::resize(unsigned long, unsigned long)+0x22
V  [libjvm.so+0x9793fb]  PSScavenge::invoke_no_policy()+0xf7b
V  [libjvm.so+0x979b81]  PSScavenge::invoke()+0x41
V  [libjvm.so+0x932150]  ParallelScavengeHeap::failed_mem_allocate(unsigned long)+0x70
V  [libjvm.so+0xaae2d7]  VM_ParallelGCFailedAllocation::doit()+0x97
V  [libjvm.so+0xab5ac5]  VM_Operation::evaluate()+0x55
V  [libjvm.so+0xab3e9a]  VMThread::evaluate_operation(VM_Operation*)+0xba
V  [libjvm.so+0xab421e]  VMThread::loop()+0x1ce
V  [libjvm.so+0xab4690]  VMThread::run()+0x70
V  [libjvm.so+0x910ee8]  java_start(Thread*)+0x108

VM_Operation (0x00007f16611863a0): ParallelGCFailedAllocation, mode: safepoint, requested by thread 0x00007f1658013000


---------------  P R O C E S S  ---------------

Java Threads: ( => current thread )
  0x00007f1659620000 JavaThread "ReferenceReaper" daemon [_thread_blocked, id=27115, stack(0x00007f16391ce000,0x00007f16392cf000)]
  0x00007f16580cb800 JavaThread "Service Thread" daemon [_thread_blocked, id=27102, stack(0x00007f16483f4000,0x00007f16484f5000)]
  0x00007f16580c6800 JavaThread "C1 CompilerThread2" daemon [_thread_blocked, id=27101, stack(0x00007f16484f5000,0x00007f16485f6000)]
  0x00007f16580c4800 JavaThread "C2 CompilerThread1" daemon [_thread_blocked, id=27100, stack(0x00007f16485f6000,0x00007f16486f7000)]
  0x00007f16580c1800 JavaThread "C2 CompilerThread0" daemon [_thread_blocked, id=27099, stack(0x00007f16486f7000,0x00007f16487f8000)]
  0x00007f16580c0000 JavaThread "Signal Dispatcher" daemon [_thread_blocked, id=27098, stack(0x00007f16487f8000,0x00007f16488f9000)]
  0x00007f1658088000 JavaThread "Finalizer" daemon [_thread_blocked, id=27097, stack(0x00007f16488f9000,0x00007f16489fa000)]
  0x00007f1658086000 JavaThread "Reference Handler" daemon [_thread_blocked, id=27096, stack(0x00007f16489fa000,0x00007f1648afb000)]
  0x00007f1658013000 JavaThread "main" [_thread_blocked, id=27087, stack(0x00007f166108e000,0x00007f166118f000)]

Other Threads:
=>0x00007f1658081000 VMThread [stack: 0x00007f1648afb000,0x00007f1648bfc000] [id=27095]
  0x00007f16580ce000 WatcherThread [stack: 0x00007f16482f3000,0x00007f16483f4000] [id=27103]

VM state:at safepoint (normal execution)

VM Mutex/Monitor currently owned by a thread:  ([mutex/lock_event])
[0x00007f1658010a10] Threads_lock - owner thread: 0x00007f1658081000
[0x00007f1658010f10] Heap_lock - owner thread: 0x00007f1658013000

Heap:
 PSYoungGen      total 470016K, used 7928K [0x00000000d8180000, 0x00000000f5e80000, 0x0000000100000000)
  eden space 452096K, 0% used [0x00000000d8180000,0x00000000d8180000,0x00000000f3b00000)
  from space 17920K, 44% used [0x00000000f3b80000,0x00000000f433e388,0x00000000f4d00000)
  to   space 12288K, 0% used [0x00000000f5280000,0x00000000f5280000,0x00000000f5e80000)
 ParOldGen       total 92672K, used 32264K [0x0000000088400000, 0x000000008de80000, 0x00000000d8180000)
  object space 92672K, 34% used [0x0000000088400000,0x000000008a3822f8,0x000000008de80000)
 Metaspace       used 34144K, capacity 38540K, committed 38656K, reserved 1081344K
  class space    used 5386K, capacity 6625K, committed 6656K, reserved 1048576K

Card table byte_map: [0x00007f165e0e1000,0x00007f165e4a0000] byte_map_base: 0x00007f165dc9f000

Marking Bits: (ParMarkBitMap*) 0x00007f16605696c0
 Begin Bits: [0x00007f1640420000, 0x00007f1642210000)
 End Bits:   [0x00007f1642210000, 0x00007f1644000000)

Polling page: 0x00007f16611a9000

CodeCache: size=245760Kb used=33712Kb max_used=33938Kb free=212047Kb
 bounds [0x00007f1649000000, 0x00007f164b1a0000, 0x00007f1658000000]
 total_blobs=6989 nmethods=6528 adapters=372
 compilation: enabled

Compilation events (10 events):
Event: 35,503 Thread 0x00007f16580c1800 nmethod 7713 0x00007f1649948f50 code [0x00007f1649949100, 0x00007f16499497d8]
Event: 35,503 Thread 0x00007f16580c1800 7716       4       rubyjit.has_placeholder?_21BFE4ECB9FAF4C7461749649174268957F0A50E::__file__ (143 bytes)
Event: 35,514 Thread 0x00007f16580c6800 7717       3       org.jruby.runtime.load.LoadService$BailoutSearcher::trySearch (89 bytes)
Event: 35,516 Thread 0x00007f16580c6800 nmethod 7717 0x00007f164b12bdd0 code [0x00007f164b12c000, 0x00007f164b12cc08]
Event: 35,523 Thread 0x00007f16580c6800 7718       3       java.lang.Double::doubleValue (5 bytes)
Event: 35,523 Thread 0x00007f16580c6800 nmethod 7718 0x00007f1649a0c250 code [0x00007f1649a0c3a0, 0x00007f1649a0c4f0]
Event: 35,677 Thread 0x00007f16580c4800 nmethod 7715 0x00007f164b180dd0 code [0x00007f164b1813e0, 0x00007f164b1847f8]
Event: 35,680 Thread 0x00007f16580c1800 nmethod 7716 0x00007f164b18b450 code [0x00007f164b18ba60, 0x00007f164b18ee98]
Event: 35,683 Thread 0x00007f16580c1800 7712       4       org.jruby.RubyArray::selectCommon (100 bytes)
Event: 35,686 Thread 0x00007f16580c4800 7719  s    4       org.jruby.util.io.ChannelStream::getline (201 bytes)

GC Heap History (10 events):
Event: 22,240 GC heap after
Heap after GC invocations=12 (full 1):
 PSYoungGen      total 276480K, used 7136K [0x00000000d8180000, 0x00000000eef00000, 0x0000000100000000)
  eden space 258560K, 0% used [0x00000000d8180000,0x00000000d8180000,0x00000000e7e00000)
  from space 17920K, 39% used [0x00000000e7e00000,0x00000000e84f8020,0x00000000e8f80000)
  to   space 17408K, 0% used [0x00000000ede00000,0x00000000ede00000,0x00000000eef00000)
 ParOldGen       total 54784K, used 35446K [0x0000000088400000, 0x000000008b980000, 0x00000000d8180000)
  object space 54784K, 64% used [0x0000000088400000,0x000000008a69db00,0x000000008b980000)
 Metaspace       used 32164K, capacity 35152K, committed 35328K, reserved 1079296K
  class space    used 5176K, capacity 6087K, committed 6144K, reserved 1048576K
}
Event: 23,007 GC heap before
{Heap before GC invocations=13 (full 1):
 PSYoungGen      total 276480K, used 59251K [0x00000000d8180000, 0x00000000eef00000, 0x0000000100000000)
  eden space 258560K, 20% used [0x00000000d8180000,0x00000000db464c88,0x00000000e7e00000)
  from space 17920K, 39% used [0x00000000e7e00000,0x00000000e84f8020,0x00000000e8f80000)
  to   space 17408K, 0% used [0x00000000ede00000,0x00000000ede00000,0x00000000eef00000)
 ParOldGen       total 54784K, used 35446K [0x0000000088400000, 0x000000008b980000, 0x00000000d8180000)
  object space 54784K, 64% used [0x0000000088400000,0x000000008a69db00,0x000000008b980000)
 Metaspace       used 32362K, capacity 35480K, committed 35496K, reserved 1079296K
  class space    used 5194K, capacity 6139K, committed 6144K, reserved 1048576K
Event: 23,045 GC heap after
Heap after GC invocations=13 (full 1):
 PSYoungGen      total 356864K, used 1075K [0x00000000d8180000, 0x00000000efd00000, 0x0000000100000000)
  eden space 339456K, 0% used [0x00000000d8180000,0x00000000d8180000,0x00000000ecd00000)
  from space 17408K, 6% used [0x00000000ede00000,0x00000000edf0cc00,0x00000000eef00000)
  to   space 17408K, 0% used [0x00000000ecd00000,0x00000000ecd00000,0x00000000ede00000)
 ParOldGen       total 54784K, used 42397K [0x0000000088400000, 0x000000008b980000, 0x00000000d8180000)
  object space 54784K, 77% used [0x0000000088400000,0x000000008ad67710,0x000000008b980000)
 Metaspace       used 32362K, capacity 35480K, committed 35496K, reserved 1079296K
  class space    used 5194K, capacity 6139K, committed 6144K, reserved 1048576K
}
Event: 23,045 GC heap before
{Heap before GC invocations=14 (full 2):
 PSYoungGen      total 356864K, used 1075K [0x00000000d8180000, 0x00000000efd00000, 0x0000000100000000)
  eden space 339456K, 0% used [0x00000000d8180000,0x00000000d8180000,0x00000000ecd00000)
  from space 17408K, 6% used [0x00000000ede00000,0x00000000edf0cc00,0x00000000eef00000)
  to   space 17408K, 0% used [0x00000000ecd00000,0x00000000ecd00000,0x00000000ede00000)
 ParOldGen       total 54784K, used 42397K [0x0000000088400000, 0x000000008b980000, 0x00000000d8180000)
  object space 54784K, 77% used [0x0000000088400000,0x000000008ad67710,0x000000008b980000)
 Metaspace       used 32362K, capacity 35480K, committed 35496K, reserved 1079296K
  class space    used 5194K, capacity 6139K, committed 6144K, reserved 1048576K
Event: 23,258 GC heap after
Heap after GC invocations=14 (full 2):
 PSYoungGen      total 356864K, used 0K [0x00000000d8180000, 0x00000000efd00000, 0x0000000100000000)
  eden space 339456K, 0% used [0x00000000d8180000,0x00000000d8180000,0x00000000ecd00000)
  from space 17408K, 0% used [0x00000000ede00000,0x00000000ede00000,0x00000000eef00000)
  to   space 17408K, 0% used [0x00000000ecd00000,0x00000000ecd00000,0x00000000ede00000)
 ParOldGen       total 92672K, used 24549K [0x0000000088400000, 0x000000008de80000, 0x00000000d8180000)
  object space 92672K, 26% used [0x0000000088400000,0x0000000089bf9430,0x000000008de80000)
 Metaspace       used 32359K, capacity 35474K, committed 35496K, reserved 1079296K
  class space    used 5194K, capacity 6137K, committed 6144K, reserved 1048576K
}
Event: 27,207 GC heap before
{Heap before GC invocations=15 (full 2):
 PSYoungGen      total 356864K, used 339456K [0x00000000d8180000, 0x00000000efd00000, 0x0000000100000000)
  eden space 339456K, 100% used [0x00000000d8180000,0x00000000ecd00000,0x00000000ecd00000)
  from space 17408K, 0% used [0x00000000ede00000,0x00000000ede00000,0x00000000eef00000)
  to   space 17408K, 0% used [0x00000000ecd00000,0x00000000ecd00000,0x00000000ede00000)
 ParOldGen       total 92672K, used 24549K [0x0000000088400000, 0x000000008de80000, 0x00000000d8180000)
  object space 92672K, 26% used [0x0000000088400000,0x0000000089bf9430,0x000000008de80000)
 Metaspace       used 33372K, capacity 37380K, committed 37504K, reserved 1081344K
  class space    used 5304K, capacity 6437K, committed 6528K, reserved 1048576K
Event: 27,231 GC heap after
Heap after GC invocations=15 (full 2):
 PSYoungGen      total 356864K, used 5019K [0x00000000d8180000, 0x00000000f6300000, 0x0000000100000000)
  eden space 339456K, 0% used [0x00000000d8180000,0x00000000d8180000,0x00000000ecd00000)
  from space 17408K, 28% used [0x00000000ecd00000,0x00000000ed1e6d68,0x00000000ede00000)
  to   space 16896K, 0% used [0x00000000f5280000,0x00000000f5280000,0x00000000f6300000)
 ParOldGen       total 92672K, used 24557K [0x0000000088400000, 0x000000008de80000, 0x00000000d8180000)
  object space 92672K, 26% used [0x0000000088400000,0x0000000089bfb430,0x000000008de80000)
 Metaspace       used 33372K, capacity 37380K, committed 37504K, reserved 1081344K
  class space    used 5304K, capacity 6437K, committed 6528K, reserved 1048576K
}
Event: 31,174 GC heap before
{Heap before GC invocations=16 (full 2):
 PSYoungGen      total 356864K, used 344475K [0x00000000d8180000, 0x00000000f6300000, 0x0000000100000000)
  eden space 339456K, 100% used [0x00000000d8180000,0x00000000ecd00000,0x00000000ecd00000)
  from space 17408K, 28% used [0x00000000ecd00000,0x00000000ed1e6d68,0x00000000ede00000)
  to   space 16896K, 0% used [0x00000000f5280000,0x00000000f5280000,0x00000000f6300000)
 ParOldGen       total 92672K, used 24557K [0x0000000088400000, 0x000000008de80000, 0x00000000d8180000)
  object space 92672K, 26% used [0x0000000088400000,0x0000000089bfb430,0x000000008de80000)
 Metaspace       used 33872K, capacity 38056K, committed 38400K, reserved 1081344K
  class space    used 5355K, capacity 6541K, committed 6656K, reserved 1048576K
Event: 31,212 GC heap after
Heap after GC invocations=16 (full 2):
 PSYoungGen      total 464384K, used 12164K [0x00000000d8180000, 0x00000000f5e80000, 0x0000000100000000)
  eden space 452096K, 0% used [0x00000000d8180000,0x00000000d8180000,0x00000000f3b00000)
  from space 12288K, 98% used [0x00000000f5280000,0x00000000f5e61150,0x00000000f5e80000)
  to   space 17920K, 0% used [0x00000000f3b80000,0x00000000f3b80000,0x00000000f4d00000)
 ParOldGen       total 92672K, used 28913K [0x0000000088400000, 0x000000008de80000, 0x00000000d8180000)
  object space 92672K, 31% used [0x0000000088400000,0x000000008a03c710,0x000000008de80000)
 Metaspace       used 33872K, capacity 38056K, committed 38400K, reserved 1081344K
  class space    used 5355K, capacity 6541K, committed 6656K, reserved 1048576K
}
Event: 35,710 GC heap before
{Heap before GC invocations=17 (full 2):
 PSYoungGen      total 464384K, used 464260K [0x00000000d8180000, 0x00000000f5e80000, 0x0000000100000000)
  eden space 452096K, 100% used [0x00000000d8180000,0x00000000f3b00000,0x00000000f3b00000)
  from space 12288K, 98% used [0x00000000f5280000,0x00000000f5e61150,0x00000000f5e80000)
  to   space 17920K, 0% used [0x00000000f3b80000,0x00000000f3b80000,0x00000000f4d00000)
 ParOldGen       total 92672K, used 28913K [0x0000000088400000, 0x000000008de80000, 0x00000000d8180000)
  object space 92672K, 31% used [0x0000000088400000,0x000000008a03c710,0x000000008de80000)
 Metaspace       used 34144K, capacity 38540K, committed 38656K, reserved 1081344K
  class space    used 5386K, capacity 6625K, committed 6656K, reserved 1048576K

Deoptimization events (10 events):
Event: 30,256 Thread 0x00007f1658013000 Uncommon trap: reason=unstable_if action=reinterpret pc=0x00007f164a8a3360 method=org.jruby.RubyEnumerable$25.call(Lorg/jruby/runtime/ThreadContext;[Lorg/jruby/runtime/builtin/IRubyObject;Lorg/jruby/runtime/Block;)Lorg/jruby/runtime/builtin/IRubyObject; @
Event: 30,407 Thread 0x00007f1658013000 Uncommon trap: reason=unstable_if action=reinterpret pc=0x00007f164a67d1f0 method=org.jruby.RubyArray.unshift(Lorg/jruby/runtime/builtin/IRubyObject;)Lorg/jruby/runtime/builtin/IRubyObject; @ 4
Event: 30,450 Thread 0x00007f1658013000 Uncommon trap: reason=unstable_if action=reinterpret pc=0x00007f1649178c1c method=org.jruby.runtime.callsite.RespondToCallSite.call(Lorg/jruby/runtime/ThreadContext;Lorg/jruby/runtime/builtin/IRubyObject;Lorg/jruby/runtime/builtin/IRubyObject;Lorg/jruby/r
Event: 32,102 Thread 0x00007f1658013000 Uncommon trap: reason=class_check action=maybe_recompile pc=0x00007f164afdb770 method=org.jruby.runtime.callsite.CachingCallSite.callVarargs(Lorg/jruby/runtime/ThreadContext;Lorg/jruby/runtime/builtin/IRubyObject;Lorg/jruby/runtime/builtin/IRubyObject;[Lo
Event: 32,225 Thread 0x00007f1658013000 Uncommon trap: reason=class_check action=maybe_recompile pc=0x00007f164afdb770 method=org.jruby.runtime.callsite.CachingCallSite.callVarargs(Lorg/jruby/runtime/ThreadContext;Lorg/jruby/runtime/builtin/IRubyObject;Lorg/jruby/runtime/builtin/IRubyObject;[Lo
Event: 32,231 Thread 0x00007f1658013000 Uncommon trap: reason=class_check action=maybe_recompile pc=0x00007f164afdb770 method=org.jruby.runtime.callsite.CachingCallSite.callVarargs(Lorg/jruby/runtime/ThreadContext;Lorg/jruby/runtime/builtin/IRubyObject;Lorg/jruby/runtime/builtin/IRubyObject;[Lo
Event: 32,235 Thread 0x00007f1658013000 Uncommon trap: reason=class_check action=maybe_recompile pc=0x00007f164afdb770 method=org.jruby.runtime.callsite.CachingCallSite.callVarargs(Lorg/jruby/runtime/ThreadContext;Lorg/jruby/runtime/builtin/IRubyObject;Lorg/jruby/runtime/builtin/IRubyObject;[Lo
Event: 32,413 Thread 0x00007f1658013000 Uncommon trap: reason=predicate action=maybe_recompile pc=0x00007f164b06aa4c method=org.jruby.util.Qsort.insertionsort([Ljava/lang/Object;IILjava/util/Comparator;)V @ 11
Event: 32,901 Thread 0x00007f1658013000 Uncommon trap: reason=unstable_if action=reinterpret pc=0x00007f164a961214 method=rubyjit.has_placeholder?_21BFE4ECB9FAF4C7461749649174268957F0A50E.__file__(Lrubyjit/has_placeholder?_21BFE4ECB9FAF4C7461749649174268957F0A50E;Lorg/jruby/runtime/ThreadContex
Event: 32,901 Thread 0x00007f1658013000 Uncommon trap: reason=unstable_if action=reinterpret pc=0x00007f164a9c4df4 method=rubyjit.has_placeholder?_21BFE4ECB9FAF4C7461749649174268957F0A50E.__file__(Lrubyjit/has_placeholder?_21BFE4ECB9FAF4C7461749649174268957F0A50E;Lorg/jruby/runtime/ThreadContex

Internal exceptions (10 events):
Event: 34,006 Thread 0x00007f1658013000 Exception <a 'org/jruby/RubyContinuation$Continuation'> (0x00000000ec334b78) thrown at [/HUDSON/workspace/8-2-build-linux-amd64/jdk8u40/2855/hotspot/src/share/vm/prims/jni.cpp, line 709]
Event: 34,006 Thread 0x00007f1658013000 Exception <a 'org/jruby/RubyContinuation$Continuation'> (0x00000000ec352278) thrown at [/HUDSON/workspace/8-2-build-linux-amd64/jdk8u40/2855/hotspot/src/share/vm/prims/jni.cpp, line 709]
Event: 34,007 Thread 0x00007f1658013000 Exception <a 'org/jruby/RubyContinuation$Continuation'> (0x00000000ec359670) thrown at [/HUDSON/workspace/8-2-build-linux-amd64/jdk8u40/2855/hotspot/src/share/vm/prims/jni.cpp, line 709]
Event: 34,007 Thread 0x00007f1658013000 Exception <a 'org/jruby/RubyContinuation$Continuation'> (0x00000000ec359670) thrown at [/HUDSON/workspace/8-2-build-linux-amd64/jdk8u40/2855/hotspot/src/share/vm/prims/jni.cpp, line 709]
Event: 34,007 Thread 0x00007f1658013000 Exception <a 'org/jruby/RubyContinuation$Continuation'> (0x00000000ec359670) thrown at [/HUDSON/workspace/8-2-build-linux-amd64/jdk8u40/2855/hotspot/src/share/vm/prims/jni.cpp, line 709]
Event: 34,007 Thread 0x00007f1658013000 Exception <a 'org/jruby/RubyContinuation$Continuation'> (0x00000000ec359670) thrown at [/HUDSON/workspace/8-2-build-linux-amd64/jdk8u40/2855/hotspot/src/share/vm/prims/jni.cpp, line 709]
Event: 34,007 Thread 0x00007f1658013000 Exception <a 'org/jruby/RubyContinuation$Continuation'> (0x00000000ec359670) thrown at [/HUDSON/workspace/8-2-build-linux-amd64/jdk8u40/2855/hotspot/src/share/vm/prims/jni.cpp, line 709]
Event: 34,007 Thread 0x00007f1658013000 Exception <a 'org/jruby/RubyContinuation$Continuation'> (0x00000000ec34d620) thrown at [/HUDSON/workspace/8-2-build-linux-amd64/jdk8u40/2855/hotspot/src/share/vm/prims/jni.cpp, line 709]
Event: 34,007 Thread 0x00007f1658013000 Exception <a 'org/jruby/RubyContinuation$Continuation'> (0x00000000ec34d620) thrown at [/HUDSON/workspace/8-2-build-linux-amd64/jdk8u40/2855/hotspot/src/share/vm/prims/jni.cpp, line 709]
Event: 34,855 Thread 0x00007f1658013000 Exception <a 'org/jruby/RubyContinuation$Continuation'> (0x00000000f11aa730) thrown at [/HUDSON/workspace/8-2-build-linux-amd64/jdk8u40/2855/hotspot/src/share/vm/prims/jni.cpp, line 709]

Events (10 events):
Event: 33,481 Thread 0x00007f16580c1800 flushing nmethod 0x00007f164a020710
Event: 33,481 Thread 0x00007f16580c1800 flushing nmethod 0x00007f164a082f90
Event: 33,481 Thread 0x00007f16580c1800 flushing nmethod 0x00007f164a083c90
Event: 33,540 Thread 0x00007f16580c1800 flushing nmethod 0x00007f164a0d1750
Event: 33,540 Thread 0x00007f16580c1800 flushing nmethod 0x00007f164a0d69d0
Event: 33,540 Thread 0x00007f16580c1800 flushing nmethod 0x00007f164a100890
Event: 33,546 Thread 0x00007f16580c1800 flushing nmethod 0x00007f164a447b90
Event: 33,547 Thread 0x00007f16580c1800 flushing nmethod 0x00007f164a586cd0
Event: 33,547 Thread 0x00007f16580c1800 flushing nmethod 0x00007f164a58a850
Event: 35,709 Executing VM operation: ParallelGCFailedAllocation


Dynamic libraries:
00400000-00401000 r-xp 00000000 fd:01 788304                             /opt/jdk1.8.0_40/jre/bin/java
00600000-00601000 rw-p 00000000 fd:01 788304                             /opt/jdk1.8.0_40/jre/bin/java
022a5000-022c6000 rw-p 00000000 00:00 0                                  [heap]
88400000-8de80000 rw-p 00000000 00:00 0 
8de80000-d8180000 ---p 00000000 00:00 0 
d8180000-f5e80000 rw-p 00000000 00:00 0 
fe780000-100000000 ---p 00000000 00:00 0 
100000000-100680000 rw-p 00000000 00:00 0 
100680000-140000000 ---p 00000000 00:00 0 
7f1600000000-7f1600021000 rw-p 00000000 00:00 0 
7f1600021000-7f1604000000 ---p 00000000 00:00 0 
7f1604000000-7f1604021000 rw-p 00000000 00:00 0 
7f1604021000-7f1608000000 ---p 00000000 00:00 0 
7f1608000000-7f1608fa3000 rw-p 00000000 00:00 0 
7f1608fa3000-7f160c000000 ---p 00000000 00:00 0 
7f160c000000-7f160c021000 rw-p 00000000 00:00 0 
7f160c021000-7f1610000000 ---p 00000000 00:00 0 
7f1610000000-7f16121ad000 rw-p 00000000 00:00 0 
7f16121ad000-7f1614000000 ---p 00000000 00:00 0 
7f1614000000-7f1615f56000 rw-p 00000000 00:00 0 
7f1615f56000-7f1618000000 ---p 00000000 00:00 0 
7f1618000000-7f1618021000 rw-p 00000000 00:00 0 
7f1618021000-7f161c000000 ---p 00000000 00:00 0 
7f161dad9000-7f1624000000 r--p 00000000 fd:01 1445511                    /usr/lib/locale/locale-archive
7f1624000000-7f1624021000 rw-p 00000000 00:00 0 
7f1624021000-7f1628000000 ---p 00000000 00:00 0 
7f1628000000-7f1628021000 rw-p 00000000 00:00 0 
7f1628021000-7f162c000000 ---p 00000000 00:00 0 
7f162c000000-7f162c021000 rw-p 00000000 00:00 0 
7f162c021000-7f1630000000 ---p 00000000 00:00 0 
7f1630000000-7f163028d000 rw-p 00000000 00:00 0 
7f163028d000-7f1634000000 ---p 00000000 00:00 0 
7f1634000000-7f1634021000 rw-p 00000000 00:00 0 
7f1634021000-7f1638000000 ---p 00000000 00:00 0 
7f16391ce000-7f16391d1000 ---p 00000000 00:00 0 
7f16391d1000-7f163940f000 rw-p 00000000 00:00 0                          [stack:27115]
7f163940f000-7f16394cf000 ---p 00000000 00:00 0 
7f16394cf000-7f16396cf000 rw-p 00000000 00:00 0 
7f16396cf000-7f16398cf000 rw-p 00000000 00:00 0 
7f16398cf000-7f1639acf000 rw-p 00000000 00:00 0 
7f1639acf000-7f1639ccf000 rw-p 00000000 00:00 0 
7f1639ccf000-7f1639ecf000 rw-p 00000000 00:00 0 
7f1639ecf000-7f1639ee0000 r-xp 00000000 fd:01 788616                     /opt/jdk1.8.0_40/jre/lib/amd64/libnio.so
7f1639ee0000-7f163a0df000 ---p 00011000 fd:01 788616                     /opt/jdk1.8.0_40/jre/lib/amd64/libnio.so
7f163a0df000-7f163a0e0000 rw-p 00010000 fd:01 788616                     /opt/jdk1.8.0_40/jre/lib/amd64/libnio.so
7f163a0e0000-7f163a2e0000 rw-p 00000000 00:00 0 
7f163a2fe000-7f163a4fe000 rw-p 00000000 00:00 0 
7f163a4fe000-7f163a6fe000 rw-p 00000000 00:00 0 
7f163a6fe000-7f163a8fe000 rw-p 00000000 00:00 0 
7f163a8fe000-7f163aafe000 rw-p 00000000 00:00 0 
7f163aafe000-7f163acfe000 rw-p 00000000 00:00 0 
7f163acfe000-7f163ad01000 r-xp 00000000 fd:01 1445572                    /usr/lib64/libnss_myhostname.so.2
7f163ad01000-7f163af00000 ---p 00003000 fd:01 1445572                    /usr/lib64/libnss_myhostname.so.2
7f163af00000-7f163af01000 r--p 00002000 fd:01 1445572                    /usr/lib64/libnss_myhostname.so.2
7f163af01000-7f163af02000 rw-p 00000000 00:00 0 
7f163af02000-7f163af18000 r-xp 00000000 fd:01 1445548                    /usr/lib64/libresolv-2.17.so
7f163af18000-7f163b118000 ---p 00016000 fd:01 1445548                    /usr/lib64/libresolv-2.17.so
7f163b118000-7f163b119000 r--p 00016000 fd:01 1445548                    /usr/lib64/libresolv-2.17.so
7f163b119000-7f163b11a000 rw-p 00017000 fd:01 1445548                    /usr/lib64/libresolv-2.17.so
7f163b11a000-7f163b11c000 rw-p 00000000 00:00 0 
7f163b11c000-7f163b121000 r-xp 00000000 fd:01 1445535                    /usr/lib64/libnss_dns-2.17.so
7f163b121000-7f163b320000 ---p 00005000 fd:01 1445535                    /usr/lib64/libnss_dns-2.17.so
7f163b320000-7f163b321000 r--p 00004000 fd:01 1445535                    /usr/lib64/libnss_dns-2.17.so
7f163b321000-7f163b322000 rw-p 00005000 fd:01 1445535                    /usr/lib64/libnss_dns-2.17.so
7f163b333000-7f163b334000 rw-p 00000000 00:00 0 
7f163b334000-7f163b339000 r--s 00094000 fd:01 788460                     /opt/jdk1.8.0_40/jre/lib/jsse.jar
7f163b339000-7f163b34f000 r-xp 00000000 fd:01 788613                     /opt/jdk1.8.0_40/jre/lib/amd64/libnet.so
7f163b34f000-7f163b54f000 ---p 00016000 fd:01 788613                     /opt/jdk1.8.0_40/jre/lib/amd64/libnet.so
7f163b54f000-7f163b550000 rw-p 00016000 fd:01 788613                     /opt/jdk1.8.0_40/jre/lib/amd64/libnet.so
7f163b550000-7f163b557000 r--s 00000000 fd:01 1574830                    /usr/lib64/gconv/gconv-modules.cache
7f163b557000-7f163b57c000 r--p 00000000 fd:01 1443182                    /usr/share/locale/es/LC_MESSAGES/libc.mo
7f163b57c000-7f163b583000 r-xp 00000000 fd:01 788624                     /opt/jdk1.8.0_40/jre/lib/amd64/libawt_headless.so
7f163b583000-7f163b782000 ---p 00007000 fd:01 788624                     /opt/jdk1.8.0_40/jre/lib/amd64/libawt_headless.so
7f163b782000-7f163b783000 rw-p 00006000 fd:01 788624                     /opt/jdk1.8.0_40/jre/lib/amd64/libawt_headless.so
7f163b783000-7f163b825000 r-xp 00000000 fd:01 788606                     /opt/jdk1.8.0_40/jre/lib/amd64/libawt.so
7f163b825000-7f163ba25000 ---p 000a2000 fd:01 788606                     /opt/jdk1.8.0_40/jre/lib/amd64/libawt.so
7f163ba25000-7f163ba31000 rw-p 000a2000 fd:01 788606                     /opt/jdk1.8.0_40/jre/lib/amd64/libawt.so
7f163ba31000-7f163ba55000 rw-p 00000000 00:00 0 
7f163ba55000-7f163ba5a000 r--s 002f8000 fd:01 788408                     /opt/jdk1.8.0_40/jre/lib/charsets.jar
7f163ba5a000-7f163ba76000 r--s 00393000 fd:01 788464                     /opt/jdk1.8.0_40/jre/lib/ext/cldrdata.jar
7f163ba76000-7f163ba81000 r--s 00116000 fd:01 788470                     /opt/jdk1.8.0_40/jre/lib/ext/localedata.jar
7f163ba81000-7f163ba85000 r--s 00028000 08:02 2756631                    /mnt/Informacion/NuevoBB/liferay-plugins-sdk-6.2/lib/qdox.jar
7f163ba85000-7f163ba88000 r--s 00016000 08:02 2756628                    /mnt/Informacion/NuevoBB/liferay-plugins-sdk-6.2/lib/jsp-api.jar
7f163ba88000-7f163ba8b000 r--s 00012000 08:02 2754194                    /mnt/Informacion/NuevoBB/liferay-plugins-sdk-6.2/lib/javax.servlet-api.jar
7f163ba8b000-7f163ba8c000 r--s 00002000 08:02 2756606                    /mnt/Informacion/NuevoBB/liferay-plugins-sdk-6.2/lib/jargs.jar
7f163ba8c000-7f163ba8e000 r--s 0000e000 08:02 2756622                    /mnt/Informacion/NuevoBB/liferay-plugins-sdk-6.2/lib/activation.jar
7f163ba8e000-7f163ba92000 r--s 00014000 08:02 3412939                    /mnt/Informacion/NuevoBB/Liferay/tomcat-7.0.42/webapps/ROOT/WEB-INF/lib/xz.jar
7f163ba92000-7f163ba99000 r--s 0005c000 08:02 3412938                    /mnt/Informacion/NuevoBB/Liferay/tomcat-7.0.42/webapps/ROOT/WEB-INF/lib/xuggle-xuggler-noarch.jar
7f163ba99000-7f163baa5000 r--s 0006a000 08:02 3412937                    /mnt/Informacion/NuevoBB/Liferay/tomcat-7.0.42/webapps/ROOT/WEB-INF/lib/xstream.jar
7f163baa5000-7f163baa7000 r--s 00005000 08:02 3412936                    /mnt/Informacion/NuevoBB/Liferay/tomcat-7.0.42/webapps/ROOT/WEB-INF/lib/xpp3.jar
7f163baa7000-7f163baa9000 r--s 0001b000 08:02 3412935                    /mnt/Informacion/NuevoBB/Liferay/tomcat-7.0.42/webapps/ROOT/WEB-INF/lib/xmpcore.jar
7f163baa9000-7f163bab5000 r--s 00063000 08:02 3412934                    /mnt/Informacion/NuevoBB/Liferay/tomcat-7.0.42/webapps/ROOT/WEB-INF/lib/xmlsec.jar
7f163bab5000-7f163bab8000 r--s 00029000 08:02 3412930                    /mnt/Informacion/NuevoBB/Liferay/tomcat-7.0.42/webapps/ROOT/WEB-INF/lib/xbean-spring.jar
7f163bab8000-7f163bad1000 r--s 00135000 08:02 3412932                    /mnt/Informacion/NuevoBB/Liferay/tomcat-7.0.42/webapps/ROOT/WEB-INF/lib/xercesImpl.jar
7f163bad1000-7f163baf6000 r--s 002e3000 08:02 3412929                    /mnt/Informacion/NuevoBB/Liferay/tomcat-7.0.42/webapps/ROOT/WEB-INF/lib/xalan.jar
7f163baf6000-7f163bafc000 r--s 00079000 08:02 3412928                    /mnt/Informacion/NuevoBB/Liferay/tomcat-7.0.42/webapps/ROOT/WEB-INF/lib/wstx.jar
7f163bafc000-7f163bb01000 r--s 00020000 08:02 3412927                    /mnt/Informacion/NuevoBB/Liferay/tomcat-7.0.42/webapps/ROOT/WEB-INF/lib/wsdl4j.jar
7f163bb01000-7f163bb02000 r--s 00003000 08:02 3412926                    /mnt/Informacion/NuevoBB/Liferay/tomcat-7.0.42/webapps/ROOT/WEB-INF/lib/vorbis-java-tika.jar
7f163bb02000-7f163bb04000 r--s 0000a000 08:02 3412925                    /mnt/Informacion/NuevoBB/Liferay/tomcat-7.0.42/webapps/ROOT/WEB-INF/lib/vorbis-java-core.jar
7f163bb04000-7f163bb0c000 r--s 0005f000 08:02 3412924                    /mnt/Informacion/NuevoBB/Liferay/tomcat-7.0.42/webapps/ROOT/WEB-INF/lib/velocity.jar
7f163bb0c000-7f163bb0f000 r--s 00020000 08:02 3412923                    /mnt/Informacion/NuevoBB/Liferay/tomcat-7.0.42/webapps/ROOT/WEB-INF/lib/velocity-tools.jar
7f163bb0f000-7f163bb47000 r--s 004a2000 08:02 3412922                    /mnt/Informacion/NuevoBB/Liferay/tomcat-7.0.42/webapps/ROOT/WEB-INF/lib/vaadin.jar
7f163bb47000-7f163bb4e000 r--s 0005e000 08:02 3412921                    /mnt/Informacion/NuevoBB/Liferay/tomcat-7.0.42/webapps/ROOT/WEB-INF/lib/util-taglib.jar
7f163bb4e000-7f163bb4f000 r--s 00001000 08:02 3412920                    /mnt/Informacion/NuevoBB/Liferay/tomcat-7.0.42/webapps/ROOT/WEB-INF/lib/util-slf4j.jar
7f163bb4f000-7f163bb53000 r--s 00030000 08:02 3412919                    /mnt/Informacion/NuevoBB/Liferay/tomcat-7.0.42/webapps/ROOT/WEB-INF/lib/util-java.jar
7f163bb53000-7f163bb55000 r--s 00010000 08:02 3412918                    /mnt/Informacion/NuevoBB/Liferay/tomcat-7.0.42/webapps/ROOT/WEB-INF/lib/util-bridges.jar
7f163bb55000-7f163bb58000 r--s 00020000 08:02 3412917                    /mnt/Informacion/NuevoBB/Liferay/tomcat-7.0.42/webapps/ROOT/WEB-INF/lib/urlrewrite.jar
7f163bb58000-7f163bb86000 r--s 000e5000 08:02 3412916                    /mnt/Informacion/NuevoBB/Liferay/tomcat-7.0.42/webapps/ROOT/WEB-INF/lib/unoil.jar
7f163bb86000-7f163bb91000 r--s 0006c000 08:02 3412915                    /mnt/Informacion/NuevoBB/Liferay/tomcat-7.0.42/webapps/ROOT/WEB-INF/lib/truezip.jar
7f163bb91000-7f163bb94000 r--s 0001c000 08:02 3412914                    /mnt/Informacion/NuevoBB/Liferay/tomcat-7.0.42/webapps/ROOT/WEB-INF/lib/tomcat-jdbc.jar
7f163bb94000-7f163bb9c000 r--s 0006f000 08:02 3412913                    /mnt/Informacion/NuevoBB/Liferay/tomcat-7.0.42/webapps/ROOT/WEB-INF/lib/tika-parsers.jar
7f163bb9c000-7f163bba3000 r--s 0006e000 08:02 3412912                    /mnt/Informacion/NuevoBB/Liferay/tomcat-7.0.42/webapps/ROOT/WEB-INF/lib/tika-core.jar
7f163bba3000-7f163bba5000 r--s 00015000 08:02 3412911                    /mnt/Informacion/NuevoBB/Liferay/tomcat-7.0.42/webapps/ROOT/WEB-INF/lib/tagsoup.jar
7f163bba5000-7f163bbae000 r--s 0007f000 08:02 3412910                    /mnt/Informacion/NuevoBB/Liferay/tomcat-7.0.42/webapps/ROOT/WEB-INF/lib/struts.jar
7f163bbae000-7f163bbb2000 r--s 00030000 08:02 3412909                    /mnt/Informacion/NuevoBB/Liferay/tomcat-7.0.42/webapps/ROOT/WEB-INF/lib/struts-el.jar
7f163bbb2000-7f163bbb5000 r--s 00025000 08:02 3412908                    /mnt/Informacion/NuevoBB/Liferay/tomcat-7.0.42/webapps/ROOT/WEB-INF/lib/stringtemplate.jar
7f163bbb5000-7f163bbb7000 r--s 00005000 08:02 3412906                    /mnt/Informacion/NuevoBB/Liferay/tomcat-7.0.42/webapps/ROOT/WEB-INF/lib/stax.jar
7f163bbb7000-7f163bbc1000 r--s 00058000 08:02 3412904                    /mnt/Informacion/NuevoBB/Liferay/tomcat-7.0.42/webapps/ROOT/WEB-INF/lib/spring-web.jar
7f163bbc1000-7f163bbc3000 r--s 00006000 08:02 3412903                    /mnt/Informacion/NuevoBB/Liferay/tomcat-7.0.42/webapps/ROOT/WEB-INF/lib/spring-web-struts.jar
7f163bbc3000-7f163bbcc000 r--s 0005e000 08:02 3412902                    /mnt/Informacion/NuevoBB/Liferay/tomcat-7.0.42/webapps/ROOT/WEB-INF/lib/spring-web-servlet.jar
7f163bbcc000-7f163bbd0000 r--s 00027000 08:02 3412901                    /mnt/Informacion/NuevoBB/Liferay/tomcat-7.0.42/webapps/ROOT/WEB-INF/lib/spring-web-portlet.jar
7f163bbd0000-7f163bbd7000 r--s 00032000 08:02 3412900                    /mnt/Informacion/NuevoBB/Liferay/tomcat-7.0.42/webapps/ROOT/WEB-INF/lib/spring-transaction.jar
7f163bbd7000-7f163bbd9000 r--s 0000d000 08:02 3412899                    /mnt/Informacion/NuevoBB/Liferay/tomcat-7.0.42/webapps/ROOT/WEB-INF/lib/spring-oxm.jar
7f163bbd9000-7f163bbe1000 r--s 0004a000 08:02 3412898                    /mnt/Informacion/NuevoBB/Liferay/tomcat-7.0.42/webapps/ROOT/WEB-INF/lib/spring-orm.jar
7f163bbe1000-7f163bbe6000 r--s 00029000 08:02 3412897                    /mnt/Informacion/NuevoBB/Liferay/tomcat-7.0.42/webapps/ROOT/WEB-INF/lib/spring-jms.jar
7f163bbe6000-7f163bbf0000 r--s 00055000 08:02 3412896                    /mnt/Informacion/NuevoBB/Liferay/tomcat-7.0.42/webapps/ROOT/WEB-INF/lib/spring-jdbc.jar
7f163bbf0000-7f163bbf4000 r--s 00026000 08:02 3412895                    /mnt/Informacion/NuevoBB/Liferay/tomcat-7.0.42/webapps/ROOT/WEB-INF/lib/spring-expression.jar
7f163bbf4000-7f163bbfd000 r--s 00055000 08:02 3412894                    /mnt/Informacion/NuevoBB/Liferay/tomcat-7.0.42/webapps/ROOT/WEB-INF/lib/spring-core.jar
7f163bbfd000-7f163bc0e000 r--s 00093000 08:02 3412893                    /mnt/Informacion/NuevoBB/Liferay/tomcat-7.0.42/webapps/ROOT/WEB-INF/lib/spring-context.jar
7f163bc0e000-7f163bc11000 r--s 00016000 08:02 3412892                    /mnt/Informacion/NuevoBB/Liferay/tomcat-7.0.42/webapps/ROOT/WEB-INF/lib/spring-context-support.jar
7f163bc11000-7f163bc1c000 r--s 0007d000 08:02 3412891                    /mnt/Informacion/NuevoBB/Liferay/tomcat-7.0.42/webapps/ROOT/WEB-INF/lib/spring-beans.jar
7f163bc1c000-7f163bc1e000 r--s 00007000 08:02 3412890                    /mnt/Informacion/NuevoBB/Liferay/tomcat-7.0.42/webapps/ROOT/WEB-INF/lib/spring-aspects.jar
7f163bc1e000-7f163bc1f000 r--s 0000c000 08:02 3412889                    /mnt/Informacion/NuevoBB/Liferay/tomcat-7.0.42/webapps/ROOT/WEB-INF/lib/spring-asm.jar
7f163bc1f000-7f163bc28000 r--s 00046000 08:02 3412888                    /mnt/Informacion/NuevoBB/Liferay/tomcat-7.0.42/webapps/ROOT/WEB-INF/lib/spring-aop.jar
7f163bc28000-7f163bc2c000 r--s 00032000 08:02 3412887                    /mnt/Informacion/NuevoBB/Liferay/tomcat-7.0.42/webapps/ROOT/WEB-INF/lib/soap.jar
7f163bc2c000-7f163bc2e000 r--s 00005000 08:02 3412886                    /mnt/Informacion/NuevoBB/Liferay/tomcat-7.0.42/webapps/ROOT/WEB-INF/lib/slf4j-api.jar
7f163bc2e000-7f163bc30000 r--s 00016000 08:02 3412885                    /mnt/Informacion/NuevoBB/Liferay/tomcat-7.0.42/webapps/ROOT/WEB-INF/lib/simplecaptcha.jar
7f163bc30000-7f163bc39000 r--s 0002d000 08:02 3412933                    /mnt/Informacion/NuevoBB/Liferay/tomcat-7.0.42/webapps/ROOT/WEB-INF/lib/xml-apis.jar
7f163bc39000-7f163bc3c000 r--s 00041000 08:02 3412884                    /mnt/Informacion/NuevoBB/Liferay/tomcat-7.0.42/webapps/ROOT/WEB-INF/lib/serializer.jar
7f163bc3c000-7f163bc3e000 r--s 00007000 08:02 3412883                    /mnt/Informacion/NuevoBB/Liferay/tomcat-7.0.42/webapps/ROOT/WEB-INF/lib/scribe.jar
7f163bc3e000-7f163bcbc000 r--s 007f5000 08:02 3412882                    /mnt/Informacion/NuevoBB/Liferay/tomcat-7.0.42/webapps/ROOT/WEB-INF/lib/scala-library.jar
7f163bcbc000-7f163bcf0000 r--s 00466000 08:02 3412879                    /mnt/Informacion/NuevoBB/Liferay/tomcat-7.0.42/webapps/ROOT/WEB-INF/lib/ruby-gems.jar
7f163bcf0000-7f163bcf4000 r--s 00032000 08:02 3412878                    /mnt/Informacion/NuevoBB/Liferay/tomcat-7.0.42/webapps/ROOT/WEB-INF/lib/rome.jar
7f163bcf4000-7f163bd32000 r--s 0025b000 08:02 3412931                    /mnt/Informacion/NuevoBB/Liferay/tomcat-7.0.42/webapps/ROOT/WEB-INF/lib/xbean.jar
7f163bd32000-7f163bd3a000 r--s 000bf000 08:02 3412876                    /mnt/Informacion/NuevoBB/Liferay/tomcat-7.0.42/webapps/ROOT/WEB-INF/lib/rhino.jar
7f163bd3a000-7f163bd3b000 r--s 00003000 08:02 3412875                    /mnt/Informacion/NuevoBB/Liferay/tomcat-7.0.42/webapps/ROOT/WEB-INF/lib/rdffilter.jar
7f163bd3b000-7f163bd44000 r--s 00085000 08:02 3412874                    /mnt/Informacion/NuevoBB/Liferay/tomcat-7.0.42/webapps/ROOT/WEB-INF/lib/quartz.jar
7f163bd44000-7f163bd46000 r--s 0000e000 08:02 3412873                    /mnt/Informacion/NuevoBB/Liferay/tomcat-7.0.42/webapps/ROOT/WEB-INF/lib/portletbridge-portlet.jar
7f163bd46000-7f163bd48000 r--s 00007000 08:02 3412872                    /mnt/Informacion/NuevoBB/Liferay/tomcat-7.0.42/webapps/ROOT/WEB-INF/lib/portletbridge-core.jar
7f163bd48000-7f163bd4a000 r--s 00010000 08:02 3412871                    /mnt/Informacion/NuevoBB/Liferay/tomcat-7.0.42/webapps/ROOT/WEB-INF/lib/portals-bridges.jar
7f163bd4a000-7f163bd4e000 r--s 00020000 08:02 3412870                    /mnt/Informacion/NuevoBB/Liferay/tomcat-7.0.42/webapps/ROOT/WEB-INF/lib/portal-pacl.jar
7f163bd4e000-7f163bdfd000 r--s 01c70000 08:02 3412869                    /mnt/Informacion/NuevoBB/Liferay/tomcat-7.0.42/webapps/ROOT/WEB-INF/lib/portal-impl.jar
7f163bdfd000-7f163be28000 r--s 0024e000 08:02 3412868                    /mnt/Informacion/NuevoBB/Liferay/tomcat-7.0.42/webapps/ROOT/WEB-INF/lib/portal-client.jar
7f163be28000-7f163be48000 r--s 001a9000 08:02 3412867                    /mnt/Informacion/NuevoBB/Liferay/tomcat-7.0.42/webapps/ROOT/WEB-INF/lib/poi.jar
7f163be48000-7f163be59000 r--s 0011b000 08:02 3412866                    /mnt/Informacion/NuevoBB/Liferay/tomcat-7.0.42/webapps/ROOT/WEB-INF/lib/poi-scratchpad.jar
7f163be59000-7f163be65000 r--s 000d9000 08:02 3412865                    /mnt/Informacion/NuevoBB/Liferay/tomcat-7.0.42/webapps/ROOT/WEB-INF/lib/poi-ooxml.jar
7f163be65000-7f163bef9000 r--s 00401000 08:02 3412864                    /mnt/Informacion/NuevoBB/Liferay/tomcat-7.0.42/webapps/ROOT/WEB-INF/lib/poi-ooxml-schemas.jar
7f163bef9000-7f163bf0f000 r--s 003b1000 08:02 3412863                    /mnt/Informacion/NuevoBB/Liferay/tomcat-7.0.42/webapps/ROOT/WEB-INF/lib/pdfbox.jar
7f163bf0f000-7f163bf12000 r--s 0001e000 08:02 3412862                    /mnt/Informacion/NuevoBB/Liferay/tomcat-7.0.42/webapps/ROOT/WEB-INF/lib/oscache.jar
7f163bf12000-7f163bf14000 r--s 0000e000 08:02 3412861                    /mnt/Informacion/NuevoBB/Liferay/tomcat-7.0.42/webapps/ROOT/WEB-INF/lib/oro.jar
7f163bf14000-7f163bf18000 r--s 0002f000 08:02 3412860                    /mnt/Informacion/NuevoBB/Liferay/tomcat-7.0.42/webapps/ROOT/WEB-INF/lib/openid4java.jar
7f163bf18000-7f163bf1a000 r--s 00002000 08:02 3412859                    /mnt/Informacion/NuevoBB/Liferay/tomcat-7.0.42/webapps/ROOT/WEB-INF/lib/odmg.jar
7f163bf1a000-7f163bf4b000 r--s 003f0000 08:02 3412858                    /mnt/Informacion/NuevoBB/Liferay/tomcat-7.0.42/webapps/ROOT/WEB-INF/lib/netcdf.jar
7f163bf4b000-7f163bf4e000 r--s 0001c000 08:02 3412857                    /mnt/Informacion/NuevoBB/Liferay/tomcat-7.0.42/webapps/ROOT/WEB-INF/lib/nekohtml.jar
7f163bf4e000-7f163bf50000 r--s 00014000 08:02 3412850                    /mnt/Informacion/NuevoBB/Liferay/tomcat-7.0.42/webapps/ROOT/WEB-INF/lib/msnm.jar
7f163bf50000-7f163bf52000 r--s 00008000 08:02 3412849                    /mnt/Informacion/NuevoBB/Liferay/tomcat-7.0.42/webapps/ROOT/WEB-INF/lib/mimepull.jar
7f163bf52000-7f163bf59000 r--s 00044000 08:02 3412848                    /mnt/Informacion/NuevoBB/Liferay/tomcat-7.0.42/webapps/ROOT/WEB-INF/lib/mime4j-dom.jar
7f163bf59000-7f163bf5d000 r--s 00030000 08:02 3412846                    /mnt/Informacion/NuevoBB/Liferay/tomcat-7.0.42/webapps/ROOT/WEB-INF/lib/metadata-extractor.jar
7f163bf5d000-7f163bf6b000 r--s 00080000 08:02 3412844                    /mnt/Informacion/NuevoBB/Liferay/tomcat-7.0.42/webapps/ROOT/WEB-INF/lib/mchange-commons-java.jar
7f163bf6b000-7f163c000000 r--s 0093a000 08:02 3412827                    /mnt/Informacion/NuevoBB/Liferay/tomcat-7.0.42/webapps/ROOT/WEB-INF/lib/jython.jar
7f163c000000-7f163c021000 rw-p 00000000 00:00 0 
7f163c021000-7f1640000000 ---p 00000000 00:00 0 
7f1640000000-7f1640003000 r--s 00015000 08:02 3412847                    /mnt/Informacion/NuevoBB/Liferay/tomcat-7.0.42/webapps/ROOT/WEB-INF/lib/mime4j-core.jar
7f1640003000-7f1640009000 r--s 0003c000 08:02 3412845                    /mnt/Informacion/NuevoBB/Liferay/tomcat-7.0.42/webapps/ROOT/WEB-INF/lib/memcached.jar
7f1640009000-7f164000b000 r--s 0000e000 08:02 3412843                    /mnt/Informacion/NuevoBB/Liferay/tomcat-7.0.42/webapps/ROOT/WEB-INF/lib/lucene-spellchecker.jar
7f164000b000-7f1640013000 r--s 00044000 08:02 3412842                    /mnt/Informacion/NuevoBB/Liferay/tomcat-7.0.42/webapps/ROOT/WEB-INF/lib/lucene-queryparser.jar
7f1640013000-7f1640015000 r--s 0000a000 08:02 3412841                    /mnt/Informacion/NuevoBB/Liferay/tomcat-7.0.42/webapps/ROOT/WEB-INF/lib/lucene-queries.jar
7f1640015000-7f1640017000 r--s 0000d000 08:02 3412840                    /mnt/Informacion/NuevoBB/Liferay/tomcat-7.0.42/webapps/ROOT/WEB-INF/lib/lucene-misc.jar
7f1640017000-7f1640019000 r--s 00006000 08:02 3412839                    /mnt/Informacion/NuevoBB/Liferay/tomcat-7.0.42/webapps/ROOT/WEB-INF/lib/lucene-memory.jar
7f1640019000-7f164001a000 r--s 00005000 08:02 3412838                    /mnt/Informacion/NuevoBB/Liferay/tomcat-7.0.42/webapps/ROOT/WEB-INF/lib/lucene-join.jar
7f164001a000-7f164001c000 r--s 0000f000 08:02 3412837                    /mnt/Informacion/NuevoBB/Liferay/tomcat-7.0.42/webapps/ROOT/WEB-INF/lib/lucene-icu.jar
7f164001c000-7f164001f000 r--s 00013000 08:02 3412836                    /mnt/Informacion/NuevoBB/Liferay/tomcat-7.0.42/webapps/ROOT/WEB-INF/lib/lucene-highlighter.jar
7f164001f000-7f1640021000 r--s 0000e000 08:02 3412835                    /mnt/Informacion/NuevoBB/Liferay/tomcat-7.0.42/webapps/ROOT/WEB-INF/lib/lucene-grouping.jar
7f1640021000-7f1640039000 r--s 0014e000 08:02 3412834                    /mnt/Informacion/NuevoBB/Liferay/tomcat-7.0.42/webapps/ROOT/WEB-INF/lib/lucene-core.jar
7f1640039000-7f1640043000 r--s 000cc000 08:02 3412833                    /mnt/Informacion/NuevoBB/Liferay/tomcat-7.0.42/webapps/ROOT/WEB-INF/lib/lucene-analyzers.jar
7f1640043000-7f164004c000 r--s 0006f000 08:02 3412832                    /mnt/Informacion/NuevoBB/Liferay/tomcat-7.0.42/webapps/ROOT/WEB-INF/lib/log4j.jar
7f164004c000-7f1640052000 r--s 0004f000 08:02 3412831                    /mnt/Informacion/NuevoBB/Liferay/tomcat-7.0.42/webapps/ROOT/WEB-INF/lib/log4j-extras.jar
7f1640052000-7f164005e000 r--s 000d6000 08:02 3412830                    /mnt/Informacion/NuevoBB/Liferay/tomcat-7.0.42/webapps/ROOT/WEB-INF/lib/liferay-yui-compressor.jar
7f164005e000-7f164007e000 r--s 00549000 08:02 3412829                    /mnt/Informacion/NuevoBB/Liferay/tomcat-7.0.42/webapps/ROOT/WEB-INF/lib/liferay-icu4j.jar
7f164007e000-7f164007f000 r--s 0000a000 08:02 3412828                    /mnt/Informacion/NuevoBB/Liferay/tomcat-7.0.42/webapps/ROOT/WEB-INF/lib/kxml2.jar
7f164007f000-7f1640082000 r--s 00033000 08:02 3412825                    /mnt/Informacion/NuevoBB/Liferay/tomcat-7.0.42/webapps/ROOT/WEB-INF/lib/juniversalchardet.jar
7f1640082000-7f1640085000 r--s 00019000 08:02 3412826                    /mnt/Informacion/NuevoBB/Liferay/tomcat-7.0.42/webapps/ROOT/WEB-INF/lib/jurt.jar
7f1640085000-7f1640090000 r--s 00032000 08:02 3412877                    /mnt/Informacion/NuevoBB/Liferay/tomcat-7.0.42/webapps/ROOT/WEB-INF/lib/ridl.jar
7f1640090000-7f1640092000 r--s 0000d000 08:02 3412824                    /mnt/Informacion/NuevoBB/Liferay/tomcat-7.0.42/webapps/ROOT/WEB-INF/lib/juh.jar
7f1640092000-7f164009a000 r--s 00058000 08:02 3412823                    /mnt/Informacion/NuevoBB/Liferay/tomcat-7.0.42/webapps/ROOT/WEB-INF/lib/jstl-impl.jar
7f164009a000-7f164009c000 r--s 00006000 08:02 3412822                    /mnt/Informacion/NuevoBB/Liferay/tomcat-7.0.42/webapps/ROOT/WEB-INF/lib/jstl-api.jar
7f164009c000-7f164009e000 r--s 00001000 08:02 3412821                    /mnt/Informacion/NuevoBB/Liferay/tomcat-7.0.42/webapps/ROOT/WEB-INF/lib/jsr107cache.jar
7f164009e000-7f16400a3000 r--s 00028000 08:02 3412820                    /mnt/Informacion/NuevoBB/Liferay/tomcat-7.0.42/webapps/ROOT/WEB-INF/lib/jsqlparser.jar
7f16400a3000-7f16400b0000 r--s 000f2000 08:02 3412819                    /mnt/Informacion/NuevoBB/Liferay/tomcat-7.0.42/webapps/ROOT/WEB-INF/lib/jspwiki.jar
7f16400b0000-7f16400b2000 r--s 0000e000 08:02 3412818                    /mnt/Informacion/NuevoBB/Liferay/tomcat-7.0.42/webapps/ROOT/WEB-INF/lib/jsonrpc.jar
7f16400b2000-7f16400b4000 r--s 00014000 08:02 3412817                    /mnt/Informacion/NuevoBB/Liferay/tomcat-7.0.42/webapps/ROOT/WEB-INF/lib/json-java.jar
7f16400b4000-7f16400dc000 rw-p 00000000 00:00 0 
7f16400dc000-7f16401c1000 r--s 00bcd000 08:02 3412816                    /mnt/Informacion/NuevoBB/Liferay/tomcat-7.0.42/webapps/ROOT/WEB-INF/lib/jruby.jar
7f16401c1000-7f16401c2000 r--s 00005000 08:02 3412815                    /mnt/Informacion/NuevoBB/Liferay/tomcat-7.0.42/webapps/ROOT/WEB-INF/lib/jrcs-diff.jar
7f16401c2000-7f16401d7000 r--s 00139000 08:02 3412814                    /mnt/Informacion/NuevoBB/Liferay/tomcat-7.0.42/webapps/ROOT/WEB-INF/lib/jodd.jar
7f16401d7000-7f16401d8000 r--s 00007000 08:02 3412813                    /mnt/Informacion/NuevoBB/Liferay/tomcat-7.0.42/webapps/ROOT/WEB-INF/lib/jodconverter.jar
7f16401d8000-7f16401dc000 r--s 00037000 08:02 3412812                    /mnt/Informacion/NuevoBB/Liferay/tomcat-7.0.42/webapps/ROOT/WEB-INF/lib/jhlabs-filters.jar
7f16401dc000-7f16401f2000 r--s 001d0000 08:02 3412811                    /mnt/Informacion/NuevoBB/Liferay/tomcat-7.0.42/webapps/ROOT/WEB-INF/lib/jgroups.jar
7f16401f2000-7f1640203000 r--s 0014c000 08:02 3412810                    /mnt/Informacion/NuevoBB/Liferay/tomcat-7.0.42/webapps/ROOT/WEB-INF/lib/jfreechart.jar
7f1640203000-7f164020c000 r--s 0007b000 08:02 3412809                    /mnt/Informacion/NuevoBB/Liferay/tomcat-7.0.42/webapps/ROOT/WEB-INF/lib/jets3t.jar
7f164020c000-7f1640210000 r--s 00028000 08:02 3412808                    /mnt/Informacion/NuevoBB/Liferay/tomcat-7.0.42/webapps/ROOT/WEB-INF/lib/jericho-html.jar
7f1640210000-7f164021c000 r--s 000a5000 08:02 3412807                    /mnt/Informacion/NuevoBB/Liferay/tomcat-7.0.42/webapps/ROOT/WEB-INF/lib/jena.jar
7f164021c000-7f164021e000 r--s 0000b000 08:02 3412806                    /mnt/Informacion/NuevoBB/Liferay/tomcat-7.0.42/webapps/ROOT/WEB-INF/lib/jempbox.jar
7f164021e000-7f1640221000 r--s 00023000 08:02 3412805                    /mnt/Informacion/NuevoBB/Liferay/tomcat-7.0.42/webapps/ROOT/WEB-INF/lib/jdom.jar
7f1640221000-7f1640224000 r--s 0000e000 08:02 3412804                    /mnt/Informacion/NuevoBB/Liferay/tomcat-7.0.42/webapps/ROOT/WEB-INF/lib/jcr.jar
7f1640224000-7f164022a000 r--s 00046000 08:02 3412803                    /mnt/Informacion/NuevoBB/Liferay/tomcat-7.0.42/webapps/ROOT/WEB-INF/lib/jcommon.jar
7f164022a000-7f164022c000 r--s 00003000 08:02 3412802                    /mnt/Informacion/NuevoBB/Liferay/tomcat-7.0.42/webapps/ROOT/WEB-INF/lib/jcl-over-slf4j.jar
7f164022c000-7f1640232000 r--s 0005b000 08:02 3412801                    /mnt/Informacion/NuevoBB/Liferay/tomcat-7.0.42/webapps/ROOT/WEB-INF/lib/jcifs.jar
7f1640232000-7f1640234000 r--s 0000a000 08:02 3412800                    /mnt/Informacion/NuevoBB/Liferay/tomcat-7.0.42/webapps/ROOT/WEB-INF/lib/jazzy.jar
7f1640234000-7f1640236000 r--s 0001e000 08:02 3412907                    /mnt/Informacion/NuevoBB/Liferay/tomcat-7.0.42/webapps/ROOT/WEB-INF/lib/streambuffer.jar
7f1640236000-7f1640237000 r--s 00002000 08:02 3412905                    /mnt/Informacion/NuevoBB/Liferay/tomcat-7.0.42/webapps/ROOT/WEB-INF/lib/stax-ex.jar
7f1640237000-7f164023c000 r--s 0003e000 08:02 3412881                    /mnt/Informacion/NuevoBB/Liferay/tomcat-7.0.42/webapps/ROOT/WEB-INF/lib/saaj-impl.jar
7f164023c000-7f164023e000 r--s 00003000 08:02 3412880                    /mnt/Informacion/NuevoBB/Liferay/tomcat-7.0.42/webapps/ROOT/WEB-INF/lib/saaj-api.jar
7f164023e000-7f1640257000 r--s 00129000 08:02 3412799                    /mnt/Informacion/NuevoBB/Liferay/tomcat-7.0.42/webapps/ROOT/WEB-INF/lib/jaxws-rt.jar
7f1640257000-7f1640259000 r--s 00006000 08:02 3412798                    /mnt/Informacion/NuevoBB/Liferay/tomcat-7.0.42/webapps/ROOT/WEB-INF/lib/jaxrpc.jar
7f1640259000-7f164025f000 r--s 00032000 08:02 3412797                    /mnt/Informacion/NuevoBB/Liferay/tomcat-7.0.42/webapps/ROOT/WEB-INF/lib/jaxen.jar
7f164025f000-7f1640271000 r--s 000c2000 08:02 3412796                    /mnt/Informacion/NuevoBB/Liferay/tomcat-7.0.42/webapps/ROOT/WEB-INF/lib/jaxb-impl.jar
7f1640271000-7f164027a000 r--s 00096000 08:02 3412795                    /mnt/Informacion/NuevoBB/Liferay/tomcat-7.0.42/webapps/ROOT/WEB-INF/lib/javassist.jar
7f164027a000-7f164027c000 r--s 00000000 08:02 3412794                    /mnt/Informacion/NuevoBB/Liferay/tomcat-7.0.42/webapps/ROOT/WEB-INF/lib/java-diff.jar
7f164027c000-7f1640280000 r--s 00073000 08:02 3412793                    /mnt/Informacion/NuevoBB/Liferay/tomcat-7.0.42/webapps/ROOT/WEB-INF/lib/jamwiki-core.jar
7f1640280000-7f1640282000 r--s 00007000 08:02 3412792                    /mnt/Informacion/NuevoBB/Liferay/tomcat-7.0.42/webapps/ROOT/WEB-INF/lib/jakarta-regexp.jar
7f1640282000-7f1640296000 r--s 001bd000 08:02 3412791                    /mnt/Informacion/NuevoBB/Liferay/tomcat-7.0.42/webapps/ROOT/WEB-INF/lib/jai_core.jar
7f1640296000-7f164029a000 r--s 0003c000 08:02 3412790                    /mnt/Informacion/NuevoBB/Liferay/tomcat-7.0.42/webapps/ROOT/WEB-INF/lib/jai_codec.jar
7f164029a000-7f164029c000 r--s 00005000 08:02 3412789                    /mnt/Informacion/NuevoBB/Liferay/tomcat-7.0.42/webapps/ROOT/WEB-INF/lib/jackrabbit-spi.jar
7f164029c000-7f16402aa000 r--s 000a4000 08:02 3412788                    /mnt/Informacion/NuevoBB/Liferay/tomcat-7.0.42/webapps/ROOT/WEB-INF/lib/jackrabbit-spi-commons.jar
7f16402aa000-7f16402af000 r--s 00034000 08:02 3412787                    /mnt/Informacion/NuevoBB/Liferay/tomcat-7.0.42/webapps/ROOT/WEB-INF/lib/jackrabbit-jcr-commons.jar
7f16402af000-7f16402cf000 r--s 001cd000 08:02 3412786                    /mnt/Informacion/NuevoBB/Liferay/tomcat-7.0.42/webapps/ROOT/WEB-INF/lib/jackrabbit-core.jar
7f16402cf000-7f16402d1000 r--s 00004000 08:02 3412785                    /mnt/Informacion/NuevoBB/Liferay/tomcat-7.0.42/webapps/ROOT/WEB-INF/lib/jackrabbit-api.jar
7f16402d1000-7f16402da000 r--s 00077000 08:02 3412783                    /mnt/Informacion/NuevoBB/Liferay/tomcat-7.0.42/webapps/ROOT/WEB-INF/lib/isoparser.jar
7f16402da000-7f16402de000 r--s 00022000 08:02 3412782                    /mnt/Informacion/NuevoBB/Liferay/tomcat-7.0.42/webapps/ROOT/WEB-INF/lib/im4java.jar
7f16402de000-7f16402e1000 r--s 0001d000 08:02 3412781                    /mnt/Informacion/NuevoBB/Liferay/tomcat-7.0.42/webapps/ROOT/WEB-INF/lib/icq.jar
7f16402e1000-7f16402f5000 r--s 000d8000 08:02 3412780                    /mnt/Informacion/NuevoBB/Liferay/tomcat-7.0.42/webapps/ROOT/WEB-INF/lib/ical4j.jar
7f16402f5000-7f16402fb000 r--s 00031000 08:02 3412778                    /mnt/Informacion/NuevoBB/Liferay/tomcat-7.0.42/webapps/ROOT/WEB-INF/lib/httpcore.jar
7f16402fb000-7f1640343000 r--s 003b1000 08:02 3412775                    /mnt/Informacion/NuevoBB/Liferay/tomcat-7.0.42/webapps/ROOT/WEB-INF/lib/hibernate3.jar
7f1640343000-7f1640420000 r--s 00ad8000 08:02 3412765                    /mnt/Informacion/NuevoBB/Liferay/tomcat-7.0.42/webapps/ROOT/WEB-INF/lib/fastutil.jar
7f1640420000-7f1644000000 rw-p 00000000 00:00 0 
7f1644000000-7f1644021000 rw-p 00000000 00:00 0 
7f1644021000-7f1648000000 ---p 00000000 00:00 0 
7f1648000000-7f1648002000 r--s 00017000 08:02 3412784                    /mnt/Informacion/NuevoBB/Liferay/tomcat-7.0.42/webapps/ROOT/WEB-INF/lib/jabsorb.jar
7f1648002000-7f1648004000 r--s 00008000 08:02 3412779                    /mnt/Informacion/NuevoBB/Liferay/tomcat-7.0.42/webapps/ROOT/WEB-INF/lib/httpmime.jar
7f1648004000-7f164800d000 r--s 0005f000 08:02 3412777                    /mnt/Informacion/NuevoBB/Liferay/tomcat-7.0.42/webapps/ROOT/WEB-INF/lib/httpclient.jar
7f164800d000-7f1648013000 r--s 00041000 08:02 3412776                    /mnt/Informacion/NuevoBB/Liferay/tomcat-7.0.42/webapps/ROOT/WEB-INF/lib/htmlparser.jar
7f1648013000-7f164801b000 r--s 00056000 08:02 3412774                    /mnt/Informacion/NuevoBB/Liferay/tomcat-7.0.42/webapps/ROOT/WEB-INF/lib/hessian.jar
7f164801b000-7f1648066000 r--s 00459000 08:02 3412773                    /mnt/Informacion/NuevoBB/Liferay/tomcat-7.0.42/webapps/ROOT/WEB-INF/lib/groovy.jar
7f1648066000-7f1648067000 r--s 00002000 08:02 3412772                    /mnt/Informacion/NuevoBB/Liferay/tomcat-7.0.42/webapps/ROOT/WEB-INF/lib/gif89.jar
7f1648067000-7f1648069000 r--s 0000e000 08:02 3412771                    /mnt/Informacion/NuevoBB/Liferay/tomcat-7.0.42/webapps/ROOT/WEB-INF/lib/freshcookies-security.jar
7f1648069000-7f1648079000 r--s 000d2000 08:02 3412769                    /mnt/Informacion/NuevoBB/Liferay/tomcat-7.0.42/webapps/ROOT/WEB-INF/lib/freemarker.jar
7f1648079000-7f164807d000 r--s 0002f000 08:02 3412768                    /mnt/Informacion/NuevoBB/Liferay/tomcat-7.0.42/webapps/ROOT/WEB-INF/lib/fontbox.jar
7f164807d000-7f164807f000 r--s 00014000 08:02 3412767                    /mnt/Informacion/NuevoBB/Liferay/tomcat-7.0.42/webapps/ROOT/WEB-INF/lib/flexjson.jar
7f164807f000-7f1648081000 r--s 00010000 08:02 3412766                    /mnt/Informacion/NuevoBB/Liferay/tomcat-7.0.42/webapps/ROOT/WEB-INF/lib/felix-fileinstall.jar
7f1648081000-7f16480fe000 r--s 004b2000 08:02 3412764                    /mnt/Informacion/NuevoBB/Liferay/tomcat-7.0.42/webapps/ROOT/WEB-INF/lib/ehcache.jar
7f16480fe000-7f1648100000 r--s 00009000 08:02 3412763                    /mnt/Informacion/NuevoBB/Liferay/tomcat-7.0.42/webapps/ROOT/WEB-INF/lib/ehcache-jgroupsreplication.jar
7f1648100000-7f1648108000 r--s 00057000 08:02 3412762                    /mnt/Informacion/NuevoBB/Liferay/tomcat-7.0.42/webapps/ROOT/WEB-INF/lib/ecs.jar
7f1648108000-7f1648154000 r--s 00528000 08:02 3412761                    /mnt/Informacion/NuevoBB/Liferay/tomcat-7.0.42/webapps/ROOT/WEB-INF/lib/eclipselink.jar
7f1648154000-7f1648156000 r--s 00001000 08:02 3412760                    /mnt/Informacion/NuevoBB/Liferay/tomcat-7.0.42/webapps/ROOT/WEB-INF/lib/eclipse-core-runtime.jar
7f1648156000-7f1648158000 r--s 0000c000 08:02 3412759                    /mnt/Informacion/NuevoBB/Liferay/tomcat-7.0.42/webapps/ROOT/WEB-INF/lib/easyconf.jar
7f1648158000-7f164815d000 r--s 00048000 08:02 3412758                    /mnt/Informacion/NuevoBB/Liferay/tomcat-7.0.42/webapps/ROOT/WEB-INF/lib/dom4j.jar
7f164815d000-7f1648161000 r--s 00032000 08:02 3412757                    /mnt/Informacion/NuevoBB/Liferay/tomcat-7.0.42/webapps/ROOT/WEB-INF/lib/displaytag.jar
7f1648161000-7f1648164000 r--s 00017000 08:02 3412756                    /mnt/Informacion/NuevoBB/Liferay/tomcat-7.0.42/webapps/ROOT/WEB-INF/lib/daisydiff.jar
7f1648164000-7f164816a000 r--s 00064000 08:02 3412755                    /mnt/Informacion/NuevoBB/Liferay/tomcat-7.0.42/webapps/ROOT/WEB-INF/lib/daim.jar
7f164816a000-7f164816b000 r--s 00001000 08:02 3412754                    /mnt/Informacion/NuevoBB/Liferay/tomcat-7.0.42/webapps/ROOT/WEB-INF/lib/crypt.jar
7f164816b000-7f1648172000 r--s 00028000 08:02 3412753                    /mnt/Informacion/NuevoBB/Liferay/tomcat-7.0.42/webapps/ROOT/WEB-INF/lib/concurrent.jar
7f1648172000-7f1648175000 r--s 0001f000 08:02 3412752                    /mnt/Informacion/NuevoBB/Liferay/tomcat-7.0.42/webapps/ROOT/WEB-INF/lib/commons-validator.jar
7f1648175000-7f1648178000 r--s 00015000 08:02 3412751                    /mnt/Informacion/NuevoBB/Liferay/tomcat-7.0.42/webapps/ROOT/WEB-INF/lib/commons-pool.jar
7f1648178000-7f1648187000 r--s 000ab000 08:02 3412750                    /mnt/Informacion/NuevoBB/Liferay/tomcat-7.0.42/webapps/ROOT/WEB-INF/lib/commons-math.jar
7f1648187000-7f1648189000 r--s 0000d000 08:02 3412749                    /mnt/Informacion/NuevoBB/Liferay/tomcat-7.0.42/webapps/ROOT/WEB-INF/lib/commons-logging.jar
7f1648189000-7f164818e000 r--s 00041000 08:02 3412748                    /mnt/Informacion/NuevoBB/Liferay/tomcat-7.0.42/webapps/ROOT/WEB-INF/lib/commons-lang.jar
7f164818e000-7f1648191000 r--s 00025000 08:02 3412747                    /mnt/Informacion/NuevoBB/Liferay/tomcat-7.0.42/webapps/ROOT/WEB-INF/lib/commons-io.jar
7f1648191000-7f1648197000 r--s 00045000 08:02 3412746                    /mnt/Informacion/NuevoBB/Liferay/tomcat-7.0.42/webapps/ROOT/WEB-INF/lib/commons-httpclient.jar
7f1648197000-7f1648199000 r--s 0000d000 08:02 3412745                    /mnt/Informacion/NuevoBB/Liferay/tomcat-7.0.42/webapps/ROOT/WEB-INF/lib/commons-fileupload.jar
7f1648199000-7f164819a000 r--s 00007000 08:02 3412744                    /mnt/Informacion/NuevoBB/Liferay/tomcat-7.0.42/webapps/ROOT/WEB-INF/lib/commons-email.jar
7f164819a000-7f164819d000 r--s 00010000 08:02 3412743                    /mnt/Informacion/NuevoBB/Liferay/tomcat-7.0.42/webapps/ROOT/WEB-INF/lib/commons-discovery.jar
7f164819d000-7f16481a1000 r--s 00020000 08:02 3412742                    /mnt/Informacion/NuevoBB/Liferay/tomcat-7.0.42/webapps/ROOT/WEB-INF/lib/commons-digester.jar
7f16481a1000-7f16481a3000 r--s 0001c000 08:02 3412741                    /mnt/Informacion/NuevoBB/Liferay/tomcat-7.0.42/webapps/ROOT/WEB-INF/lib/commons-dbcp.jar
7f16481a3000-7f16481a9000 r--s 00043000 08:02 3412740                    /mnt/Informacion/NuevoBB/Liferay/tomcat-7.0.42/webapps/ROOT/WEB-INF/lib/commons-configuration.jar
7f16481a9000-7f16481ae000 r--s 00036000 08:02 3412739                    /mnt/Informacion/NuevoBB/Liferay/tomcat-7.0.42/webapps/ROOT/WEB-INF/lib/commons-compress.jar
7f16481ae000-7f16481bc000 r--s 0007f000 08:02 3412738                    /mnt/Informacion/NuevoBB/Liferay/tomcat-7.0.42/webapps/ROOT/WEB-INF/lib/commons-collections.jar
7f16481bc000-7f16481be000 r--s 00010000 08:02 3412737                    /mnt/Informacion/NuevoBB/Liferay/tomcat-7.0.42/webapps/ROOT/WEB-INF/lib/commons-codec.jar
7f16481be000-7f16481c3000 r--s 00034000 08:02 3412736                    /mnt/Informacion/NuevoBB/Liferay/tomcat-7.0.42/webapps/ROOT/WEB-INF/lib/commons-beanutils.jar
7f16481c3000-7f16481cd000 r--s 0005c000 08:02 3412735                    /mnt/Informacion/NuevoBB/Liferay/tomcat-7.0.42/webapps/ROOT/WEB-INF/lib/chemistry-opencmis-commons-impl.jar
7f16481cd000-7f16481d2000 r--s 00012000 08:02 3412734                    /mnt/Informacion/NuevoBB/Liferay/tomcat-7.0.42/webapps/ROOT/WEB-INF/lib/chemistry-opencmis-commons-api.jar
7f16481d2000-7f16481d5000 r--s 0001f000 08:02 3412733                    /mnt/Informacion/NuevoBB/Liferay/tomcat-7.0.42/webapps/ROOT/WEB-INF/lib/chemistry-opencmis-client-impl.jar
7f16481d5000-7f16481db000 r--s 00033000 08:02 3412732                    /mnt/Informacion/NuevoBB/Liferay/tomcat-7.0.42/webapps/ROOT/WEB-INF/lib/chemistry-opencmis-client-bindings.jar
7f16481db000-7f16481dd000 r--s 00006000 08:02 3412731                    /mnt/Informacion/NuevoBB/Liferay/tomcat-7.0.42/webapps/ROOT/WEB-INF/lib/chemistry-opencmis-client-api.jar
7f16481dd000-7f16481df000 r--s 00005000 08:02 3412730                    /mnt/Informacion/NuevoBB/Liferay/tomcat-7.0.42/webapps/ROOT/WEB-INF/lib/chardet.jar
7f16481df000-7f16481e6000 r--s 0003e000 08:02 3412729                    /mnt/Informacion/NuevoBB/Liferay/tomcat-7.0.42/webapps/ROOT/WEB-INF/lib/cglib.jar
7f16481e6000-7f16481e7000 r--s 0000a000 08:02 3412728                    /mnt/Informacion/NuevoBB/Liferay/tomcat-7.0.42/webapps/ROOT/WEB-INF/lib/ccpp-ri.jar
7f16481e7000-7f16481e9000 r--s 0000e000 08:02 3412727                    /mnt/Informacion/NuevoBB/Liferay/tomcat-7.0.42/webapps/ROOT/WEB-INF/lib/cas-client-core.jar
7f16481e9000-7f16481f0000 r--s 00061000 08:02 3412726                    /mnt/Informacion/NuevoBB/Liferay/tomcat-7.0.42/webapps/ROOT/WEB-INF/lib/c3p0.jar
7f16481f0000-7f16481f5000 r--s 00040000 08:02 3412725                    /mnt/Informacion/NuevoBB/Liferay/tomcat-7.0.42/webapps/ROOT/WEB-INF/lib/bsh.jar
7f16481f5000-7f16481f8000 r--s 00019000 08:02 3412724                    /mnt/Informacion/NuevoBB/Liferay/tomcat-7.0.42/webapps/ROOT/WEB-INF/lib/bsf.jar
7f16481f8000-7f1648205000 r--s 00083000 08:02 3412720                    /mnt/Informacion/NuevoBB/Liferay/tomcat-7.0.42/webapps/ROOT/WEB-INF/lib/bobo-browse.jar
7f1648205000-7f164822a000 r--s 00172000 08:02 3412718                    /mnt/Informacion/NuevoBB/Liferay/tomcat-7.0.42/webapps/ROOT/WEB-INF/lib/bcprov.jar
7f164822a000-7f164822f000 r--s 00033000 08:02 3412717                    /mnt/Informacion/NuevoBB/Liferay/tomcat-7.0.42/webapps/ROOT/WEB-INF/lib/bcmail.jar
7f164822f000-7f1648237000 r--s 00049000 08:02 3412716                    /mnt/Informacion/NuevoBB/Liferay/tomcat-7.0.42/webapps/ROOT/WEB-INF/lib/backport-concurrent.jar
7f1648237000-7f164824b000 r--s 00174000 08:02 3412710                    /mnt/Informacion/NuevoBB/Liferay/tomcat-7.0.42/webapps/ROOT/WEB-INF/lib/axis.jar
7f164824b000-7f1648254000 r--s 0005d000 08:02 3412707                    /mnt/Informacion/NuevoBB/Liferay/tomcat-7.0.42/webapps/ROOT/WEB-INF/lib/axiom-api.jar
7f1648254000-7f164826b000 r--s 00195000 08:02 3412706                    /mnt/Informacion/NuevoBB/Liferay/tomcat-7.0.42/webapps/ROOT/WEB-INF/lib/aspectj-weaver.jar
7f164826b000-7f16482f3000 r--s 0068c000 08:02 2625687                    /mnt/Informacion/NuevoBB/Liferay/tomcat-7.0.42/lib/ext/portal-service.jar
7f16482f3000-7f16482f4000 ---p 00000000 00:00 0 
7f16482f4000-7f16483f4000 rw-p 00000000 00:00 0                          [stack:27103]
7f16483f4000-7f16483f7000 ---p 00000000 00:00 0 
7f16483f7000-7f16484f5000 rw-p 00000000 00:00 0                          [stack:27102]
7f16484f5000-7f16484f8000 ---p 00000000 00:00 0 
7f16484f8000-7f16485f6000 rw-p 00000000 00:00 0                          [stack:27101]
7f16485f6000-7f16485f9000 ---p 00000000 00:00 0 
7f16485f9000-7f16486f7000 rw-p 00000000 00:00 0                          [stack:27100]
7f16486f7000-7f16486fa000 ---p 00000000 00:00 0 
7f16486fa000-7f16487f8000 rw-p 00000000 00:00 0                          [stack:27099]
7f16487f8000-7f16487fb000 ---p 00000000 00:00 0 
7f16487fb000-7f16488f9000 rw-p 00000000 00:00 0                          [stack:27098]
7f16488f9000-7f16488fc000 ---p 00000000 00:00 0 
7f16488fc000-7f16489fa000 rw-p 00000000 00:00 0                          [stack:27097]
7f16489fa000-7f16489fd000 ---p 00000000 00:00 0 
7f16489fd000-7f1648afb000 rw-p 00000000 00:00 0                          [stack:27096]
7f1648afb000-7f1648afc000 ---p 00000000 00:00 0 
7f1648afc000-7f1649000000 rw-p 00000000 00:00 0                          [stack:27095]
7f1649000000-7f164b1a0000 rwxp 00000000 00:00 0 
7f164b1a0000-7f1658000000 ---p 00000000 00:00 0 
7f1658000000-7f165a14a000 rw-p 00000000 00:00 0 
7f165a14a000-7f165c000000 ---p 00000000 00:00 0 
7f165c000000-7f165c003000 r--s 0000f000 08:02 3412723                    /mnt/Informacion/NuevoBB/Liferay/tomcat-7.0.42/webapps/ROOT/WEB-INF/lib/boilerpipe.jar
7f165c003000-7f165c005000 r--s 00007000 08:02 3412709                    /mnt/Informacion/NuevoBB/Liferay/tomcat-7.0.42/webapps/ROOT/WEB-INF/lib/axis-ant.jar
7f165c005000-7f165c008000 r--s 0001b000 08:02 3412708                    /mnt/Informacion/NuevoBB/Liferay/tomcat-7.0.42/webapps/ROOT/WEB-INF/lib/axiom-impl.jar
7f165c008000-7f165c00c000 r--s 00019000 08:02 3412705                    /mnt/Informacion/NuevoBB/Liferay/tomcat-7.0.42/webapps/ROOT/WEB-INF/lib/aspectj-rt.jar
7f165c00c000-7f165c00d000 r--s 0000a000 08:02 3412704                    /mnt/Informacion/NuevoBB/Liferay/tomcat-7.0.42/webapps/ROOT/WEB-INF/lib/asm.jar
7f165c00d000-7f165c010000 r--s 0000a000 08:02 3412703                    /mnt/Informacion/NuevoBB/Liferay/tomcat-7.0.42/webapps/ROOT/WEB-INF/lib/asm-xml.jar
7f165c010000-7f165c011000 r--s 00008000 08:02 3412702                    /mnt/Informacion/NuevoBB/Liferay/tomcat-7.0.42/webapps/ROOT/WEB-INF/lib/asm-util.jar
7f165c011000-7f165c013000 r--s 00004000 08:02 3412701                    /mnt/Informacion/NuevoBB/Liferay/tomcat-7.0.42/webapps/ROOT/WEB-INF/lib/asm-tree.jar
7f165c013000-7f165c015000 r--s 00008000 08:02 3412700                    /mnt/Informacion/NuevoBB/Liferay/tomcat-7.0.42/webapps/ROOT/WEB-INF/lib/asm-commons.jar
7f165c015000-7f165c017000 r--s 00000000 08:02 3412698                    /mnt/Informacion/NuevoBB/Liferay/tomcat-7.0.42/webapps/ROOT/WEB-INF/lib/aopalliance.jar
7f165c017000-7f165c01e000 r--s 00083000 08:02 3412697                    /mnt/Informacion/NuevoBB/Liferay/tomcat-7.0.42/webapps/ROOT/WEB-INF/lib/antlr3.jar
7f165c01e000-7f165c021000 r--s 00017000 08:02 3412696                    /mnt/Informacion/NuevoBB/Liferay/tomcat-7.0.42/webapps/ROOT/WEB-INF/lib/antlr3-runtime.jar
7f165c021000-7f165c026000 r--s 00068000 08:02 3412695                    /mnt/Informacion/NuevoBB/Liferay/tomcat-7.0.42/webapps/ROOT/WEB-INF/lib/antlr2.jar
7f165c026000-7f165c044000 r--s 001bb000 08:02 3412694                    /mnt/Informacion/NuevoBB/Liferay/tomcat-7.0.42/webapps/ROOT/WEB-INF/lib/ant.jar
7f165c044000-7f165c047000 r--s 00068000 08:02 3412693                    /mnt/Informacion/NuevoBB/Liferay/tomcat-7.0.42/webapps/ROOT/WEB-INF/lib/alloy-taglib.jar
7f165c047000-7f165c05c000 r--s 00215000 08:02 3412692                    /mnt/Informacion/NuevoBB/Liferay/tomcat-7.0.42/webapps/ROOT/WEB-INF/lib/abdera.jar
7f165c05c000-7f165c05e000 r--s 00002000 08:02 2625690                    /mnt/Informacion/NuevoBB/Liferay/tomcat-7.0.42/lib/ext/support-tomcat.jar
7f165c05e000-7f165c064000 r--s 00077000 08:02 2625689                    /mnt/Informacion/NuevoBB/Liferay/tomcat-7.0.42/lib/ext/postgresql.jar
7f165c064000-7f165c066000 r--s 0000a000 08:02 2625688                    /mnt/Informacion/NuevoBB/Liferay/tomcat-7.0.42/lib/ext/portlet.jar
7f165c066000-7f165c06d000 r--s 000c7000 08:02 2625685                    /mnt/Informacion/NuevoBB/Liferay/tomcat-7.0.42/lib/ext/mysql.jar
7f165c06d000-7f165c074000 r--s 00051000 08:02 2625684                    /mnt/Informacion/NuevoBB/Liferay/tomcat-7.0.42/lib/ext/mail.jar
7f165c074000-7f165cc52000 rw-p 00000000 00:00 0 
7f165cc52000-7f165ce2a000 r--s 03d09000 fd:01 788410                     /opt/jdk1.8.0_40/jre/lib/rt.jar
7f165ce2a000-7f165da5e000 rw-p 00000000 00:00 0 
7f165da5e000-7f165da5f000 ---p 00000000 00:00 0 
7f165da5f000-7f165db5f000 rw-p 00000000 00:00 0                          [stack:27094]
7f165db5f000-7f165db60000 ---p 00000000 00:00 0 
7f165db60000-7f165dc60000 rw-p 00000000 00:00 0                          [stack:27093]
7f165dc60000-7f165dc61000 ---p 00000000 00:00 0 
7f165dc61000-7f165dd61000 rw-p 00000000 00:00 0                          [stack:27092]
7f165dd61000-7f165dd62000 ---p 00000000 00:00 0 
7f165dd62000-7f165de90000 rw-p 00000000 00:00 0                          [stack:27090]
7f165de90000-7f165e0e1000 ---p 00000000 00:00 0 
7f165e0e1000-7f165e10f000 rw-p 00000000 00:00 0 
7f165e10f000-7f165e35f000 ---p 00000000 00:00 0 
7f165e35f000-7f165e44f000 rw-p 00000000 00:00 0 
7f165e44f000-7f165e49f000 ---p 00000000 00:00 0 
7f165e49f000-7f165e527000 rw-p 00000000 00:00 0 
7f165e527000-7f165e860000 ---p 00000000 00:00 0 
7f165e860000-7f165e87a000 r-xp 00000000 fd:01 788609                     /opt/jdk1.8.0_40/jre/lib/amd64/libzip.so
7f165e87a000-7f165ea7a000 ---p 0001a000 fd:01 788609                     /opt/jdk1.8.0_40/jre/lib/amd64/libzip.so
7f165ea7a000-7f165ea7b000 rw-p 0001a000 fd:01 788609                     /opt/jdk1.8.0_40/jre/lib/amd64/libzip.so
7f165ea7b000-7f165ea86000 r-xp 00000000 fd:01 1445537                    /usr/lib64/libnss_files-2.17.so
7f165ea86000-7f165ec85000 ---p 0000b000 fd:01 1445537                    /usr/lib64/libnss_files-2.17.so
7f165ec85000-7f165ec86000 r--p 0000a000 fd:01 1445537                    /usr/lib64/libnss_files-2.17.so
7f165ec86000-7f165ec87000 rw-p 0000b000 fd:01 1445537                    /usr/lib64/libnss_files-2.17.so
7f165ec87000-7f165ecb1000 r-xp 00000000 fd:01 788604                     /opt/jdk1.8.0_40/jre/lib/amd64/libjava.so
7f165ecb1000-7f165eeb1000 ---p 0002a000 fd:01 788604                     /opt/jdk1.8.0_40/jre/lib/amd64/libjava.so
7f165eeb1000-7f165eeb3000 rw-p 0002a000 fd:01 788604                     /opt/jdk1.8.0_40/jre/lib/amd64/libjava.so
7f165eeb3000-7f165eec0000 r-xp 00000000 fd:01 788608                     /opt/jdk1.8.0_40/jre/lib/amd64/libverify.so
7f165eec0000-7f165f0c0000 ---p 0000d000 fd:01 788608                     /opt/jdk1.8.0_40/jre/lib/amd64/libverify.so
7f165f0c0000-7f165f0c2000 rw-p 0000d000 fd:01 788608                     /opt/jdk1.8.0_40/jre/lib/amd64/libverify.so
7f165f0c2000-7f165f0c9000 r-xp 00000000 fd:01 1445550                    /usr/lib64/librt-2.17.so
7f165f0c9000-7f165f2c8000 ---p 00007000 fd:01 1445550                    /usr/lib64/librt-2.17.so
7f165f2c8000-7f165f2c9000 r--p 00006000 fd:01 1445550                    /usr/lib64/librt-2.17.so
7f165f2c9000-7f165f2ca000 rw-p 00007000 fd:01 1445550                    /usr/lib64/librt-2.17.so
7f165f2ca000-7f165f3cb000 r-xp 00000000 fd:01 1445527                    /usr/lib64/libm-2.17.so
7f165f3cb000-7f165f5ca000 ---p 00101000 fd:01 1445527                    /usr/lib64/libm-2.17.so
7f165f5ca000-7f165f5cb000 r--p 00100000 fd:01 1445527                    /usr/lib64/libm-2.17.so
7f165f5cb000-7f165f5cc000 rw-p 00101000 fd:01 1445527                    /usr/lib64/libm-2.17.so
7f165f5cc000-7f166027a000 r-xp 00000000 fd:01 788587                     /opt/jdk1.8.0_40/jre/lib/amd64/server/libjvm.so
7f166027a000-7f1660479000 ---p 00cae000 fd:01 788587                     /opt/jdk1.8.0_40/jre/lib/amd64/server/libjvm.so
7f1660479000-7f1660550000 rw-p 00cad000 fd:01 788587                     /opt/jdk1.8.0_40/jre/lib/amd64/server/libjvm.so
7f1660550000-7f1660594000 rw-p 00000000 00:00 0 
7f1660594000-7f166074a000 r-xp 00000000 fd:01 1445518                    /usr/lib64/libc-2.17.so
7f166074a000-7f166094a000 ---p 001b6000 fd:01 1445518                    /usr/lib64/libc-2.17.so
7f166094a000-7f166094e000 r--p 001b6000 fd:01 1445518                    /usr/lib64/libc-2.17.so
7f166094e000-7f1660950000 rw-p 001ba000 fd:01 1445518                    /usr/lib64/libc-2.17.so
7f1660950000-7f1660955000 rw-p 00000000 00:00 0 
7f1660955000-7f1660958000 r-xp 00000000 fd:01 1445525                    /usr/lib64/libdl-2.17.so
7f1660958000-7f1660b57000 ---p 00003000 fd:01 1445525                    /usr/lib64/libdl-2.17.so
7f1660b57000-7f1660b58000 r--p 00002000 fd:01 1445525                    /usr/lib64/libdl-2.17.so
7f1660b58000-7f1660b59000 rw-p 00003000 fd:01 1445525                    /usr/lib64/libdl-2.17.so
7f1660b59000-7f1660b6e000 r-xp 00000000 fd:01 788582                     /opt/jdk1.8.0_40/jre/lib/amd64/jli/libjli.so
7f1660b6e000-7f1660d6e000 ---p 00015000 fd:01 788582                     /opt/jdk1.8.0_40/jre/lib/amd64/jli/libjli.so
7f1660d6e000-7f1660d6f000 rw-p 00015000 fd:01 788582                     /opt/jdk1.8.0_40/jre/lib/amd64/jli/libjli.so
7f1660d6f000-7f1660d85000 r-xp 00000000 fd:01 1445545                    /usr/lib64/libpthread-2.17.so
7f1660d85000-7f1660f85000 ---p 00016000 fd:01 1445545                    /usr/lib64/libpthread-2.17.so
7f1660f85000-7f1660f86000 r--p 00016000 fd:01 1445545                    /usr/lib64/libpthread-2.17.so
7f1660f86000-7f1660f87000 rw-p 00017000 fd:01 1445545                    /usr/lib64/libpthread-2.17.so
7f1660f87000-7f1660f8b000 rw-p 00000000 00:00 0 
7f1660f8b000-7f1660fac000 r-xp 00000000 fd:01 1445510                    /usr/lib64/ld-2.17.so
7f1660fac000-7f1660fb1000 r--s 0001c000 08:02 2625686                    /mnt/Informacion/NuevoBB/Liferay/tomcat-7.0.42/lib/ext/persistence.jar
7f1660fb1000-7f1660fb7000 r--s 00036000 08:02 2625682                    /mnt/Informacion/NuevoBB/Liferay/tomcat-7.0.42/lib/ext/junit.jar
7f1660fb7000-7f1660fc4000 r--s 0019a000 08:02 2625677                    /mnt/Informacion/NuevoBB/Liferay/tomcat-7.0.42/lib/ext/hsql.jar
7f1660fc4000-7f166108e000 rw-p 00000000 00:00 0 
7f166108e000-7f1661091000 ---p 00000000 00:00 0 
7f1661091000-7f1661193000 rw-p 00000000 00:00 0                          [stack:27087]
7f1661193000-7f1661194000 r--s 00004000 08:02 3412699                    /mnt/Informacion/NuevoBB/Liferay/tomcat-7.0.42/webapps/ROOT/WEB-INF/lib/asm-analysis.jar
7f1661194000-7f1661196000 r--s 00002000 08:02 2625683                    /mnt/Informacion/NuevoBB/Liferay/tomcat-7.0.42/lib/ext/jutf7.jar
7f1661196000-7f1661199000 r--s 00047000 08:02 2625681                    /mnt/Informacion/NuevoBB/Liferay/tomcat-7.0.42/lib/ext/jtds.jar
7f1661199000-7f166119b000 r--s 00002000 08:02 2625680                    /mnt/Informacion/NuevoBB/Liferay/tomcat-7.0.42/lib/ext/jta.jar
7f166119b000-7f166119d000 r--s 00005000 08:02 2625679                    /mnt/Informacion/NuevoBB/Liferay/tomcat-7.0.42/lib/ext/jms.jar
7f166119d000-7f166119e000 r--s 00003000 08:02 2625676                    /mnt/Informacion/NuevoBB/Liferay/tomcat-7.0.42/lib/ext/ccpp.jar
7f166119e000-7f16611a0000 r--s 0000c000 08:02 2625675                    /mnt/Informacion/NuevoBB/Liferay/tomcat-7.0.42/lib/ext/activation.jar
7f16611a0000-7f16611a8000 rw-s 00000000 fd:01 1051033                    /tmp/hsperfdata_edicson/27085
7f16611a8000-7f16611a9000 rw-p 00000000 00:00 0 
7f16611a9000-7f16611aa000 ---p 00000000 00:00 0 
7f16611aa000-7f16611ab000 rw-p 00000000 00:00 0 
7f16611ab000-7f16611ac000 r--p 00020000 fd:01 1445510                    /usr/lib64/ld-2.17.so
7f16611ac000-7f16611ad000 rw-p 00021000 fd:01 1445510                    /usr/lib64/ld-2.17.so
7f16611ad000-7f16611ae000 rw-p 00000000 00:00 0 
7fffb5273000-7fffb5299000 rw-p 00000000 00:00 0                          [stack]
7fffb52b5000-7fffb52b7000 r-xp 00000000 00:00 0                          [vdso]
ffffffffff600000-ffffffffff601000 r-xp 00000000 00:00 0                  [vsyscall]

VM Arguments:
jvm_args: -Dliferay.lib.portal.dir=/mnt/Informacion/NuevoBB/Liferay/tomcat-7.0.42/webapps/ROOT/WEB-INF/lib 
java_command: com.liferay.portal.tools.SassToCssBuilder sass.dir=/ sass.docroot.dir=/mnt/Informacion/NuevoBB/liferay-plugins-sdk-6.2/themes/ThemeClassic_NewVersion-theme/docroot sass.portal.common.dir=/mnt/Informacion/NuevoBB/Liferay/tomcat-7.0.42/webapps/ROOT/html/css/common
java_class_path (initial): /mnt/Informacion/NuevoBB/Liferay/tomcat-7.0.42/webapps/ROOT/WEB-INF/classes:/mnt/Informacion/NuevoBB/Liferay/tomcat-7.0.42/lib/ext/activation.jar:/mnt/Informacion/NuevoBB/Liferay/tomcat-7.0.42/lib/ext/ccpp.jar:/mnt/Informacion/NuevoBB/Liferay/tomcat-7.0.42/lib/ext/hsql.jar:/mnt/Informacion/NuevoBB/Liferay/tomcat-7.0.42/lib/ext/jms.jar:/mnt/Informacion/NuevoBB/Liferay/tomcat-7.0.42/lib/ext/jta.jar:/mnt/Informacion/NuevoBB/Liferay/tomcat-7.0.42/lib/ext/jtds.jar:/mnt/Informacion/NuevoBB/Liferay/tomcat-7.0.42/lib/ext/junit.jar:/mnt/Informacion/NuevoBB/Liferay/tomcat-7.0.42/lib/ext/jutf7.jar:/mnt/Informacion/NuevoBB/Liferay/tomcat-7.0.42/lib/ext/mail.jar:/mnt/Informacion/NuevoBB/Liferay/tomcat-7.0.42/lib/ext/mysql.jar:/mnt/Informacion/NuevoBB/Liferay/tomcat-7.0.42/lib/ext/persistence.jar:/mnt/Informacion/NuevoBB/Liferay/tomcat-7.0.42/lib/ext/portal-service.jar:/mnt/Informacion/NuevoBB/Liferay/tomcat-7.0.42/lib/ext/portlet.jar:/mnt/Informacion/NuevoBB/Liferay/tomcat-7.0.42/lib/ext/postgresql.jar:/mnt/Informacion/NuevoBB/Liferay/tomcat-7.0.42/lib/ext/support-tomcat.jar:/mnt/Informacion/NuevoBB/Liferay/tomcat-7.0.42/webapps/ROOT/WEB-INF/lib/abdera.jar:/mnt/Informacion/NuevoBB/Liferay/tomcat-7.0.42/webapps/ROOT/WEB-INF/lib/alloy-taglib.jar:/mnt/Informacion/NuevoBB/Liferay/tomcat-7.0.42/webapps/ROOT/WEB-INF/lib/ant.jar:/mnt/Informacion/NuevoBB/Liferay/tomcat-7.0.42/webapps/ROOT/WEB-INF/lib/antlr2.jar:/mnt/Informacion/NuevoBB/Liferay/tomcat-7.0.42/webapps/ROOT/WEB-INF/lib/antlr3-runtime.jar:/mnt/Informacion/NuevoBB/Liferay/tomcat-7.0.42/webapps/ROOT/WEB-INF/lib/antlr3.jar:/mnt/Informacion/NuevoBB/Liferay/tomcat-7.0.42/webapps/ROOT/WEB-INF/lib/aopalliance.jar:/mnt/Informacion/NuevoBB/Liferay/tomcat-7.0.42/webapps/ROOT/WEB-INF/lib/asm-analysis.jar:/mnt/Informacion/NuevoBB/Liferay/tomcat-7.0.42/webapps/ROOT/WEB-INF/lib/asm-commons.jar:/mnt/Informacion/NuevoBB/Liferay/tomcat-7.0.42/webapps/ROOT/WEB-INF/lib/asm-tree.jar:/mnt/Informacion/NuevoBB/Liferay/
Launcher Type: SUN_STANDARD

Environment Variables:
PATH=/usr/lib64/qt-3.3/bin:/usr/local/bin:/usr/local/sbin:/usr/bin:/usr/sbin:/bin:/sbin
USERNAME=edicson
SHELL=/bin/bash
DISPLAY=:0

Signal Handlers:
SIGSEGV: [libjvm.so+0xaad2e0], sa_mask[0]=11111111011111111101111111111110, sa_flags=SA_RESTART|SA_SIGINFO
SIGBUS: [libjvm.so+0xaad2e0], sa_mask[0]=11111111011111111101111111111110, sa_flags=SA_RESTART|SA_SIGINFO
SIGFPE: [libjvm.so+0x90b550], sa_mask[0]=11111111011111111101111111111110, sa_flags=SA_RESTART|SA_SIGINFO
SIGPIPE: [libjvm.so+0x90b550], sa_mask[0]=11111111011111111101111111111110, sa_flags=SA_RESTART|SA_SIGINFO
SIGXFSZ: [libjvm.so+0x90b550], sa_mask[0]=11111111011111111101111111111110, sa_flags=SA_RESTART|SA_SIGINFO
SIGILL: [libjvm.so+0x90b550], sa_mask[0]=11111111011111111101111111111110, sa_flags=SA_RESTART|SA_SIGINFO
SIGUSR1: SIG_DFL, sa_mask[0]=00000000000000000000000000000000, sa_flags=none
SIGUSR2: [libjvm.so+0x90cb90], sa_mask[0]=00100000000000000000000000000000, sa_flags=SA_RESTART|SA_SIGINFO
SIGHUP: [libjvm.so+0x90dee0], sa_mask[0]=11111111011111111101111111111110, sa_flags=SA_RESTART|SA_SIGINFO
SIGINT: [libjvm.so+0x90dee0], sa_mask[0]=11111111011111111101111111111110, sa_flags=SA_RESTART|SA_SIGINFO
SIGTERM: [libjvm.so+0x90dee0], sa_mask[0]=11111111011111111101111111111110, sa_flags=SA_RESTART|SA_SIGINFO
SIGQUIT: [libjvm.so+0x90dee0], sa_mask[0]=11111111011111111101111111111110, sa_flags=SA_RESTART|SA_SIGINFO


---------------  S Y S T E M  ---------------

OS:CentOS Linux release 7.0.1406 (Core) 

uname:Linux 3.10.0-123.el7.x86_64 #1 SMP Mon Jun 30 12:09:22 UTC 2014 x86_64
libc:glibc 2.17 NPTL 2.17 
rlimit: STACK 8192k, CORE 0k, NPROC 4096, NOFILE 4096, AS infinity
load average:3,21 1,38 1,08

/proc/meminfo:
MemTotal:        7844496 kB
MemFree:          101068 kB
MemAvailable:      82836 kB
Buffers:            1092 kB
Cached:           413716 kB
SwapCached:        33204 kB
Active:          6155376 kB
Inactive:        1279600 kB
Active(anon):    6121436 kB
Inactive(anon):  1247064 kB
Active(file):      33940 kB
Inactive(file):    32536 kB
Unevictable:         144 kB
Mlocked:             144 kB
SwapTotal:       3129340 kB
SwapFree:              0 kB
Dirty:                 0 kB
Writeback:             8 kB
AnonPages:       6987008 kB
Mapped:            76604 kB
Shmem:            348520 kB
Slab:             120304 kB
SReclaimable:      65992 kB
SUnreclaim:        54312 kB
KernelStack:        5688 kB
PageTables:        54344 kB
NFS_Unstable:          0 kB
Bounce:                0 kB
WritebackTmp:          0 kB
CommitLimit:     7051588 kB
Committed_AS:   13604744 kB
VmallocTotal:   34359738367 kB
VmallocUsed:      357404 kB
VmallocChunk:   34359347104 kB
HardwareCorrupted:     0 kB
AnonHugePages:   1392640 kB
HugePages_Total:       0
HugePages_Free:        0
HugePages_Rsvd:        0
HugePages_Surp:        0
Hugepagesize:       2048 kB
DirectMap4k:      113232 kB
DirectMap2M:     8108032 kB


CPU:total 4 (2 cores per cpu, 2 threads per core) family 6 model 58 stepping 9, cmov, cx8, fxsr, mmx, sse, sse2, sse3, ssse3, sse4.1, sse4.2, popcnt, avx, clmul, erms, ht, tsc, tscinvbit, tscinv

/proc/cpuinfo:
processor	: 0
vendor_id	: GenuineIntel
cpu family	: 6
model		: 58
model name	: Intel(R) Core(TM) i7-3537U CPU @ 2.00GHz
stepping	: 9
microcode	: 0x1b
cpu MHz		: 2899.902
cache size	: 4096 KB
physical id	: 0
siblings	: 4
core id		: 0
cpu cores	: 2
apicid		: 0
initial apicid	: 0
fpu		: yes
fpu_exception	: yes
cpuid level	: 13
wp		: yes
flags		: fpu vme de pse tsc msr pae mce cx8 apic sep mtrr pge mca cmov pat pse36 clflush dts acpi mmx fxsr sse sse2 ss ht tm pbe syscall nx rdtscp lm constant_tsc arch_perfmon pebs bts rep_good nopl xtopology nonstop_tsc aperfmperf eagerfpu pni pclmulqdq dtes64 monitor ds_cpl vmx est tm2 ssse3 cx16 xtpr pdcm pcid sse4_1 sse4_2 x2apic popcnt tsc_deadline_timer xsave avx f16c rdrand lahf_lm ida arat epb xsaveopt pln pts dtherm tpr_shadow vnmi flexpriority ept vpid fsgsbase smep erms
bogomips	: 4988.66
clflush size	: 64
cache_alignment	: 64
address sizes	: 36 bits physical, 48 bits virtual
power management:

processor	: 1
vendor_id	: GenuineIntel
cpu family	: 6
model		: 58
model name	: Intel(R) Core(TM) i7-3537U CPU @ 2.00GHz
stepping	: 9
microcode	: 0x1b
cpu MHz		: 2899.902
cache size	: 4096 KB
physical id	: 0
siblings	: 4
core id		: 0
cpu cores	: 2
apicid		: 1
initial apicid	: 1
fpu		: yes
fpu_exception	: yes
cpuid level	: 13
wp		: yes
flags		: fpu vme de pse tsc msr pae mce cx8 apic sep mtrr pge mca cmov pat pse36 clflush dts acpi mmx fxsr sse sse2 ss ht tm pbe syscall nx rdtscp lm constant_tsc arch_perfmon pebs bts rep_good nopl xtopology nonstop_tsc aperfmperf eagerfpu pni pclmulqdq dtes64 monitor ds_cpl vmx est tm2 ssse3 cx16 xtpr pdcm pcid sse4_1 sse4_2 x2apic popcnt tsc_deadline_timer xsave avx f16c rdrand lahf_lm ida arat epb xsaveopt pln pts dtherm tpr_shadow vnmi flexpriority ept vpid fsgsbase smep erms
bogomips	: 4988.66
clflush size	: 64
cache_alignment	: 64
address sizes	: 36 bits physical, 48 bits virtual
power management:

processor	: 2
vendor_id	: GenuineIntel
cpu family	: 6
model		: 58
model name	: Intel(R) Core(TM) i7-3537U CPU @ 2.00GHz
stepping	: 9
microcode	: 0x1b
cpu MHz		: 2899.902
cache size	: 4096 KB
physical id	: 0
siblings	: 4
core id		: 1
cpu cores	: 2
apicid		: 2
initial apicid	: 2
fpu		: yes
fpu_exception	: yes
cpuid level	: 13
wp		: yes
flags		: fpu vme de pse tsc msr pae mce cx8 apic sep mtrr pge mca cmov pat pse36 clflush dts acpi mmx fxsr sse sse2 ss ht tm pbe syscall nx rdtscp lm constant_tsc arch_perfmon pebs bts rep_good nopl xtopology nonstop_tsc aperfmperf eagerfpu pni pclmulqdq dtes64 monitor ds_cpl vmx est tm2 ssse3 cx16 xtpr pdcm pcid sse4_1 sse4_2 x2apic popcnt tsc_deadline_timer xsave avx f16c rdrand lahf_lm ida arat epb xsaveopt pln pts dtherm tpr_shadow vnmi flexpriority ept vpid fsgsbase smep erms
bogomips	: 4988.66
clflush size	: 64
cache_alignment	: 64
address sizes	: 36 bits physical, 48 bits virtual
power management:

processor	: 3
vendor_id	: GenuineIntel
cpu family	: 6
model		: 58
model name	: Intel(R) Core(TM) i7-3537U CPU @ 2.00GHz
stepping	: 9
microcode	: 0x1b
cpu MHz		: 2900.000
cache size	: 4096 KB
physical id	: 0
siblings	: 4
core id		: 1
cpu cores	: 2
apicid		: 3
initial apicid	: 3
fpu		: yes
fpu_exception	: yes
cpuid level	: 13
wp		: yes
flags		: fpu vme de pse tsc msr pae mce cx8 apic sep mtrr pge mca cmov pat pse36 clflush dts acpi mmx fxsr sse sse2 ss ht tm pbe syscall nx rdtscp lm constant_tsc arch_perfmon pebs bts rep_good nopl xtopology nonstop_tsc aperfmperf eagerfpu pni pclmulqdq dtes64 monitor ds_cpl vmx est tm2 ssse3 cx16 xtpr pdcm pcid sse4_1 sse4_2 x2apic popcnt tsc_deadline_timer xsave avx f16c rdrand lahf_lm ida arat epb xsaveopt pln pts dtherm tpr_shadow vnmi flexpriority ept vpid fsgsbase smep erms
bogomips	: 4988.66
clflush size	: 64
cache_alignment	: 64
address sizes	: 36 bits physical, 48 bits virtual
power management:



Memory: 4k page, physical 7844496k(101200k free), swap 3129340k(0k free)

vm_info: Java HotSpot(TM) 64-Bit Server VM (25.40-b25) for linux-amd64 JRE (1.8.0_40-b25), built on Feb 10 2015 21:29:53 by "java_re" with gcc 4.3.0 20080428 (Red Hat 4.3.0-8)

time: Fri Mar 13 13:37:13 2015
elapsed time: 35 seconds (0d 0h 0m 35s)

