#
# There is insufficient memory for the Java Runtime Environment to continue.
# Native memory allocation (mmap) failed to map 153092096 bytes for committing reserved memory.
# Possible reasons:
#   The system is out of physical RAM or swap space
#   In 32 bit mode, the process size limit was hit
# Possible solutions:
#   Reduce memory load on the system
#   Increase physical memory or swap space
#   Check if swap backing store is full
#   Use 64 bit Java on a 64 bit OS
#   Decrease Java heap size (-Xmx/-Xms)
#   Decrease number of Java threads
#   Decrease Java thread stack sizes (-Xss)
#   Set larger code cache with -XX:ReservedCodeCacheSize=
# This output file may be truncated or incomplete.
#
#  Out of Memory Error (os_linux.cpp:2673), pid=27520, tid=140125920012032
#
# JRE version: Java(TM) SE Runtime Environment (8.0_40-b25) (build 1.8.0_40-b25)
# Java VM: Java HotSpot(TM) 64-Bit Server VM (25.40-b25 mixed mode linux-amd64 compressed oops)
# Failed to write core dump. Core dumps have been disabled. To enable core dumping, try "ulimit -c unlimited" before starting Java again
#

---------------  T H R E A D  ---------------

Current thread (0x00007f71b8081000):  VMThread [stack: 0x00007f719b9fa000,0x00007f719bafb000] [id=27530]

Stack: [0x00007f719b9fa000,0x00007f719bafb000],  sp=0x00007f719baf90c0,  free space=1020k
Native frames: (J=compiled Java code, j=interpreted, Vv=VM code, C=native code)
V  [libjvm.so+0xaaca9a]  VMError::report_and_die()+0x2ba
V  [libjvm.so+0x4f333b]  report_vm_out_of_memory(char const*, int, unsigned long, VMErrorType, char const*)+0x8b
V  [libjvm.so+0x90e8c3]  os::Linux::commit_memory_impl(char*, unsigned long, bool)+0x103
V  [libjvm.so+0x90ee19]  os::pd_commit_memory(char*, unsigned long, unsigned long, bool)+0x29
V  [libjvm.so+0x90877a]  os::commit_memory(char*, unsigned long, unsigned long, bool)+0x2a
V  [libjvm.so+0x97bbc3]  PSVirtualSpace::expand_by(unsigned long)+0x53
V  [libjvm.so+0x97cfc8]  PSYoungGen::resize_generation(unsigned long, unsigned long)+0xf8
V  [libjvm.so+0x97c122]  PSYoungGen::resize(unsigned long, unsigned long)+0x22
V  [libjvm.so+0x9793fb]  PSScavenge::invoke_no_policy()+0xf7b
V  [libjvm.so+0x974655]  PSParallelCompact::invoke(bool)+0x85
V  [libjvm.so+0x47c264]  CollectedHeap::collect_as_vm_thread(GCCause::Cause)+0x114
V  [libjvm.so+0xaadcd1]  VM_CollectForMetadataAllocation::doit()+0x161
V  [libjvm.so+0xab5ac5]  VM_Operation::evaluate()+0x55
V  [libjvm.so+0xab3e9a]  VMThread::evaluate_operation(VM_Operation*)+0xba
V  [libjvm.so+0xab421e]  VMThread::loop()+0x1ce
V  [libjvm.so+0xab4690]  VMThread::run()+0x70
V  [libjvm.so+0x910ee8]  java_start(Thread*)+0x108

VM_Operation (0x00007f719b4f2ba0): CollectForMetadataAllocation, mode: safepoint, requested by thread 0x00007f71b80c4000


---------------  P R O C E S S  ---------------

Java Threads: ( => current thread )
  0x00007f71b80c9000 JavaThread "Service Thread" daemon [_thread_blocked, id=27537, stack(0x00007f719b2f3000,0x00007f719b3f4000)]
  0x00007f71b80c4000 JavaThread "C1 CompilerThread2" daemon [_thread_blocked, id=27536, stack(0x00007f719b3f4000,0x00007f719b4f5000)]
  0x00007f71b80c2800 JavaThread "C2 CompilerThread1" daemon [_thread_blocked, id=27535, stack(0x00007f719b4f5000,0x00007f719b5f6000)]
  0x00007f71b80bf800 JavaThread "C2 CompilerThread0" daemon [_thread_blocked, id=27534, stack(0x00007f719b5f6000,0x00007f719b6f7000)]
  0x00007f71b80be000 JavaThread "Signal Dispatcher" daemon [_thread_blocked, id=27533, stack(0x00007f719b6f7000,0x00007f719b7f8000)]
  0x00007f71b8088000 JavaThread "Finalizer" daemon [_thread_blocked, id=27532, stack(0x00007f719b7f8000,0x00007f719b8f9000)]
  0x00007f71b8086000 JavaThread "Reference Handler" daemon [_thread_blocked, id=27531, stack(0x00007f719b8f9000,0x00007f719b9fa000)]
  0x00007f71b8013000 JavaThread "main" [_thread_blocked, id=27522, stack(0x00007f71bfc0e000,0x00007f71bfd0f000)]

Other Threads:
=>0x00007f71b8081000 VMThread [stack: 0x00007f719b9fa000,0x00007f719bafb000] [id=27530]
  0x00007f71b80cb800 WatcherThread [stack: 0x00007f719b1f2000,0x00007f719b2f3000] [id=27538]

VM state:at safepoint (normal execution)

VM Mutex/Monitor currently owned by a thread:  ([mutex/lock_event])
[0x00007f71b8010a10] Threads_lock - owner thread: 0x00007f71b8081000
[0x00007f71b8010f10] Heap_lock - owner thread: 0x00007f71b80c4000
[0x00007f71b8011490] MethodData_lock - owner thread: 0x00007f71b80c4000

Heap:
 PSYoungGen      total 418304K, used 21477K [0x00000000d8180000, 0x00000000f2f00000, 0x0000000100000000)
  eden space 396800K, 0% used [0x00000000d8180000,0x00000000d8180000,0x00000000f0500000)
  from space 21504K, 99% used [0x00000000f0500000,0x00000000f19f9438,0x00000000f1a00000)
  to   space 16384K, 0% used [0x00000000f1e00000,0x00000000f1e00000,0x00000000f2e00000)
 ParOldGen       total 55296K, used 21677K [0x0000000088400000, 0x000000008ba00000, 0x00000000d8180000)
  object space 55296K, 39% used [0x0000000088400000,0x000000008992b470,0x000000008ba00000)
 Metaspace       used 32357K, capacity 35488K, committed 35496K, reserved 1079296K
  class space    used 5194K, capacity 6139K, committed 6144K, reserved 1048576K

Card table byte_map: [0x00007f71bcc61000,0x00007f71bd020000] byte_map_base: 0x00007f71bc81f000

Marking Bits: (ParMarkBitMap*) 0x00007f71bf0e96c0
 Begin Bits: [0x00007f71a0420000, 0x00007f71a2210000)
 End Bits:   [0x00007f71a2210000, 0x00007f71a4000000)

Polling page: 0x00007f71bfd29000

CodeCache: size=245760Kb used=27384Kb max_used=27389Kb free=218375Kb
 bounds [0x00007f71a9000000, 0x00007f71aab10000, 0x00007f71b8000000]
 total_blobs=6333 nmethods=5872 adapters=372
 compilation: enabled

Compilation events (10 events):
Event: 22,115 Thread 0x00007f71b80c2800 6550       4       java.nio.HeapByteBuffer::put (54 bytes)
Event: 22,115 Thread 0x00007f71b80c4000 nmethod 6551 0x00007f71a9a13350 code [0x00007f71a9a134c0, 0x00007f71a9a13648]
Event: 22,115 Thread 0x00007f71b80c4000 6552   !   3       org.jruby.RubyIO::readStatic (74 bytes)
Event: 22,116 Thread 0x00007f71b80c4000 nmethod 6552 0x00007f71aaa881d0 code [0x00007f71aaa883c0, 0x00007f71aaa88d68]
Event: 22,121 Thread 0x00007f71b80c2800 nmethod 6550 0x00007f71a987a290 code [0x00007f71a987a400, 0x00007f71a987a5f8]
Event: 22,123 Thread 0x00007f71b80c4000 6553       3       rubyjit.visit_import_A5C75C1C3699101BDC4F98F9F7C4D169C8CD3AF4::__file__ (10 bytes)
Event: 22,124 Thread 0x00007f71b80c4000 nmethod 6553 0x00007f71a9d19690 code [0x00007f71a9d19860, 0x00007f71a9d19fb8]
Event: 22,125 Thread 0x00007f71b80c4000 6554       3       org.jruby.RubyDigest$DigestClass$s$0$1$s_hexdigest::call (43 bytes)
Event: 22,126 Thread 0x00007f71b80c4000 nmethod 6554 0x00007f71a9d98690 code [0x00007f71a9d98820, 0x00007f71a9d98c18]
Event: 22,126 Thread 0x00007f71b80c4000 6555       3       org.jruby.RubyDigest$DigestClass::s_hexdigest (39 bytes)

GC Heap History (10 events):
Event: 4,162 GC heap after
Heap after GC invocations=5 (full 0):
 PSYoungGen      total 128000K, used 5091K [0x00000000d8180000, 0x00000000e8b80000, 0x0000000100000000)
  eden space 122880K, 0% used [0x00000000d8180000,0x00000000d8180000,0x00000000df980000)
  from space 5120K, 99% used [0x00000000df980000,0x00000000dfe78cb0,0x00000000dfe80000)
  to   space 13312K, 0% used [0x00000000e7e80000,0x00000000e7e80000,0x00000000e8b80000)
 ParOldGen       total 81920K, used 10823K [0x0000000088400000, 0x000000008d400000, 0x00000000d8180000)
  object space 81920K, 13% used [0x0000000088400000,0x0000000088e91da0,0x000000008d400000)
 Metaspace       used 19992K, capacity 20160K, committed 20224K, reserved 1064960K
  class space    used 3736K, capacity 3798K, committed 3840K, reserved 1048576K
}
Event: 4,501 GC heap before
{Heap before GC invocations=6 (full 0):
 PSYoungGen      total 128000K, used 22328K [0x00000000d8180000, 0x00000000e8b80000, 0x0000000100000000)
  eden space 122880K, 14% used [0x00000000d8180000,0x00000000d92554f8,0x00000000df980000)
  from space 5120K, 99% used [0x00000000df980000,0x00000000dfe78cb0,0x00000000dfe80000)
  to   space 13312K, 0% used [0x00000000e7e80000,0x00000000e7e80000,0x00000000e8b80000)
 ParOldGen       total 81920K, used 10823K [0x0000000088400000, 0x000000008d400000, 0x00000000d8180000)
  object space 81920K, 13% used [0x0000000088400000,0x0000000088e91da0,0x000000008d400000)
 Metaspace       used 21066K, capacity 21184K, committed 21296K, reserved 1067008K
  class space    used 3874K, capacity 3926K, committed 3968K, reserved 1048576K
Event: 4,528 GC heap after
Heap after GC invocations=6 (full 0):
 PSYoungGen      total 257024K, used 6191K [0x00000000d8180000, 0x00000000e8980000, 0x0000000100000000)
  eden space 245760K, 0% used [0x00000000d8180000,0x00000000d8180000,0x00000000e7180000)
  from space 11264K, 54% used [0x00000000e7e80000,0x00000000e848bd90,0x00000000e8980000)
  to   space 12288K, 0% used [0x00000000e7180000,0x00000000e7180000,0x00000000e7d80000)
 ParOldGen       total 81920K, used 10831K [0x0000000088400000, 0x000000008d400000, 0x00000000d8180000)
  object space 81920K, 13% used [0x0000000088400000,0x0000000088e93da0,0x000000008d400000)
 Metaspace       used 21066K, capacity 21184K, committed 21296K, reserved 1067008K
  class space    used 3874K, capacity 3926K, committed 3968K, reserved 1048576K
}
Event: 4,528 GC heap before
{Heap before GC invocations=7 (full 1):
 PSYoungGen      total 257024K, used 6191K [0x00000000d8180000, 0x00000000e8980000, 0x0000000100000000)
  eden space 245760K, 0% used [0x00000000d8180000,0x00000000d8180000,0x00000000e7180000)
  from space 11264K, 54% used [0x00000000e7e80000,0x00000000e848bd90,0x00000000e8980000)
  to   space 12288K, 0% used [0x00000000e7180000,0x00000000e7180000,0x00000000e7d80000)
 ParOldGen       total 81920K, used 10831K [0x0000000088400000, 0x000000008d400000, 0x00000000d8180000)
  object space 81920K, 13% used [0x0000000088400000,0x0000000088e93da0,0x000000008d400000)
 Metaspace       used 21066K, capacity 21184K, committed 21296K, reserved 1067008K
  class space    used 3874K, capacity 3926K, committed 3968K, reserved 1048576K
Event: 4,591 GC heap after
Heap after GC invocations=7 (full 1):
 PSYoungGen      total 257024K, used 0K [0x00000000d8180000, 0x00000000e8980000, 0x0000000100000000)
  eden space 245760K, 0% used [0x00000000d8180000,0x00000000d8180000,0x00000000e7180000)
  from space 11264K, 0% used [0x00000000e7e80000,0x00000000e7e80000,0x00000000e8980000)
  to   space 12288K, 0% used [0x00000000e7180000,0x00000000e7180000,0x00000000e7d80000)
 ParOldGen       total 55296K, used 7859K [0x0000000088400000, 0x000000008ba00000, 0x00000000d8180000)
  object space 55296K, 14% used [0x0000000088400000,0x0000000088bacfa0,0x000000008ba00000)
 Metaspace       used 21066K, capacity 21184K, committed 21296K, reserved 1067008K
  class space    used 3874K, capacity 3926K, committed 3968K, reserved 1048576K
}
Event: 9,730 GC heap before
{Heap before GC invocations=8 (full 1):
 PSYoungGen      total 257024K, used 245760K [0x00000000d8180000, 0x00000000e8980000, 0x0000000100000000)
  eden space 245760K, 100% used [0x00000000d8180000,0x00000000e7180000,0x00000000e7180000)
  from space 11264K, 0% used [0x00000000e7e80000,0x00000000e7e80000,0x00000000e8980000)
  to   space 12288K, 0% used [0x00000000e7180000,0x00000000e7180000,0x00000000e7d80000)
 ParOldGen       total 55296K, used 7859K [0x0000000088400000, 0x000000008ba00000, 0x00000000d8180000)
  object space 55296K, 14% used [0x0000000088400000,0x0000000088bacfa0,0x000000008ba00000)
 Metaspace       used 28049K, capacity 28592K, committed 28928K, reserved 1073152K
  class space    used 4769K, capacity 4996K, committed 5120K, reserved 1048576K
Event: 9,808 GC heap after
Heap after GC invocations=8 (full 1):
 PSYoungGen      total 258048K, used 12281K [0x00000000d8180000, 0x00000000f2e00000, 0x0000000100000000)
  eden space 245760K, 0% used [0x00000000d8180000,0x00000000d8180000,0x00000000e7180000)
  from space 12288K, 99% used [0x00000000e7180000,0x00000000e7d7e438,0x00000000e7d80000)
  to   space 16384K, 0% used [0x00000000f1e00000,0x00000000f1e00000,0x00000000f2e00000)
 ParOldGen       total 55296K, used 11766K [0x0000000088400000, 0x000000008ba00000, 0x00000000d8180000)
  object space 55296K, 21% used [0x0000000088400000,0x0000000088f7d9d8,0x000000008ba00000)
 Metaspace       used 28049K, capacity 28592K, committed 28928K, reserved 1073152K
  class space    used 4769K, capacity 4996K, committed 5120K, reserved 1048576K
}
Event: 15,442 GC heap before
{Heap before GC invocations=9 (full 1):
 PSYoungGen      total 258048K, used 258041K [0x00000000d8180000, 0x00000000f2e00000, 0x0000000100000000)
  eden space 245760K, 100% used [0x00000000d8180000,0x00000000e7180000,0x00000000e7180000)
  from space 12288K, 99% used [0x00000000e7180000,0x00000000e7d7e438,0x00000000e7d80000)
  to   space 16384K, 0% used [0x00000000f1e00000,0x00000000f1e00000,0x00000000f2e00000)
 ParOldGen       total 55296K, used 11766K [0x0000000088400000, 0x000000008ba00000, 0x00000000d8180000)
  object space 55296K, 21% used [0x0000000088400000,0x0000000088f7d9d8,0x000000008ba00000)
 Metaspace       used 30600K, capacity 32728K, committed 32896K, reserved 1077248K
  class space    used 5015K, capacity 5635K, committed 5760K, reserved 1048576K
Event: 15,503 GC heap after
Heap after GC invocations=9 (full 1):
 PSYoungGen      total 413184K, used 16354K [0x00000000d8180000, 0x00000000f2f00000, 0x0000000100000000)
  eden space 396800K, 0% used [0x00000000d8180000,0x00000000d8180000,0x00000000f0500000)
  from space 16384K, 99% used [0x00000000f1e00000,0x00000000f2df8930,0x00000000f2e00000)
  to   space 21504K, 0% used [0x00000000f0500000,0x00000000f0500000,0x00000000f1a00000)
 ParOldGen       total 55296K, used 16302K [0x0000000088400000, 0x000000008ba00000, 0x00000000d8180000)
  object space 55296K, 29% used [0x0000000088400000,0x00000000893ebbe0,0x000000008ba00000)
 Metaspace       used 30600K, capacity 32728K, committed 32896K, reserved 1077248K
  class space    used 5015K, capacity 5635K, committed 5760K, reserved 1048576K
}
Event: 22,126 GC heap before
{Heap before GC invocations=10 (full 1):
 PSYoungGen      total 413184K, used 397911K [0x00000000d8180000, 0x00000000f2f00000, 0x0000000100000000)
  eden space 396800K, 96% used [0x00000000d8180000,0x00000000ef61d438,0x00000000f0500000)
  from space 16384K, 99% used [0x00000000f1e00000,0x00000000f2df8930,0x00000000f2e00000)
  to   space 21504K, 0% used [0x00000000f0500000,0x00000000f0500000,0x00000000f1a00000)
 ParOldGen       total 55296K, used 16302K [0x0000000088400000, 0x000000008ba00000, 0x00000000d8180000)
  object space 55296K, 29% used [0x0000000088400000,0x00000000893ebbe0,0x000000008ba00000)
 Metaspace       used 32357K, capacity 35488K, committed 35496K, reserved 1079296K
  class space    used 5194K, capacity 6139K, committed 6144K, reserved 1048576K

Deoptimization events (10 events):
Event: 19,294 Thread 0x00007f71b8013000 Uncommon trap: reason=class_check action=maybe_recompile pc=0x00007f71aa2ae890 method=org.jruby.RubyBasicObject.hasVariables()Z @ 4
Event: 19,294 Thread 0x00007f71b8013000 Uncommon trap: reason=class_check action=maybe_recompile pc=0x00007f71a9fe5d8c method=org.jruby.RubyBasicObject.syncVariables(Lorg/jruby/runtime/builtin/IRubyObject;)V @ 14
Event: 20,645 Thread 0x00007f71b8013000 Uncommon trap: reason=unstable_if action=reinterpret pc=0x00007f71aa75ad50 method=org.jruby.RubyString.isEmpty()Z @ 7
Event: 21,177 Thread 0x00007f71b8013000 Uncommon trap: reason=unstable_if action=reinterpret pc=0x00007f71aa472618 method=org.jruby.RubyArray.join(Lorg/jruby/runtime/ThreadContext;Lorg/jruby/runtime/builtin/IRubyObject;)Lorg/jruby/runtime/builtin/IRubyObject; @ 9
Event: 21,189 Thread 0x00007f71b8013000 Uncommon trap: reason=unstable_if action=reinterpret pc=0x00007f71aa2d85a4 method=org.joni.Matcher.search(III)I @ 181
Event: 21,843 Thread 0x00007f71b8013000 Uncommon trap: reason=unstable_if action=reinterpret pc=0x00007f71aaa0e1d0 method=org.jruby.RubyArray.shift(Lorg/jruby/runtime/ThreadContext;)Lorg/jruby/runtime/builtin/IRubyObject; @ 13
Event: 21,843 Thread 0x00007f71b8013000 Uncommon trap: reason=class_check action=maybe_recompile pc=0x00007f71aa9b6888 method=org.jruby.internal.runtime.methods.DynamicMethod.call(Lorg/jruby/runtime/ThreadContext;Lorg/jruby/runtime/builtin/IRubyObject;Lorg/jruby/RubyModule;Ljava/lang/String;Lor
Event: 21,843 Thread 0x00007f71b8013000 Uncommon trap: reason=class_check action=maybe_recompile pc=0x00007f71aa9b6888 method=org.jruby.internal.runtime.methods.DynamicMethod.call(Lorg/jruby/runtime/ThreadContext;Lorg/jruby/runtime/builtin/IRubyObject;Lorg/jruby/RubyModule;Ljava/lang/String;Lor
Event: 21,843 Thread 0x00007f71b8013000 Uncommon trap: reason=class_check action=maybe_recompile pc=0x00007f71aa9b6888 method=org.jruby.internal.runtime.methods.DynamicMethod.call(Lorg/jruby/runtime/ThreadContext;Lorg/jruby/runtime/builtin/IRubyObject;Lorg/jruby/RubyModule;Ljava/lang/String;Lor
Event: 21,843 Thread 0x00007f71b8013000 Uncommon trap: reason=class_check action=maybe_recompile pc=0x00007f71aa9b6888 method=org.jruby.internal.runtime.methods.DynamicMethod.call(Lorg/jruby/runtime/ThreadContext;Lorg/jruby/runtime/builtin/IRubyObject;Lorg/jruby/RubyModule;Ljava/lang/String;Lor

Internal exceptions (10 events):
Event: 5,203 Thread 0x00007f71b8013000 Exception <a 'java/security/PrivilegedActionException'> (0x00000000db1cc018) thrown at [/HUDSON/workspace/8-2-build-linux-amd64/jdk8u40/2855/hotspot/src/share/vm/prims/jvm.cpp, line 1382]
Event: 5,203 Thread 0x00007f71b8013000 Exception <a 'java/security/PrivilegedActionException'> (0x00000000db1cc680) thrown at [/HUDSON/workspace/8-2-build-linux-amd64/jdk8u40/2855/hotspot/src/share/vm/prims/jvm.cpp, line 1382]
Event: 5,203 Thread 0x00007f71b8013000 Exception <a 'java/security/PrivilegedActionException'> (0x00000000db1ce2d8) thrown at [/HUDSON/workspace/8-2-build-linux-amd64/jdk8u40/2855/hotspot/src/share/vm/prims/jvm.cpp, line 1382]
Event: 5,203 Thread 0x00007f71b8013000 Exception <a 'java/security/PrivilegedActionException'> (0x00000000db1ce940) thrown at [/HUDSON/workspace/8-2-build-linux-amd64/jdk8u40/2855/hotspot/src/share/vm/prims/jvm.cpp, line 1382]
Event: 5,203 Thread 0x00007f71b8013000 Exception <a 'java/security/PrivilegedActionException'> (0x00000000db1d04e8) thrown at [/HUDSON/workspace/8-2-build-linux-amd64/jdk8u40/2855/hotspot/src/share/vm/prims/jvm.cpp, line 1382]
Event: 5,203 Thread 0x00007f71b8013000 Exception <a 'java/security/PrivilegedActionException'> (0x00000000db1d0b50) thrown at [/HUDSON/workspace/8-2-build-linux-amd64/jdk8u40/2855/hotspot/src/share/vm/prims/jvm.cpp, line 1382]
Event: 6,239 Thread 0x00007f71b8013000 Implicit null exception at 0x00007f71a9839fcb to 0x00007f71a983a07d
Event: 8,420 Thread 0x00007f71b8013000 Exception <a 'java/security/PrivilegedActionException'> (0x00000000e39bca80) thrown at [/HUDSON/workspace/8-2-build-linux-amd64/jdk8u40/2855/hotspot/src/share/vm/prims/jvm.cpp, line 1382]
Event: 8,420 Thread 0x00007f71b8013000 Exception <a 'java/security/PrivilegedActionException'> (0x00000000e39bcdc8) thrown at [/HUDSON/workspace/8-2-build-linux-amd64/jdk8u40/2855/hotspot/src/share/vm/prims/jvm.cpp, line 1382]
Event: 11,791 Thread 0x00007f71b8013000 Exception <a 'org/jruby/RubyContinuation$Continuation'> (0x00000000dc7a7ee0) thrown at [/HUDSON/workspace/8-2-build-linux-amd64/jdk8u40/2855/hotspot/src/share/vm/prims/jni.cpp, line 709]

Events (10 events):
Event: 21,856 loading class rubyjit/sass_path_AF77E71DBE853C2BD043A228EBF8C7726B14C73A done
Event: 21,863 loading class rubyjit/default_sass_path_A94F342A974FD8D014457AF983DB8457B18623B3
Event: 21,863 loading class rubyjit/default_sass_path_A94F342A974FD8D014457AF983DB8457B18623B3 done
Event: 21,865 loading class rubyjit/sass_dir_DCE486D72B15568B95BDC0CE187EF4DFCF886C4E
Event: 21,866 loading class rubyjit/sass_dir_DCE486D72B15568B95BDC0CE187EF4DFCF886C4E done
Event: 21,868 loading class rubyjit/sass_dir_CBBC98DC52134A0968EA765EC01949C0CD08842B
Event: 21,868 loading class rubyjit/sass_dir_CBBC98DC52134A0968EA765EC01949C0CD08842B done
Event: 21,870 loading class rubyjit/sass_dir_without_default_37DE20426EED4C25CB5DAC7896C1AFAF9C8589FD
Event: 21,870 loading class rubyjit/sass_dir_without_default_37DE20426EED4C25CB5DAC7896C1AFAF9C8589FD done
Event: 22,126 Executing VM operation: CollectForMetadataAllocation


Dynamic libraries:
00400000-00401000 r-xp 00000000 fd:01 788304                             /opt/jdk1.8.0_40/jre/bin/java
00600000-00601000 rw-p 00000000 fd:01 788304                             /opt/jdk1.8.0_40/jre/bin/java
01640000-01661000 rw-p 00000000 00:00 0                                  [heap]
88400000-8ba00000 rw-p 00000000 00:00 0 
8ba00000-d8180000 ---p 00000000 00:00 0 
d8180000-f2f00000 rw-p 00000000 00:00 0 
fc100000-100000000 ---p 00000000 00:00 0 
100000000-100600000 rw-p 00000000 00:00 0 
100600000-140000000 ---p 00000000 00:00 0 
7f7160000000-7f7160021000 rw-p 00000000 00:00 0 
7f7160021000-7f7164000000 ---p 00000000 00:00 0 
7f7168000000-7f71690be000 rw-p 00000000 00:00 0 
7f71690be000-7f716c000000 ---p 00000000 00:00 0 
7f716c000000-7f716c021000 rw-p 00000000 00:00 0 
7f716c021000-7f7170000000 ---p 00000000 00:00 0 
7f7170000000-7f71722da000 rw-p 00000000 00:00 0 
7f71722da000-7f7174000000 ---p 00000000 00:00 0 
7f7174000000-7f7175eaf000 rw-p 00000000 00:00 0 
7f7175eaf000-7f7178000000 ---p 00000000 00:00 0 
7f7178000000-7f7178021000 rw-p 00000000 00:00 0 
7f7178021000-7f717c000000 ---p 00000000 00:00 0 
7f717dad9000-7f7184000000 r--p 00000000 fd:01 1445511                    /usr/lib/locale/locale-archive
7f7184000000-7f7184021000 rw-p 00000000 00:00 0 
7f7184021000-7f7188000000 ---p 00000000 00:00 0 
7f7188000000-7f7188021000 rw-p 00000000 00:00 0 
7f7188021000-7f718c000000 ---p 00000000 00:00 0 
7f718c000000-7f718c021000 rw-p 00000000 00:00 0 
7f718c021000-7f7190000000 ---p 00000000 00:00 0 
7f7190000000-7f719028a000 rw-p 00000000 00:00 0 
7f719028a000-7f7194000000 ---p 00000000 00:00 0 
7f7194000000-7f7194021000 rw-p 00000000 00:00 0 
7f7194021000-7f7198000000 ---p 00000000 00:00 0 
7f719806d000-7f7198117000 rw-p 00000000 00:00 0 
7f7198117000-7f719826d000 ---p 00000000 00:00 0 
7f719826d000-7f719846d000 rw-p 00000000 00:00 0 
7f719846d000-7f719866d000 rw-p 00000000 00:00 0 
7f719866d000-7f719886d000 rw-p 00000000 00:00 0 
7f719886d000-7f7198a6d000 rw-p 00000000 00:00 0 
7f7198a6d000-7f7198a7e000 r-xp 00000000 fd:01 788616                     /opt/jdk1.8.0_40/jre/lib/amd64/libnio.so
7f7198a7e000-7f7198c7d000 ---p 00011000 fd:01 788616                     /opt/jdk1.8.0_40/jre/lib/amd64/libnio.so
7f7198c7d000-7f7198c7e000 rw-p 00010000 fd:01 788616                     /opt/jdk1.8.0_40/jre/lib/amd64/libnio.so
7f7198c7e000-7f7198e7e000 rw-p 00000000 00:00 0 
7f7198e7e000-7f719907e000 rw-p 00000000 00:00 0 
7f719907e000-7f719927e000 rw-p 00000000 00:00 0 
7f719927e000-7f719947e000 rw-p 00000000 00:00 0 
7f719947e000-7f719967e000 rw-p 00000000 00:00 0 
7f719967e000-7f719987e000 rw-p 00000000 00:00 0 
7f719987e000-7f7199881000 r-xp 00000000 fd:01 1445572                    /usr/lib64/libnss_myhostname.so.2
7f7199881000-7f7199a80000 ---p 00003000 fd:01 1445572                    /usr/lib64/libnss_myhostname.so.2
7f7199a80000-7f7199a81000 r--p 00002000 fd:01 1445572                    /usr/lib64/libnss_myhostname.so.2
7f7199a81000-7f7199a82000 rw-p 00000000 00:00 0 
7f7199a82000-7f7199a98000 r-xp 00000000 fd:01 1445548                    /usr/lib64/libresolv-2.17.so
7f7199a98000-7f7199c98000 ---p 00016000 fd:01 1445548                    /usr/lib64/libresolv-2.17.so
7f7199c98000-7f7199c99000 r--p 00016000 fd:01 1445548                    /usr/lib64/libresolv-2.17.so
7f7199c99000-7f7199c9a000 rw-p 00017000 fd:01 1445548                    /usr/lib64/libresolv-2.17.so
7f7199c9a000-7f7199c9c000 rw-p 00000000 00:00 0 
7f7199c9c000-7f7199ca1000 r-xp 00000000 fd:01 1445535                    /usr/lib64/libnss_dns-2.17.so
7f7199ca1000-7f7199ea0000 ---p 00005000 fd:01 1445535                    /usr/lib64/libnss_dns-2.17.so
7f7199ea0000-7f7199ea1000 r--p 00004000 fd:01 1445535                    /usr/lib64/libnss_dns-2.17.so
7f7199ea1000-7f7199ea2000 rw-p 00005000 fd:01 1445535                    /usr/lib64/libnss_dns-2.17.so
7f7199eb3000-7f7199eb4000 rw-p 00000000 00:00 0 
7f7199eb4000-7f7199eb9000 r--s 00094000 fd:01 788460                     /opt/jdk1.8.0_40/jre/lib/jsse.jar
7f7199eb9000-7f7199ecf000 r-xp 00000000 fd:01 788613                     /opt/jdk1.8.0_40/jre/lib/amd64/libnet.so
7f7199ecf000-7f719a0cf000 ---p 00016000 fd:01 788613                     /opt/jdk1.8.0_40/jre/lib/amd64/libnet.so
7f719a0cf000-7f719a0d0000 rw-p 00016000 fd:01 788613                     /opt/jdk1.8.0_40/jre/lib/amd64/libnet.so
7f719a0d0000-7f719a0d7000 r--s 00000000 fd:01 1574830                    /usr/lib64/gconv/gconv-modules.cache
7f719a0d7000-7f719a0fc000 r--p 00000000 fd:01 1443182                    /usr/share/locale/es/LC_MESSAGES/libc.mo
7f719a0fc000-7f719a103000 r-xp 00000000 fd:01 788624                     /opt/jdk1.8.0_40/jre/lib/amd64/libawt_headless.so
7f719a103000-7f719a302000 ---p 00007000 fd:01 788624                     /opt/jdk1.8.0_40/jre/lib/amd64/libawt_headless.so
7f719a302000-7f719a303000 rw-p 00006000 fd:01 788624                     /opt/jdk1.8.0_40/jre/lib/amd64/libawt_headless.so
7f719a303000-7f719a3a5000 r-xp 00000000 fd:01 788606                     /opt/jdk1.8.0_40/jre/lib/amd64/libawt.so
7f719a3a5000-7f719a5a5000 ---p 000a2000 fd:01 788606                     /opt/jdk1.8.0_40/jre/lib/amd64/libawt.so
7f719a5a5000-7f719a5b1000 rw-p 000a2000 fd:01 788606                     /opt/jdk1.8.0_40/jre/lib/amd64/libawt.so
7f719a5b1000-7f719a5d5000 rw-p 00000000 00:00 0 
7f719a5d5000-7f719a5da000 r--s 002f8000 fd:01 788408                     /opt/jdk1.8.0_40/jre/lib/charsets.jar
7f719a5da000-7f719a5f6000 r--s 00393000 fd:01 788464                     /opt/jdk1.8.0_40/jre/lib/ext/cldrdata.jar
7f719a5f6000-7f719a601000 r--s 00116000 fd:01 788470                     /opt/jdk1.8.0_40/jre/lib/ext/localedata.jar
7f719a601000-7f719a605000 r--s 00028000 08:02 2756631                    /mnt/Informacion/NuevoBB/liferay-plugins-sdk-6.2/lib/qdox.jar
7f719a605000-7f719a608000 r--s 00016000 08:02 2756628                    /mnt/Informacion/NuevoBB/liferay-plugins-sdk-6.2/lib/jsp-api.jar
7f719a608000-7f719a60b000 r--s 00012000 08:02 2754194                    /mnt/Informacion/NuevoBB/liferay-plugins-sdk-6.2/lib/javax.servlet-api.jar
7f719a60b000-7f719a60c000 r--s 00002000 08:02 2756606                    /mnt/Informacion/NuevoBB/liferay-plugins-sdk-6.2/lib/jargs.jar
7f719a60c000-7f719a60e000 r--s 0000e000 08:02 2756622                    /mnt/Informacion/NuevoBB/liferay-plugins-sdk-6.2/lib/activation.jar
7f719a60e000-7f719a612000 r--s 00014000 08:02 3412939                    /mnt/Informacion/NuevoBB/Liferay/tomcat-7.0.42/webapps/ROOT/WEB-INF/lib/xz.jar
7f719a612000-7f719a619000 r--s 0005c000 08:02 3412938                    /mnt/Informacion/NuevoBB/Liferay/tomcat-7.0.42/webapps/ROOT/WEB-INF/lib/xuggle-xuggler-noarch.jar
7f719a619000-7f719a625000 r--s 0006a000 08:02 3412937                    /mnt/Informacion/NuevoBB/Liferay/tomcat-7.0.42/webapps/ROOT/WEB-INF/lib/xstream.jar
7f719a625000-7f719a627000 r--s 00005000 08:02 3412936                    /mnt/Informacion/NuevoBB/Liferay/tomcat-7.0.42/webapps/ROOT/WEB-INF/lib/xpp3.jar
7f719a627000-7f719a629000 r--s 0001b000 08:02 3412935                    /mnt/Informacion/NuevoBB/Liferay/tomcat-7.0.42/webapps/ROOT/WEB-INF/lib/xmpcore.jar
7f719a629000-7f719a635000 r--s 00063000 08:02 3412934                    /mnt/Informacion/NuevoBB/Liferay/tomcat-7.0.42/webapps/ROOT/WEB-INF/lib/xmlsec.jar
7f719a635000-7f719a638000 r--s 00029000 08:02 3412930                    /mnt/Informacion/NuevoBB/Liferay/tomcat-7.0.42/webapps/ROOT/WEB-INF/lib/xbean-spring.jar
7f719a638000-7f719a651000 r--s 00135000 08:02 3412932                    /mnt/Informacion/NuevoBB/Liferay/tomcat-7.0.42/webapps/ROOT/WEB-INF/lib/xercesImpl.jar
7f719a651000-7f719a676000 r--s 002e3000 08:02 3412929                    /mnt/Informacion/NuevoBB/Liferay/tomcat-7.0.42/webapps/ROOT/WEB-INF/lib/xalan.jar
7f719a676000-7f719a67c000 r--s 00079000 08:02 3412928                    /mnt/Informacion/NuevoBB/Liferay/tomcat-7.0.42/webapps/ROOT/WEB-INF/lib/wstx.jar
7f719a67c000-7f719a681000 r--s 00020000 08:02 3412927                    /mnt/Informacion/NuevoBB/Liferay/tomcat-7.0.42/webapps/ROOT/WEB-INF/lib/wsdl4j.jar
7f719a681000-7f719a682000 r--s 00003000 08:02 3412926                    /mnt/Informacion/NuevoBB/Liferay/tomcat-7.0.42/webapps/ROOT/WEB-INF/lib/vorbis-java-tika.jar
7f719a682000-7f719a684000 r--s 0000a000 08:02 3412925                    /mnt/Informacion/NuevoBB/Liferay/tomcat-7.0.42/webapps/ROOT/WEB-INF/lib/vorbis-java-core.jar
7f719a684000-7f719a68c000 r--s 0005f000 08:02 3412924                    /mnt/Informacion/NuevoBB/Liferay/tomcat-7.0.42/webapps/ROOT/WEB-INF/lib/velocity.jar
7f719a68c000-7f719a68f000 r--s 00020000 08:02 3412923                    /mnt/Informacion/NuevoBB/Liferay/tomcat-7.0.42/webapps/ROOT/WEB-INF/lib/velocity-tools.jar
7f719a68f000-7f719a6c7000 r--s 004a2000 08:02 3412922                    /mnt/Informacion/NuevoBB/Liferay/tomcat-7.0.42/webapps/ROOT/WEB-INF/lib/vaadin.jar
7f719a6c7000-7f719a6ce000 r--s 0005e000 08:02 3412921                    /mnt/Informacion/NuevoBB/Liferay/tomcat-7.0.42/webapps/ROOT/WEB-INF/lib/util-taglib.jar
7f719a6ce000-7f719a6cf000 r--s 00001000 08:02 3412920                    /mnt/Informacion/NuevoBB/Liferay/tomcat-7.0.42/webapps/ROOT/WEB-INF/lib/util-slf4j.jar
7f719a6cf000-7f719a6d3000 r--s 00030000 08:02 3412919                    /mnt/Informacion/NuevoBB/Liferay/tomcat-7.0.42/webapps/ROOT/WEB-INF/lib/util-java.jar
7f719a6d3000-7f719a6d5000 r--s 00010000 08:02 3412918                    /mnt/Informacion/NuevoBB/Liferay/tomcat-7.0.42/webapps/ROOT/WEB-INF/lib/util-bridges.jar
7f719a6d5000-7f719a6d8000 r--s 00020000 08:02 3412917                    /mnt/Informacion/NuevoBB/Liferay/tomcat-7.0.42/webapps/ROOT/WEB-INF/lib/urlrewrite.jar
7f719a6d8000-7f719a706000 r--s 000e5000 08:02 3412916                    /mnt/Informacion/NuevoBB/Liferay/tomcat-7.0.42/webapps/ROOT/WEB-INF/lib/unoil.jar
7f719a706000-7f719a711000 r--s 0006c000 08:02 3412915                    /mnt/Informacion/NuevoBB/Liferay/tomcat-7.0.42/webapps/ROOT/WEB-INF/lib/truezip.jar
7f719a711000-7f719a714000 r--s 0001c000 08:02 3412914                    /mnt/Informacion/NuevoBB/Liferay/tomcat-7.0.42/webapps/ROOT/WEB-INF/lib/tomcat-jdbc.jar
7f719a714000-7f719a71c000 r--s 0006f000 08:02 3412913                    /mnt/Informacion/NuevoBB/Liferay/tomcat-7.0.42/webapps/ROOT/WEB-INF/lib/tika-parsers.jar
7f719a71c000-7f719a723000 r--s 0006e000 08:02 3412912                    /mnt/Informacion/NuevoBB/Liferay/tomcat-7.0.42/webapps/ROOT/WEB-INF/lib/tika-core.jar
7f719a723000-7f719a725000 r--s 00015000 08:02 3412911                    /mnt/Informacion/NuevoBB/Liferay/tomcat-7.0.42/webapps/ROOT/WEB-INF/lib/tagsoup.jar
7f719a725000-7f719a72e000 r--s 0007f000 08:02 3412910                    /mnt/Informacion/NuevoBB/Liferay/tomcat-7.0.42/webapps/ROOT/WEB-INF/lib/struts.jar
7f719a72e000-7f719a732000 r--s 00030000 08:02 3412909                    /mnt/Informacion/NuevoBB/Liferay/tomcat-7.0.42/webapps/ROOT/WEB-INF/lib/struts-el.jar
7f719a732000-7f719a735000 r--s 00025000 08:02 3412908                    /mnt/Informacion/NuevoBB/Liferay/tomcat-7.0.42/webapps/ROOT/WEB-INF/lib/stringtemplate.jar
7f719a735000-7f719a737000 r--s 00005000 08:02 3412906                    /mnt/Informacion/NuevoBB/Liferay/tomcat-7.0.42/webapps/ROOT/WEB-INF/lib/stax.jar
7f719a737000-7f719a741000 r--s 00058000 08:02 3412904                    /mnt/Informacion/NuevoBB/Liferay/tomcat-7.0.42/webapps/ROOT/WEB-INF/lib/spring-web.jar
7f719a741000-7f719a743000 r--s 00006000 08:02 3412903                    /mnt/Informacion/NuevoBB/Liferay/tomcat-7.0.42/webapps/ROOT/WEB-INF/lib/spring-web-struts.jar
7f719a743000-7f719a74c000 r--s 0005e000 08:02 3412902                    /mnt/Informacion/NuevoBB/Liferay/tomcat-7.0.42/webapps/ROOT/WEB-INF/lib/spring-web-servlet.jar
7f719a74c000-7f719a750000 r--s 00027000 08:02 3412901                    /mnt/Informacion/NuevoBB/Liferay/tomcat-7.0.42/webapps/ROOT/WEB-INF/lib/spring-web-portlet.jar
7f719a750000-7f719a757000 r--s 00032000 08:02 3412900                    /mnt/Informacion/NuevoBB/Liferay/tomcat-7.0.42/webapps/ROOT/WEB-INF/lib/spring-transaction.jar
7f719a757000-7f719a759000 r--s 0000d000 08:02 3412899                    /mnt/Informacion/NuevoBB/Liferay/tomcat-7.0.42/webapps/ROOT/WEB-INF/lib/spring-oxm.jar
7f719a759000-7f719a761000 r--s 0004a000 08:02 3412898                    /mnt/Informacion/NuevoBB/Liferay/tomcat-7.0.42/webapps/ROOT/WEB-INF/lib/spring-orm.jar
7f719a761000-7f719a766000 r--s 00029000 08:02 3412897                    /mnt/Informacion/NuevoBB/Liferay/tomcat-7.0.42/webapps/ROOT/WEB-INF/lib/spring-jms.jar
7f719a766000-7f719a770000 r--s 00055000 08:02 3412896                    /mnt/Informacion/NuevoBB/Liferay/tomcat-7.0.42/webapps/ROOT/WEB-INF/lib/spring-jdbc.jar
7f719a770000-7f719a774000 r--s 00026000 08:02 3412895                    /mnt/Informacion/NuevoBB/Liferay/tomcat-7.0.42/webapps/ROOT/WEB-INF/lib/spring-expression.jar
7f719a774000-7f719a77d000 r--s 00055000 08:02 3412894                    /mnt/Informacion/NuevoBB/Liferay/tomcat-7.0.42/webapps/ROOT/WEB-INF/lib/spring-core.jar
7f719a77d000-7f719a78e000 r--s 00093000 08:02 3412893                    /mnt/Informacion/NuevoBB/Liferay/tomcat-7.0.42/webapps/ROOT/WEB-INF/lib/spring-context.jar
7f719a78e000-7f719a791000 r--s 00016000 08:02 3412892                    /mnt/Informacion/NuevoBB/Liferay/tomcat-7.0.42/webapps/ROOT/WEB-INF/lib/spring-context-support.jar
7f719a791000-7f719a79c000 r--s 0007d000 08:02 3412891                    /mnt/Informacion/NuevoBB/Liferay/tomcat-7.0.42/webapps/ROOT/WEB-INF/lib/spring-beans.jar
7f719a79c000-7f719a79e000 r--s 00007000 08:02 3412890                    /mnt/Informacion/NuevoBB/Liferay/tomcat-7.0.42/webapps/ROOT/WEB-INF/lib/spring-aspects.jar
7f719a79e000-7f719a79f000 r--s 0000c000 08:02 3412889                    /mnt/Informacion/NuevoBB/Liferay/tomcat-7.0.42/webapps/ROOT/WEB-INF/lib/spring-asm.jar
7f719a79f000-7f719a7a8000 r--s 00046000 08:02 3412888                    /mnt/Informacion/NuevoBB/Liferay/tomcat-7.0.42/webapps/ROOT/WEB-INF/lib/spring-aop.jar
7f719a7a8000-7f719a7ac000 r--s 00032000 08:02 3412887                    /mnt/Informacion/NuevoBB/Liferay/tomcat-7.0.42/webapps/ROOT/WEB-INF/lib/soap.jar
7f719a7ac000-7f719a7ae000 r--s 00005000 08:02 3412886                    /mnt/Informacion/NuevoBB/Liferay/tomcat-7.0.42/webapps/ROOT/WEB-INF/lib/slf4j-api.jar
7f719a7ae000-7f719a7b0000 r--s 00016000 08:02 3412885                    /mnt/Informacion/NuevoBB/Liferay/tomcat-7.0.42/webapps/ROOT/WEB-INF/lib/simplecaptcha.jar
7f719a7b0000-7f719a7b9000 r--s 0002d000 08:02 3412933                    /mnt/Informacion/NuevoBB/Liferay/tomcat-7.0.42/webapps/ROOT/WEB-INF/lib/xml-apis.jar
7f719a7b9000-7f719a7bc000 r--s 00041000 08:02 3412884                    /mnt/Informacion/NuevoBB/Liferay/tomcat-7.0.42/webapps/ROOT/WEB-INF/lib/serializer.jar
7f719a7bc000-7f719a7be000 r--s 00007000 08:02 3412883                    /mnt/Informacion/NuevoBB/Liferay/tomcat-7.0.42/webapps/ROOT/WEB-INF/lib/scribe.jar
7f719a7be000-7f719a83c000 r--s 007f5000 08:02 3412882                    /mnt/Informacion/NuevoBB/Liferay/tomcat-7.0.42/webapps/ROOT/WEB-INF/lib/scala-library.jar
7f719a83c000-7f719a870000 r--s 00466000 08:02 3412879                    /mnt/Informacion/NuevoBB/Liferay/tomcat-7.0.42/webapps/ROOT/WEB-INF/lib/ruby-gems.jar
7f719a870000-7f719a874000 r--s 00032000 08:02 3412878                    /mnt/Informacion/NuevoBB/Liferay/tomcat-7.0.42/webapps/ROOT/WEB-INF/lib/rome.jar
7f719a874000-7f719a8b2000 r--s 0025b000 08:02 3412931                    /mnt/Informacion/NuevoBB/Liferay/tomcat-7.0.42/webapps/ROOT/WEB-INF/lib/xbean.jar
7f719a8b2000-7f719a8ba000 r--s 000bf000 08:02 3412876                    /mnt/Informacion/NuevoBB/Liferay/tomcat-7.0.42/webapps/ROOT/WEB-INF/lib/rhino.jar
7f719a8ba000-7f719a8bb000 r--s 00003000 08:02 3412875                    /mnt/Informacion/NuevoBB/Liferay/tomcat-7.0.42/webapps/ROOT/WEB-INF/lib/rdffilter.jar
7f719a8bb000-7f719a8c4000 r--s 00085000 08:02 3412874                    /mnt/Informacion/NuevoBB/Liferay/tomcat-7.0.42/webapps/ROOT/WEB-INF/lib/quartz.jar
7f719a8c4000-7f719a8c6000 r--s 0000e000 08:02 3412873                    /mnt/Informacion/NuevoBB/Liferay/tomcat-7.0.42/webapps/ROOT/WEB-INF/lib/portletbridge-portlet.jar
7f719a8c6000-7f719a8c8000 r--s 00007000 08:02 3412872                    /mnt/Informacion/NuevoBB/Liferay/tomcat-7.0.42/webapps/ROOT/WEB-INF/lib/portletbridge-core.jar
7f719a8c8000-7f719a8ca000 r--s 00010000 08:02 3412871                    /mnt/Informacion/NuevoBB/Liferay/tomcat-7.0.42/webapps/ROOT/WEB-INF/lib/portals-bridges.jar
7f719a8ca000-7f719a8ce000 r--s 00020000 08:02 3412870                    /mnt/Informacion/NuevoBB/Liferay/tomcat-7.0.42/webapps/ROOT/WEB-INF/lib/portal-pacl.jar
7f719a8ce000-7f719a97d000 r--s 01c70000 08:02 3412869                    /mnt/Informacion/NuevoBB/Liferay/tomcat-7.0.42/webapps/ROOT/WEB-INF/lib/portal-impl.jar
7f719a97d000-7f719a9a8000 r--s 0024e000 08:02 3412868                    /mnt/Informacion/NuevoBB/Liferay/tomcat-7.0.42/webapps/ROOT/WEB-INF/lib/portal-client.jar
7f719a9a8000-7f719a9c8000 r--s 001a9000 08:02 3412867                    /mnt/Informacion/NuevoBB/Liferay/tomcat-7.0.42/webapps/ROOT/WEB-INF/lib/poi.jar
7f719a9c8000-7f719a9d9000 r--s 0011b000 08:02 3412866                    /mnt/Informacion/NuevoBB/Liferay/tomcat-7.0.42/webapps/ROOT/WEB-INF/lib/poi-scratchpad.jar
7f719a9d9000-7f719a9e5000 r--s 000d9000 08:02 3412865                    /mnt/Informacion/NuevoBB/Liferay/tomcat-7.0.42/webapps/ROOT/WEB-INF/lib/poi-ooxml.jar
7f719a9e5000-7f719aa79000 r--s 00401000 08:02 3412864                    /mnt/Informacion/NuevoBB/Liferay/tomcat-7.0.42/webapps/ROOT/WEB-INF/lib/poi-ooxml-schemas.jar
7f719aa79000-7f719aa8f000 r--s 003b1000 08:02 3412863                    /mnt/Informacion/NuevoBB/Liferay/tomcat-7.0.42/webapps/ROOT/WEB-INF/lib/pdfbox.jar
7f719aa8f000-7f719aa92000 r--s 0001e000 08:02 3412862                    /mnt/Informacion/NuevoBB/Liferay/tomcat-7.0.42/webapps/ROOT/WEB-INF/lib/oscache.jar
7f719aa92000-7f719aa94000 r--s 0000e000 08:02 3412861                    /mnt/Informacion/NuevoBB/Liferay/tomcat-7.0.42/webapps/ROOT/WEB-INF/lib/oro.jar
7f719aa94000-7f719aa98000 r--s 0002f000 08:02 3412860                    /mnt/Informacion/NuevoBB/Liferay/tomcat-7.0.42/webapps/ROOT/WEB-INF/lib/openid4java.jar
7f719aa98000-7f719aa9a000 r--s 00002000 08:02 3412859                    /mnt/Informacion/NuevoBB/Liferay/tomcat-7.0.42/webapps/ROOT/WEB-INF/lib/odmg.jar
7f719aa9a000-7f719aacb000 r--s 003f0000 08:02 3412858                    /mnt/Informacion/NuevoBB/Liferay/tomcat-7.0.42/webapps/ROOT/WEB-INF/lib/netcdf.jar
7f719aacb000-7f719aace000 r--s 0001c000 08:02 3412857                    /mnt/Informacion/NuevoBB/Liferay/tomcat-7.0.42/webapps/ROOT/WEB-INF/lib/nekohtml.jar
7f719aace000-7f719aad0000 r--s 00014000 08:02 3412850                    /mnt/Informacion/NuevoBB/Liferay/tomcat-7.0.42/webapps/ROOT/WEB-INF/lib/msnm.jar
7f719aad0000-7f719aad2000 r--s 00008000 08:02 3412849                    /mnt/Informacion/NuevoBB/Liferay/tomcat-7.0.42/webapps/ROOT/WEB-INF/lib/mimepull.jar
7f719aad2000-7f719aad9000 r--s 00044000 08:02 3412848                    /mnt/Informacion/NuevoBB/Liferay/tomcat-7.0.42/webapps/ROOT/WEB-INF/lib/mime4j-dom.jar
7f719aad9000-7f719aadc000 r--s 00015000 08:02 3412847                    /mnt/Informacion/NuevoBB/Liferay/tomcat-7.0.42/webapps/ROOT/WEB-INF/lib/mime4j-core.jar
7f719aadc000-7f719aae0000 r--s 00030000 08:02 3412846                    /mnt/Informacion/NuevoBB/Liferay/tomcat-7.0.42/webapps/ROOT/WEB-INF/lib/metadata-extractor.jar
7f719aae0000-7f719aae6000 r--s 0003c000 08:02 3412845                    /mnt/Informacion/NuevoBB/Liferay/tomcat-7.0.42/webapps/ROOT/WEB-INF/lib/memcached.jar
7f719aae6000-7f719aaf4000 r--s 00080000 08:02 3412844                    /mnt/Informacion/NuevoBB/Liferay/tomcat-7.0.42/webapps/ROOT/WEB-INF/lib/mchange-commons-java.jar
7f719aaf4000-7f719aaf6000 r--s 0000e000 08:02 3412843                    /mnt/Informacion/NuevoBB/Liferay/tomcat-7.0.42/webapps/ROOT/WEB-INF/lib/lucene-spellchecker.jar
7f719aaf6000-7f719aafe000 r--s 00044000 08:02 3412842                    /mnt/Informacion/NuevoBB/Liferay/tomcat-7.0.42/webapps/ROOT/WEB-INF/lib/lucene-queryparser.jar
7f719aafe000-7f719ab00000 r--s 0000a000 08:02 3412841                    /mnt/Informacion/NuevoBB/Liferay/tomcat-7.0.42/webapps/ROOT/WEB-INF/lib/lucene-queries.jar
7f719ab00000-7f719ab02000 r--s 0000d000 08:02 3412840                    /mnt/Informacion/NuevoBB/Liferay/tomcat-7.0.42/webapps/ROOT/WEB-INF/lib/lucene-misc.jar
7f719ab02000-7f719ab04000 r--s 00006000 08:02 3412839                    /mnt/Informacion/NuevoBB/Liferay/tomcat-7.0.42/webapps/ROOT/WEB-INF/lib/lucene-memory.jar
7f719ab04000-7f719ab05000 r--s 00005000 08:02 3412838                    /mnt/Informacion/NuevoBB/Liferay/tomcat-7.0.42/webapps/ROOT/WEB-INF/lib/lucene-join.jar
7f719ab05000-7f719ab07000 r--s 0000f000 08:02 3412837                    /mnt/Informacion/NuevoBB/Liferay/tomcat-7.0.42/webapps/ROOT/WEB-INF/lib/lucene-icu.jar
7f719ab07000-7f719ab0a000 r--s 00013000 08:02 3412836                    /mnt/Informacion/NuevoBB/Liferay/tomcat-7.0.42/webapps/ROOT/WEB-INF/lib/lucene-highlighter.jar
7f719ab0a000-7f719ab0c000 r--s 0000e000 08:02 3412835                    /mnt/Informacion/NuevoBB/Liferay/tomcat-7.0.42/webapps/ROOT/WEB-INF/lib/lucene-grouping.jar
7f719ab0c000-7f719ab24000 r--s 0014e000 08:02 3412834                    /mnt/Informacion/NuevoBB/Liferay/tomcat-7.0.42/webapps/ROOT/WEB-INF/lib/lucene-core.jar
7f719ab24000-7f719ab2e000 r--s 000cc000 08:02 3412833                    /mnt/Informacion/NuevoBB/Liferay/tomcat-7.0.42/webapps/ROOT/WEB-INF/lib/lucene-analyzers.jar
7f719ab2e000-7f719ab37000 r--s 0006f000 08:02 3412832                    /mnt/Informacion/NuevoBB/Liferay/tomcat-7.0.42/webapps/ROOT/WEB-INF/lib/log4j.jar
7f719ab37000-7f719ab3d000 r--s 0004f000 08:02 3412831                    /mnt/Informacion/NuevoBB/Liferay/tomcat-7.0.42/webapps/ROOT/WEB-INF/lib/log4j-extras.jar
7f719ab3d000-7f719ab49000 r--s 000d6000 08:02 3412830                    /mnt/Informacion/NuevoBB/Liferay/tomcat-7.0.42/webapps/ROOT/WEB-INF/lib/liferay-yui-compressor.jar
7f719ab49000-7f719ab69000 r--s 00549000 08:02 3412829                    /mnt/Informacion/NuevoBB/Liferay/tomcat-7.0.42/webapps/ROOT/WEB-INF/lib/liferay-icu4j.jar
7f719ab69000-7f719ab6a000 r--s 0000a000 08:02 3412828                    /mnt/Informacion/NuevoBB/Liferay/tomcat-7.0.42/webapps/ROOT/WEB-INF/lib/kxml2.jar
7f719ab6a000-7f719abff000 r--s 0093a000 08:02 3412827                    /mnt/Informacion/NuevoBB/Liferay/tomcat-7.0.42/webapps/ROOT/WEB-INF/lib/jython.jar
7f719abff000-7f719ac02000 r--s 00033000 08:02 3412825                    /mnt/Informacion/NuevoBB/Liferay/tomcat-7.0.42/webapps/ROOT/WEB-INF/lib/juniversalchardet.jar
7f719ac02000-7f719ac05000 r--s 00019000 08:02 3412826                    /mnt/Informacion/NuevoBB/Liferay/tomcat-7.0.42/webapps/ROOT/WEB-INF/lib/jurt.jar
7f719ac05000-7f719ac10000 r--s 00032000 08:02 3412877                    /mnt/Informacion/NuevoBB/Liferay/tomcat-7.0.42/webapps/ROOT/WEB-INF/lib/ridl.jar
7f719ac10000-7f719ac12000 r--s 0000d000 08:02 3412824                    /mnt/Informacion/NuevoBB/Liferay/tomcat-7.0.42/webapps/ROOT/WEB-INF/lib/juh.jar
7f719ac12000-7f719ac1a000 r--s 00058000 08:02 3412823                    /mnt/Informacion/NuevoBB/Liferay/tomcat-7.0.42/webapps/ROOT/WEB-INF/lib/jstl-impl.jar
7f719ac1a000-7f719ac1c000 r--s 00006000 08:02 3412822                    /mnt/Informacion/NuevoBB/Liferay/tomcat-7.0.42/webapps/ROOT/WEB-INF/lib/jstl-api.jar
7f719ac1c000-7f719ac1e000 r--s 00001000 08:02 3412821                    /mnt/Informacion/NuevoBB/Liferay/tomcat-7.0.42/webapps/ROOT/WEB-INF/lib/jsr107cache.jar
7f719ac1e000-7f719ac23000 r--s 00028000 08:02 3412820                    /mnt/Informacion/NuevoBB/Liferay/tomcat-7.0.42/webapps/ROOT/WEB-INF/lib/jsqlparser.jar
7f719ac23000-7f719ac30000 r--s 000f2000 08:02 3412819                    /mnt/Informacion/NuevoBB/Liferay/tomcat-7.0.42/webapps/ROOT/WEB-INF/lib/jspwiki.jar
7f719ac30000-7f719ac32000 r--s 0000e000 08:02 3412818                    /mnt/Informacion/NuevoBB/Liferay/tomcat-7.0.42/webapps/ROOT/WEB-INF/lib/jsonrpc.jar
7f719ac32000-7f719ac34000 r--s 00014000 08:02 3412817                    /mnt/Informacion/NuevoBB/Liferay/tomcat-7.0.42/webapps/ROOT/WEB-INF/lib/json-java.jar
7f719ac34000-7f719ac5c000 rw-p 00000000 00:00 0 
7f719ac5c000-7f719ad41000 r--s 00bcd000 08:02 3412816                    /mnt/Informacion/NuevoBB/Liferay/tomcat-7.0.42/webapps/ROOT/WEB-INF/lib/jruby.jar
7f719ad41000-7f719ad42000 r--s 00005000 08:02 3412815                    /mnt/Informacion/NuevoBB/Liferay/tomcat-7.0.42/webapps/ROOT/WEB-INF/lib/jrcs-diff.jar
7f719ad42000-7f719ad57000 r--s 00139000 08:02 3412814                    /mnt/Informacion/NuevoBB/Liferay/tomcat-7.0.42/webapps/ROOT/WEB-INF/lib/jodd.jar
7f719ad57000-7f719ad58000 r--s 00007000 08:02 3412813                    /mnt/Informacion/NuevoBB/Liferay/tomcat-7.0.42/webapps/ROOT/WEB-INF/lib/jodconverter.jar
7f719ad58000-7f719ad5c000 r--s 00037000 08:02 3412812                    /mnt/Informacion/NuevoBB/Liferay/tomcat-7.0.42/webapps/ROOT/WEB-INF/lib/jhlabs-filters.jar
7f719ad5c000-7f719ad72000 r--s 001d0000 08:02 3412811                    /mnt/Informacion/NuevoBB/Liferay/tomcat-7.0.42/webapps/ROOT/WEB-INF/lib/jgroups.jar
7f719ad72000-7f719ad83000 r--s 0014c000 08:02 3412810                    /mnt/Informacion/NuevoBB/Liferay/tomcat-7.0.42/webapps/ROOT/WEB-INF/lib/jfreechart.jar
7f719ad83000-7f719ad8c000 r--s 0007b000 08:02 3412809                    /mnt/Informacion/NuevoBB/Liferay/tomcat-7.0.42/webapps/ROOT/WEB-INF/lib/jets3t.jar
7f719ad8c000-7f719ad90000 r--s 00028000 08:02 3412808                    /mnt/Informacion/NuevoBB/Liferay/tomcat-7.0.42/webapps/ROOT/WEB-INF/lib/jericho-html.jar
7f719ad90000-7f719ad9c000 r--s 000a5000 08:02 3412807                    /mnt/Informacion/NuevoBB/Liferay/tomcat-7.0.42/webapps/ROOT/WEB-INF/lib/jena.jar
7f719ad9c000-7f719ad9e000 r--s 0000b000 08:02 3412806                    /mnt/Informacion/NuevoBB/Liferay/tomcat-7.0.42/webapps/ROOT/WEB-INF/lib/jempbox.jar
7f719ad9e000-7f719ada1000 r--s 00023000 08:02 3412805                    /mnt/Informacion/NuevoBB/Liferay/tomcat-7.0.42/webapps/ROOT/WEB-INF/lib/jdom.jar
7f719ada1000-7f719ada4000 r--s 0000e000 08:02 3412804                    /mnt/Informacion/NuevoBB/Liferay/tomcat-7.0.42/webapps/ROOT/WEB-INF/lib/jcr.jar
7f719ada4000-7f719adaa000 r--s 00046000 08:02 3412803                    /mnt/Informacion/NuevoBB/Liferay/tomcat-7.0.42/webapps/ROOT/WEB-INF/lib/jcommon.jar
7f719adaa000-7f719adac000 r--s 00003000 08:02 3412802                    /mnt/Informacion/NuevoBB/Liferay/tomcat-7.0.42/webapps/ROOT/WEB-INF/lib/jcl-over-slf4j.jar
7f719adac000-7f719adb2000 r--s 0005b000 08:02 3412801                    /mnt/Informacion/NuevoBB/Liferay/tomcat-7.0.42/webapps/ROOT/WEB-INF/lib/jcifs.jar
7f719adb2000-7f719adb4000 r--s 0000a000 08:02 3412800                    /mnt/Informacion/NuevoBB/Liferay/tomcat-7.0.42/webapps/ROOT/WEB-INF/lib/jazzy.jar
7f719adb4000-7f719adb6000 r--s 0001e000 08:02 3412907                    /mnt/Informacion/NuevoBB/Liferay/tomcat-7.0.42/webapps/ROOT/WEB-INF/lib/streambuffer.jar
7f719adb6000-7f719adb7000 r--s 00002000 08:02 3412905                    /mnt/Informacion/NuevoBB/Liferay/tomcat-7.0.42/webapps/ROOT/WEB-INF/lib/stax-ex.jar
7f719adb7000-7f719adbc000 r--s 0003e000 08:02 3412881                    /mnt/Informacion/NuevoBB/Liferay/tomcat-7.0.42/webapps/ROOT/WEB-INF/lib/saaj-impl.jar
7f719adbc000-7f719adbe000 r--s 00003000 08:02 3412880                    /mnt/Informacion/NuevoBB/Liferay/tomcat-7.0.42/webapps/ROOT/WEB-INF/lib/saaj-api.jar
7f719adbe000-7f719add7000 r--s 00129000 08:02 3412799                    /mnt/Informacion/NuevoBB/Liferay/tomcat-7.0.42/webapps/ROOT/WEB-INF/lib/jaxws-rt.jar
7f719add7000-7f719add9000 r--s 00006000 08:02 3412798                    /mnt/Informacion/NuevoBB/Liferay/tomcat-7.0.42/webapps/ROOT/WEB-INF/lib/jaxrpc.jar
7f719add9000-7f719addf000 r--s 00032000 08:02 3412797                    /mnt/Informacion/NuevoBB/Liferay/tomcat-7.0.42/webapps/ROOT/WEB-INF/lib/jaxen.jar
7f719addf000-7f719adf1000 r--s 000c2000 08:02 3412796                    /mnt/Informacion/NuevoBB/Liferay/tomcat-7.0.42/webapps/ROOT/WEB-INF/lib/jaxb-impl.jar
7f719adf1000-7f719adfa000 r--s 00096000 08:02 3412795                    /mnt/Informacion/NuevoBB/Liferay/tomcat-7.0.42/webapps/ROOT/WEB-INF/lib/javassist.jar
7f719adfa000-7f719adfc000 r--s 00000000 08:02 3412794                    /mnt/Informacion/NuevoBB/Liferay/tomcat-7.0.42/webapps/ROOT/WEB-INF/lib/java-diff.jar
7f719adfc000-7f719ae00000 r--s 00073000 08:02 3412793                    /mnt/Informacion/NuevoBB/Liferay/tomcat-7.0.42/webapps/ROOT/WEB-INF/lib/jamwiki-core.jar
7f719ae00000-7f719ae02000 r--s 00007000 08:02 3412792                    /mnt/Informacion/NuevoBB/Liferay/tomcat-7.0.42/webapps/ROOT/WEB-INF/lib/jakarta-regexp.jar
7f719ae02000-7f719ae16000 r--s 001bd000 08:02 3412791                    /mnt/Informacion/NuevoBB/Liferay/tomcat-7.0.42/webapps/ROOT/WEB-INF/lib/jai_core.jar
7f719ae16000-7f719ae1a000 r--s 0003c000 08:02 3412790                    /mnt/Informacion/NuevoBB/Liferay/tomcat-7.0.42/webapps/ROOT/WEB-INF/lib/jai_codec.jar
7f719ae1a000-7f719ae1c000 r--s 00005000 08:02 3412789                    /mnt/Informacion/NuevoBB/Liferay/tomcat-7.0.42/webapps/ROOT/WEB-INF/lib/jackrabbit-spi.jar
7f719ae1c000-7f719ae2a000 r--s 000a4000 08:02 3412788                    /mnt/Informacion/NuevoBB/Liferay/tomcat-7.0.42/webapps/ROOT/WEB-INF/lib/jackrabbit-spi-commons.jar
7f719ae2a000-7f719ae2f000 r--s 00034000 08:02 3412787                    /mnt/Informacion/NuevoBB/Liferay/tomcat-7.0.42/webapps/ROOT/WEB-INF/lib/jackrabbit-jcr-commons.jar
7f719ae2f000-7f719ae4f000 r--s 001cd000 08:02 3412786                    /mnt/Informacion/NuevoBB/Liferay/tomcat-7.0.42/webapps/ROOT/WEB-INF/lib/jackrabbit-core.jar
7f719ae4f000-7f719ae51000 r--s 00004000 08:02 3412785                    /mnt/Informacion/NuevoBB/Liferay/tomcat-7.0.42/webapps/ROOT/WEB-INF/lib/jackrabbit-api.jar
7f719ae51000-7f719ae53000 r--s 00017000 08:02 3412784                    /mnt/Informacion/NuevoBB/Liferay/tomcat-7.0.42/webapps/ROOT/WEB-INF/lib/jabsorb.jar
7f719ae53000-7f719ae5c000 r--s 00077000 08:02 3412783                    /mnt/Informacion/NuevoBB/Liferay/tomcat-7.0.42/webapps/ROOT/WEB-INF/lib/isoparser.jar
7f719ae5c000-7f719ae60000 r--s 00022000 08:02 3412782                    /mnt/Informacion/NuevoBB/Liferay/tomcat-7.0.42/webapps/ROOT/WEB-INF/lib/im4java.jar
7f719ae60000-7f719ae63000 r--s 0001d000 08:02 3412781                    /mnt/Informacion/NuevoBB/Liferay/tomcat-7.0.42/webapps/ROOT/WEB-INF/lib/icq.jar
7f719ae63000-7f719ae77000 r--s 000d8000 08:02 3412780                    /mnt/Informacion/NuevoBB/Liferay/tomcat-7.0.42/webapps/ROOT/WEB-INF/lib/ical4j.jar
7f719ae77000-7f719ae79000 r--s 00008000 08:02 3412779                    /mnt/Informacion/NuevoBB/Liferay/tomcat-7.0.42/webapps/ROOT/WEB-INF/lib/httpmime.jar
7f719ae79000-7f719ae7f000 r--s 00031000 08:02 3412778                    /mnt/Informacion/NuevoBB/Liferay/tomcat-7.0.42/webapps/ROOT/WEB-INF/lib/httpcore.jar
7f719ae7f000-7f719ae88000 r--s 0005f000 08:02 3412777                    /mnt/Informacion/NuevoBB/Liferay/tomcat-7.0.42/webapps/ROOT/WEB-INF/lib/httpclient.jar
7f719ae88000-7f719ae8e000 r--s 00041000 08:02 3412776                    /mnt/Informacion/NuevoBB/Liferay/tomcat-7.0.42/webapps/ROOT/WEB-INF/lib/htmlparser.jar
7f719ae8e000-7f719aed6000 r--s 003b1000 08:02 3412775                    /mnt/Informacion/NuevoBB/Liferay/tomcat-7.0.42/webapps/ROOT/WEB-INF/lib/hibernate3.jar
7f719aed6000-7f719aede000 r--s 00056000 08:02 3412774                    /mnt/Informacion/NuevoBB/Liferay/tomcat-7.0.42/webapps/ROOT/WEB-INF/lib/hessian.jar
7f719aede000-7f719af29000 r--s 00459000 08:02 3412773                    /mnt/Informacion/NuevoBB/Liferay/tomcat-7.0.42/webapps/ROOT/WEB-INF/lib/groovy.jar
7f719af29000-7f719af2a000 r--s 00002000 08:02 3412772                    /mnt/Informacion/NuevoBB/Liferay/tomcat-7.0.42/webapps/ROOT/WEB-INF/lib/gif89.jar
7f719af2a000-7f719af2c000 r--s 0000e000 08:02 3412771                    /mnt/Informacion/NuevoBB/Liferay/tomcat-7.0.42/webapps/ROOT/WEB-INF/lib/freshcookies-security.jar
7f719af2c000-7f719af3c000 r--s 000d2000 08:02 3412769                    /mnt/Informacion/NuevoBB/Liferay/tomcat-7.0.42/webapps/ROOT/WEB-INF/lib/freemarker.jar
7f719af3c000-7f719af40000 r--s 0002f000 08:02 3412768                    /mnt/Informacion/NuevoBB/Liferay/tomcat-7.0.42/webapps/ROOT/WEB-INF/lib/fontbox.jar
7f719af40000-7f719af42000 r--s 00014000 08:02 3412767                    /mnt/Informacion/NuevoBB/Liferay/tomcat-7.0.42/webapps/ROOT/WEB-INF/lib/flexjson.jar
7f719af42000-7f719af44000 r--s 00010000 08:02 3412766                    /mnt/Informacion/NuevoBB/Liferay/tomcat-7.0.42/webapps/ROOT/WEB-INF/lib/felix-fileinstall.jar
7f719af44000-7f719b021000 r--s 00ad8000 08:02 3412765                    /mnt/Informacion/NuevoBB/Liferay/tomcat-7.0.42/webapps/ROOT/WEB-INF/lib/fastutil.jar
7f719b021000-7f719b09e000 r--s 004b2000 08:02 3412764                    /mnt/Informacion/NuevoBB/Liferay/tomcat-7.0.42/webapps/ROOT/WEB-INF/lib/ehcache.jar
7f719b09e000-7f719b0a0000 r--s 00009000 08:02 3412763                    /mnt/Informacion/NuevoBB/Liferay/tomcat-7.0.42/webapps/ROOT/WEB-INF/lib/ehcache-jgroupsreplication.jar
7f719b0a0000-7f719b0a8000 r--s 00057000 08:02 3412762                    /mnt/Informacion/NuevoBB/Liferay/tomcat-7.0.42/webapps/ROOT/WEB-INF/lib/ecs.jar
7f719b0a8000-7f719b0f4000 r--s 00528000 08:02 3412761                    /mnt/Informacion/NuevoBB/Liferay/tomcat-7.0.42/webapps/ROOT/WEB-INF/lib/eclipselink.jar
7f719b0f4000-7f719b0f6000 r--s 00001000 08:02 3412760                    /mnt/Informacion/NuevoBB/Liferay/tomcat-7.0.42/webapps/ROOT/WEB-INF/lib/eclipse-core-runtime.jar
7f719b0f6000-7f719b0f8000 r--s 0000c000 08:02 3412759                    /mnt/Informacion/NuevoBB/Liferay/tomcat-7.0.42/webapps/ROOT/WEB-INF/lib/easyconf.jar
7f719b0f8000-7f719b0fd000 r--s 00048000 08:02 3412758                    /mnt/Informacion/NuevoBB/Liferay/tomcat-7.0.42/webapps/ROOT/WEB-INF/lib/dom4j.jar
7f719b0fd000-7f719b101000 r--s 00032000 08:02 3412757                    /mnt/Informacion/NuevoBB/Liferay/tomcat-7.0.42/webapps/ROOT/WEB-INF/lib/displaytag.jar
7f719b101000-7f719b104000 r--s 00017000 08:02 3412756                    /mnt/Informacion/NuevoBB/Liferay/tomcat-7.0.42/webapps/ROOT/WEB-INF/lib/daisydiff.jar
7f719b104000-7f719b10a000 r--s 00064000 08:02 3412755                    /mnt/Informacion/NuevoBB/Liferay/tomcat-7.0.42/webapps/ROOT/WEB-INF/lib/daim.jar
7f719b10a000-7f719b10b000 r--s 00001000 08:02 3412754                    /mnt/Informacion/NuevoBB/Liferay/tomcat-7.0.42/webapps/ROOT/WEB-INF/lib/crypt.jar
7f719b10b000-7f719b112000 r--s 00028000 08:02 3412753                    /mnt/Informacion/NuevoBB/Liferay/tomcat-7.0.42/webapps/ROOT/WEB-INF/lib/concurrent.jar
7f719b112000-7f719b115000 r--s 0001f000 08:02 3412752                    /mnt/Informacion/NuevoBB/Liferay/tomcat-7.0.42/webapps/ROOT/WEB-INF/lib/commons-validator.jar
7f719b115000-7f719b118000 r--s 00015000 08:02 3412751                    /mnt/Informacion/NuevoBB/Liferay/tomcat-7.0.42/webapps/ROOT/WEB-INF/lib/commons-pool.jar
7f719b118000-7f719b127000 r--s 000ab000 08:02 3412750                    /mnt/Informacion/NuevoBB/Liferay/tomcat-7.0.42/webapps/ROOT/WEB-INF/lib/commons-math.jar
7f719b127000-7f719b129000 r--s 0000d000 08:02 3412749                    /mnt/Informacion/NuevoBB/Liferay/tomcat-7.0.42/webapps/ROOT/WEB-INF/lib/commons-logging.jar
7f719b129000-7f719b12e000 r--s 00041000 08:02 3412748                    /mnt/Informacion/NuevoBB/Liferay/tomcat-7.0.42/webapps/ROOT/WEB-INF/lib/commons-lang.jar
7f719b12e000-7f719b131000 r--s 00025000 08:02 3412747                    /mnt/Informacion/NuevoBB/Liferay/tomcat-7.0.42/webapps/ROOT/WEB-INF/lib/commons-io.jar
7f719b131000-7f719b137000 r--s 00045000 08:02 3412746                    /mnt/Informacion/NuevoBB/Liferay/tomcat-7.0.42/webapps/ROOT/WEB-INF/lib/commons-httpclient.jar
7f719b137000-7f719b139000 r--s 0000d000 08:02 3412745                    /mnt/Informacion/NuevoBB/Liferay/tomcat-7.0.42/webapps/ROOT/WEB-INF/lib/commons-fileupload.jar
7f719b139000-7f719b13a000 r--s 00007000 08:02 3412744                    /mnt/Informacion/NuevoBB/Liferay/tomcat-7.0.42/webapps/ROOT/WEB-INF/lib/commons-email.jar
7f719b13a000-7f719b13d000 r--s 00010000 08:02 3412743                    /mnt/Informacion/NuevoBB/Liferay/tomcat-7.0.42/webapps/ROOT/WEB-INF/lib/commons-discovery.jar
7f719b13d000-7f719b141000 r--s 00020000 08:02 3412742                    /mnt/Informacion/NuevoBB/Liferay/tomcat-7.0.42/webapps/ROOT/WEB-INF/lib/commons-digester.jar
7f719b141000-7f719b143000 r--s 0001c000 08:02 3412741                    /mnt/Informacion/NuevoBB/Liferay/tomcat-7.0.42/webapps/ROOT/WEB-INF/lib/commons-dbcp.jar
7f719b143000-7f719b149000 r--s 00043000 08:02 3412740                    /mnt/Informacion/NuevoBB/Liferay/tomcat-7.0.42/webapps/ROOT/WEB-INF/lib/commons-configuration.jar
7f719b149000-7f719b14e000 r--s 00036000 08:02 3412739                    /mnt/Informacion/NuevoBB/Liferay/tomcat-7.0.42/webapps/ROOT/WEB-INF/lib/commons-compress.jar
7f719b14e000-7f719b15c000 r--s 0007f000 08:02 3412738                    /mnt/Informacion/NuevoBB/Liferay/tomcat-7.0.42/webapps/ROOT/WEB-INF/lib/commons-collections.jar
7f719b15c000-7f719b15e000 r--s 00010000 08:02 3412737                    /mnt/Informacion/NuevoBB/Liferay/tomcat-7.0.42/webapps/ROOT/WEB-INF/lib/commons-codec.jar
7f719b15e000-7f719b163000 r--s 00034000 08:02 3412736                    /mnt/Informacion/NuevoBB/Liferay/tomcat-7.0.42/webapps/ROOT/WEB-INF/lib/commons-beanutils.jar
7f719b163000-7f719b16d000 r--s 0005c000 08:02 3412735                    /mnt/Informacion/NuevoBB/Liferay/tomcat-7.0.42/webapps/ROOT/WEB-INF/lib/chemistry-opencmis-commons-impl.jar
7f719b16d000-7f719b172000 r--s 00012000 08:02 3412734                    /mnt/Informacion/NuevoBB/Liferay/tomcat-7.0.42/webapps/ROOT/WEB-INF/lib/chemistry-opencmis-commons-api.jar
7f719b172000-7f719b175000 r--s 0001f000 08:02 3412733                    /mnt/Informacion/NuevoBB/Liferay/tomcat-7.0.42/webapps/ROOT/WEB-INF/lib/chemistry-opencmis-client-impl.jar
7f719b175000-7f719b17b000 r--s 00033000 08:02 3412732                    /mnt/Informacion/NuevoBB/Liferay/tomcat-7.0.42/webapps/ROOT/WEB-INF/lib/chemistry-opencmis-client-bindings.jar
7f719b17b000-7f719b17d000 r--s 00006000 08:02 3412731                    /mnt/Informacion/NuevoBB/Liferay/tomcat-7.0.42/webapps/ROOT/WEB-INF/lib/chemistry-opencmis-client-api.jar
7f719b17d000-7f719b17f000 r--s 00005000 08:02 3412730                    /mnt/Informacion/NuevoBB/Liferay/tomcat-7.0.42/webapps/ROOT/WEB-INF/lib/chardet.jar
7f719b17f000-7f719b186000 r--s 0003e000 08:02 3412729                    /mnt/Informacion/NuevoBB/Liferay/tomcat-7.0.42/webapps/ROOT/WEB-INF/lib/cglib.jar
7f719b186000-7f719b188000 r--s 0000e000 08:02 3412727                    /mnt/Informacion/NuevoBB/Liferay/tomcat-7.0.42/webapps/ROOT/WEB-INF/lib/cas-client-core.jar
7f719b188000-7f719b18f000 r--s 00061000 08:02 3412726                    /mnt/Informacion/NuevoBB/Liferay/tomcat-7.0.42/webapps/ROOT/WEB-INF/lib/c3p0.jar
7f719b18f000-7f719b194000 r--s 00040000 08:02 3412725                    /mnt/Informacion/NuevoBB/Liferay/tomcat-7.0.42/webapps/ROOT/WEB-INF/lib/bsh.jar
7f719b194000-7f719b197000 r--s 00019000 08:02 3412724                    /mnt/Informacion/NuevoBB/Liferay/tomcat-7.0.42/webapps/ROOT/WEB-INF/lib/bsf.jar
7f719b197000-7f719b19a000 r--s 0000f000 08:02 3412723                    /mnt/Informacion/NuevoBB/Liferay/tomcat-7.0.42/webapps/ROOT/WEB-INF/lib/boilerpipe.jar
7f719b19a000-7f719b1a7000 r--s 00083000 08:02 3412720                    /mnt/Informacion/NuevoBB/Liferay/tomcat-7.0.42/webapps/ROOT/WEB-INF/lib/bobo-browse.jar
7f719b1a7000-7f719b1cc000 r--s 00172000 08:02 3412718                    /mnt/Informacion/NuevoBB/Liferay/tomcat-7.0.42/webapps/ROOT/WEB-INF/lib/bcprov.jar
7f719b1cc000-7f719b1d1000 r--s 00033000 08:02 3412717                    /mnt/Informacion/NuevoBB/Liferay/tomcat-7.0.42/webapps/ROOT/WEB-INF/lib/bcmail.jar
7f719b1d1000-7f719b1d9000 r--s 00049000 08:02 3412716                    /mnt/Informacion/NuevoBB/Liferay/tomcat-7.0.42/webapps/ROOT/WEB-INF/lib/backport-concurrent.jar
7f719b1d9000-7f719b1ed000 r--s 00174000 08:02 3412710                    /mnt/Informacion/NuevoBB/Liferay/tomcat-7.0.42/webapps/ROOT/WEB-INF/lib/axis.jar
7f719b1ed000-7f719b1ef000 r--s 00007000 08:02 3412709                    /mnt/Informacion/NuevoBB/Liferay/tomcat-7.0.42/webapps/ROOT/WEB-INF/lib/axis-ant.jar
7f719b1ef000-7f719b1f2000 r--s 0001b000 08:02 3412708                    /mnt/Informacion/NuevoBB/Liferay/tomcat-7.0.42/webapps/ROOT/WEB-INF/lib/axiom-impl.jar
7f719b1f2000-7f719b1f3000 ---p 00000000 00:00 0 
7f719b1f3000-7f719b2f3000 rw-p 00000000 00:00 0                          [stack:27538]
7f719b2f3000-7f719b2f6000 ---p 00000000 00:00 0 
7f719b2f6000-7f719b3f4000 rw-p 00000000 00:00 0                          [stack:27537]
7f719b3f4000-7f719b3f7000 ---p 00000000 00:00 0 
7f719b3f7000-7f719b4f5000 rw-p 00000000 00:00 0                          [stack:27536]
7f719b4f5000-7f719b4f8000 ---p 00000000 00:00 0 
7f719b4f8000-7f719b5f6000 rw-p 00000000 00:00 0                          [stack:27535]
7f719b5f6000-7f719b5f9000 ---p 00000000 00:00 0 
7f719b5f9000-7f719b6f7000 rw-p 00000000 00:00 0                          [stack:27534]
7f719b6f7000-7f719b6fa000 ---p 00000000 00:00 0 
7f719b6fa000-7f719b7f8000 rw-p 00000000 00:00 0                          [stack:27533]
7f719b7f8000-7f719b7fb000 ---p 00000000 00:00 0 
7f719b7fb000-7f719b8f9000 rw-p 00000000 00:00 0                          [stack:27532]
7f719b8f9000-7f719b8fc000 ---p 00000000 00:00 0 
7f719b8fc000-7f719b9fa000 rw-p 00000000 00:00 0                          [stack:27531]
7f719b9fa000-7f719b9fb000 ---p 00000000 00:00 0 
7f719b9fb000-7f719c000000 rw-p 00000000 00:00 0                          [stack:27530]
7f719c000000-7f719c021000 rw-p 00000000 00:00 0 
7f719c021000-7f71a0000000 ---p 00000000 00:00 0 
7f71a0000000-7f71a0001000 r--s 0000a000 08:02 3412728                    /mnt/Informacion/NuevoBB/Liferay/tomcat-7.0.42/webapps/ROOT/WEB-INF/lib/ccpp-ri.jar
7f71a0001000-7f71a000a000 r--s 0005d000 08:02 3412707                    /mnt/Informacion/NuevoBB/Liferay/tomcat-7.0.42/webapps/ROOT/WEB-INF/lib/axiom-api.jar
7f71a000a000-7f71a0021000 r--s 00195000 08:02 3412706                    /mnt/Informacion/NuevoBB/Liferay/tomcat-7.0.42/webapps/ROOT/WEB-INF/lib/aspectj-weaver.jar
7f71a0021000-7f71a0025000 r--s 00019000 08:02 3412705                    /mnt/Informacion/NuevoBB/Liferay/tomcat-7.0.42/webapps/ROOT/WEB-INF/lib/aspectj-rt.jar
7f71a0025000-7f71a0026000 r--s 0000a000 08:02 3412704                    /mnt/Informacion/NuevoBB/Liferay/tomcat-7.0.42/webapps/ROOT/WEB-INF/lib/asm.jar
7f71a0026000-7f71a0029000 r--s 0000a000 08:02 3412703                    /mnt/Informacion/NuevoBB/Liferay/tomcat-7.0.42/webapps/ROOT/WEB-INF/lib/asm-xml.jar
7f71a0029000-7f71a002b000 r--s 00004000 08:02 3412701                    /mnt/Informacion/NuevoBB/Liferay/tomcat-7.0.42/webapps/ROOT/WEB-INF/lib/asm-tree.jar
7f71a002b000-7f71a002d000 r--s 00008000 08:02 3412700                    /mnt/Informacion/NuevoBB/Liferay/tomcat-7.0.42/webapps/ROOT/WEB-INF/lib/asm-commons.jar
7f71a002d000-7f71a002f000 r--s 00000000 08:02 3412698                    /mnt/Informacion/NuevoBB/Liferay/tomcat-7.0.42/webapps/ROOT/WEB-INF/lib/aopalliance.jar
7f71a002f000-7f71a0036000 r--s 00083000 08:02 3412697                    /mnt/Informacion/NuevoBB/Liferay/tomcat-7.0.42/webapps/ROOT/WEB-INF/lib/antlr3.jar
7f71a0036000-7f71a0039000 r--s 00017000 08:02 3412696                    /mnt/Informacion/NuevoBB/Liferay/tomcat-7.0.42/webapps/ROOT/WEB-INF/lib/antlr3-runtime.jar
7f71a0039000-7f71a003e000 r--s 00068000 08:02 3412695                    /mnt/Informacion/NuevoBB/Liferay/tomcat-7.0.42/webapps/ROOT/WEB-INF/lib/antlr2.jar
7f71a003e000-7f71a005c000 r--s 001bb000 08:02 3412694                    /mnt/Informacion/NuevoBB/Liferay/tomcat-7.0.42/webapps/ROOT/WEB-INF/lib/ant.jar
7f71a005c000-7f71a005f000 r--s 00068000 08:02 3412693                    /mnt/Informacion/NuevoBB/Liferay/tomcat-7.0.42/webapps/ROOT/WEB-INF/lib/alloy-taglib.jar
7f71a005f000-7f71a0074000 r--s 00215000 08:02 3412692                    /mnt/Informacion/NuevoBB/Liferay/tomcat-7.0.42/webapps/ROOT/WEB-INF/lib/abdera.jar
7f71a0074000-7f71a00fc000 r--s 0068c000 08:02 2625687                    /mnt/Informacion/NuevoBB/Liferay/tomcat-7.0.42/lib/ext/portal-service.jar
7f71a00fc000-7f71a4000000 rw-p 00000000 00:00 0 
7f71a4000000-7f71a4021000 rw-p 00000000 00:00 0 
7f71a4021000-7f71a8000000 ---p 00000000 00:00 0 
7f71a8000000-7f71a8001000 r--s 00008000 08:02 3412702                    /mnt/Informacion/NuevoBB/Liferay/tomcat-7.0.42/webapps/ROOT/WEB-INF/lib/asm-util.jar
7f71a8001000-7f71a8628000 rw-p 00000000 00:00 0 
7f71a8628000-7f71a8800000 r--s 03d09000 fd:01 788410                     /opt/jdk1.8.0_40/jre/lib/rt.jar
7f71a8800000-7f71a9000000 rw-p 00000000 00:00 0 
7f71a9000000-7f71aab10000 rwxp 00000000 00:00 0 
7f71aab10000-7f71b8000000 ---p 00000000 00:00 0 
7f71b8000000-7f71ba1d0000 rw-p 00000000 00:00 0 
7f71ba1d0000-7f71bc000000 ---p 00000000 00:00 0 
7f71bc000000-7f71bc002000 r--s 00002000 08:02 2625690                    /mnt/Informacion/NuevoBB/Liferay/tomcat-7.0.42/lib/ext/support-tomcat.jar
7f71bc002000-7f71bc008000 r--s 00077000 08:02 2625689                    /mnt/Informacion/NuevoBB/Liferay/tomcat-7.0.42/lib/ext/postgresql.jar
7f71bc008000-7f71bc00a000 r--s 0000a000 08:02 2625688                    /mnt/Informacion/NuevoBB/Liferay/tomcat-7.0.42/lib/ext/portlet.jar
7f71bc00a000-7f71bc011000 r--s 000c7000 08:02 2625685                    /mnt/Informacion/NuevoBB/Liferay/tomcat-7.0.42/lib/ext/mysql.jar
7f71bc011000-7f71bc018000 r--s 00051000 08:02 2625684                    /mnt/Informacion/NuevoBB/Liferay/tomcat-7.0.42/lib/ext/mail.jar
7f71bc018000-7f71bc5de000 rw-p 00000000 00:00 0 
7f71bc5de000-7f71bc5df000 ---p 00000000 00:00 0 
7f71bc5df000-7f71bc6df000 rw-p 00000000 00:00 0                          [stack:27529]
7f71bc6df000-7f71bc6e0000 ---p 00000000 00:00 0 
7f71bc6e0000-7f71bc7e0000 rw-p 00000000 00:00 0                          [stack:27528]
7f71bc7e0000-7f71bc7e1000 ---p 00000000 00:00 0 
7f71bc7e1000-7f71bc8e1000 rw-p 00000000 00:00 0                          [stack:27527]
7f71bc8e1000-7f71bc8e2000 ---p 00000000 00:00 0 
7f71bc8e2000-7f71bc9fd000 rw-p 00000000 00:00 0                          [stack:27526]
7f71bc9fd000-7f71bcc61000 ---p 00000000 00:00 0 
7f71bcc61000-7f71bcc7c000 rw-p 00000000 00:00 0 
7f71bcc7c000-7f71bcedf000 ---p 00000000 00:00 0 
7f71bcedf000-7f71bcfb7000 rw-p 00000000 00:00 0 
7f71bcfb7000-7f71bd01f000 ---p 00000000 00:00 0 
7f71bd01f000-7f71bd08d000 rw-p 00000000 00:00 0 
7f71bd08d000-7f71bd3e0000 ---p 00000000 00:00 0 
7f71bd3e0000-7f71bd3fa000 r-xp 00000000 fd:01 788609                     /opt/jdk1.8.0_40/jre/lib/amd64/libzip.so
7f71bd3fa000-7f71bd5fa000 ---p 0001a000 fd:01 788609                     /opt/jdk1.8.0_40/jre/lib/amd64/libzip.so
7f71bd5fa000-7f71bd5fb000 rw-p 0001a000 fd:01 788609                     /opt/jdk1.8.0_40/jre/lib/amd64/libzip.so
7f71bd5fb000-7f71bd606000 r-xp 00000000 fd:01 1445537                    /usr/lib64/libnss_files-2.17.so
7f71bd606000-7f71bd805000 ---p 0000b000 fd:01 1445537                    /usr/lib64/libnss_files-2.17.so
7f71bd805000-7f71bd806000 r--p 0000a000 fd:01 1445537                    /usr/lib64/libnss_files-2.17.so
7f71bd806000-7f71bd807000 rw-p 0000b000 fd:01 1445537                    /usr/lib64/libnss_files-2.17.so
7f71bd807000-7f71bd831000 r-xp 00000000 fd:01 788604                     /opt/jdk1.8.0_40/jre/lib/amd64/libjava.so
7f71bd831000-7f71bda31000 ---p 0002a000 fd:01 788604                     /opt/jdk1.8.0_40/jre/lib/amd64/libjava.so
7f71bda31000-7f71bda33000 rw-p 0002a000 fd:01 788604                     /opt/jdk1.8.0_40/jre/lib/amd64/libjava.so
7f71bda33000-7f71bda40000 r-xp 00000000 fd:01 788608                     /opt/jdk1.8.0_40/jre/lib/amd64/libverify.so
7f71bda40000-7f71bdc40000 ---p 0000d000 fd:01 788608                     /opt/jdk1.8.0_40/jre/lib/amd64/libverify.so
7f71bdc40000-7f71bdc42000 rw-p 0000d000 fd:01 788608                     /opt/jdk1.8.0_40/jre/lib/amd64/libverify.so
7f71bdc42000-7f71bdc49000 r-xp 00000000 fd:01 1445550                    /usr/lib64/librt-2.17.so
7f71bdc49000-7f71bde48000 ---p 00007000 fd:01 1445550                    /usr/lib64/librt-2.17.so
7f71bde48000-7f71bde49000 r--p 00006000 fd:01 1445550                    /usr/lib64/librt-2.17.so
7f71bde49000-7f71bde4a000 rw-p 00007000 fd:01 1445550                    /usr/lib64/librt-2.17.so
7f71bde4a000-7f71bdf4b000 r-xp 00000000 fd:01 1445527                    /usr/lib64/libm-2.17.so
7f71bdf4b000-7f71be14a000 ---p 00101000 fd:01 1445527                    /usr/lib64/libm-2.17.so
7f71be14a000-7f71be14b000 r--p 00100000 fd:01 1445527                    /usr/lib64/libm-2.17.so
7f71be14b000-7f71be14c000 rw-p 00101000 fd:01 1445527                    /usr/lib64/libm-2.17.so
7f71be14c000-7f71bedfa000 r-xp 00000000 fd:01 788587                     /opt/jdk1.8.0_40/jre/lib/amd64/server/libjvm.so
7f71bedfa000-7f71beff9000 ---p 00cae000 fd:01 788587                     /opt/jdk1.8.0_40/jre/lib/amd64/server/libjvm.so
7f71beff9000-7f71bf0d0000 rw-p 00cad000 fd:01 788587                     /opt/jdk1.8.0_40/jre/lib/amd64/server/libjvm.so
7f71bf0d0000-7f71bf114000 rw-p 00000000 00:00 0 
7f71bf114000-7f71bf2ca000 r-xp 00000000 fd:01 1445518                    /usr/lib64/libc-2.17.so
7f71bf2ca000-7f71bf4ca000 ---p 001b6000 fd:01 1445518                    /usr/lib64/libc-2.17.so
7f71bf4ca000-7f71bf4ce000 r--p 001b6000 fd:01 1445518                    /usr/lib64/libc-2.17.so
7f71bf4ce000-7f71bf4d0000 rw-p 001ba000 fd:01 1445518                    /usr/lib64/libc-2.17.so
7f71bf4d0000-7f71bf4d5000 rw-p 00000000 00:00 0 
7f71bf4d5000-7f71bf4d8000 r-xp 00000000 fd:01 1445525                    /usr/lib64/libdl-2.17.so
7f71bf4d8000-7f71bf6d7000 ---p 00003000 fd:01 1445525                    /usr/lib64/libdl-2.17.so
7f71bf6d7000-7f71bf6d8000 r--p 00002000 fd:01 1445525                    /usr/lib64/libdl-2.17.so
7f71bf6d8000-7f71bf6d9000 rw-p 00003000 fd:01 1445525                    /usr/lib64/libdl-2.17.so
7f71bf6d9000-7f71bf6ee000 r-xp 00000000 fd:01 788582                     /opt/jdk1.8.0_40/jre/lib/amd64/jli/libjli.so
7f71bf6ee000-7f71bf8ee000 ---p 00015000 fd:01 788582                     /opt/jdk1.8.0_40/jre/lib/amd64/jli/libjli.so
7f71bf8ee000-7f71bf8ef000 rw-p 00015000 fd:01 788582                     /opt/jdk1.8.0_40/jre/lib/amd64/jli/libjli.so
7f71bf8ef000-7f71bf905000 r-xp 00000000 fd:01 1445545                    /usr/lib64/libpthread-2.17.so
7f71bf905000-7f71bfb05000 ---p 00016000 fd:01 1445545                    /usr/lib64/libpthread-2.17.so
7f71bfb05000-7f71bfb06000 r--p 00016000 fd:01 1445545                    /usr/lib64/libpthread-2.17.so
7f71bfb06000-7f71bfb07000 rw-p 00017000 fd:01 1445545                    /usr/lib64/libpthread-2.17.so
7f71bfb07000-7f71bfb0b000 rw-p 00000000 00:00 0 
7f71bfb0b000-7f71bfb2c000 r-xp 00000000 fd:01 1445510                    /usr/lib64/ld-2.17.so
7f71bfb2c000-7f71bfb31000 r--s 0001c000 08:02 2625686                    /mnt/Informacion/NuevoBB/Liferay/tomcat-7.0.42/lib/ext/persistence.jar
7f71bfb31000-7f71bfb37000 r--s 00036000 08:02 2625682                    /mnt/Informacion/NuevoBB/Liferay/tomcat-7.0.42/lib/ext/junit.jar
7f71bfb37000-7f71bfb44000 r--s 0019a000 08:02 2625677                    /mnt/Informacion/NuevoBB/Liferay/tomcat-7.0.42/lib/ext/hsql.jar
7f71bfb44000-7f71bfc0e000 rw-p 00000000 00:00 0 
7f71bfc0e000-7f71bfc11000 ---p 00000000 00:00 0 
7f71bfc11000-7f71bfd13000 rw-p 00000000 00:00 0                          [stack:27522]
7f71bfd13000-7f71bfd14000 r--s 00004000 08:02 3412699                    /mnt/Informacion/NuevoBB/Liferay/tomcat-7.0.42/webapps/ROOT/WEB-INF/lib/asm-analysis.jar
7f71bfd14000-7f71bfd16000 r--s 00002000 08:02 2625683                    /mnt/Informacion/NuevoBB/Liferay/tomcat-7.0.42/lib/ext/jutf7.jar
7f71bfd16000-7f71bfd19000 r--s 00047000 08:02 2625681                    /mnt/Informacion/NuevoBB/Liferay/tomcat-7.0.42/lib/ext/jtds.jar
7f71bfd19000-7f71bfd1b000 r--s 00002000 08:02 2625680                    /mnt/Informacion/NuevoBB/Liferay/tomcat-7.0.42/lib/ext/jta.jar
7f71bfd1b000-7f71bfd1d000 r--s 00005000 08:02 2625679                    /mnt/Informacion/NuevoBB/Liferay/tomcat-7.0.42/lib/ext/jms.jar
7f71bfd1d000-7f71bfd1e000 r--s 00003000 08:02 2625676                    /mnt/Informacion/NuevoBB/Liferay/tomcat-7.0.42/lib/ext/ccpp.jar
7f71bfd1e000-7f71bfd20000 r--s 0000c000 08:02 2625675                    /mnt/Informacion/NuevoBB/Liferay/tomcat-7.0.42/lib/ext/activation.jar
7f71bfd20000-7f71bfd28000 rw-s 00000000 fd:01 1051033                    /tmp/hsperfdata_edicson/27520
7f71bfd28000-7f71bfd29000 rw-p 00000000 00:00 0 
7f71bfd29000-7f71bfd2a000 ---p 00000000 00:00 0 
7f71bfd2a000-7f71bfd2b000 rw-p 00000000 00:00 0 
7f71bfd2b000-7f71bfd2c000 r--p 00020000 fd:01 1445510                    /usr/lib64/ld-2.17.so
7f71bfd2c000-7f71bfd2d000 rw-p 00021000 fd:01 1445510                    /usr/lib64/ld-2.17.so
7f71bfd2d000-7f71bfd2e000 rw-p 00000000 00:00 0 
7fffd6e2b000-7fffd6e51000 rw-p 00000000 00:00 0                          [stack]
7fffd6fc8000-7fffd6fca000 r-xp 00000000 00:00 0                          [vdso]
ffffffffff600000-ffffffffff601000 r-xp 00000000 00:00 0                  [vsyscall]

VM Arguments:
jvm_args: -Dliferay.lib.portal.dir=/mnt/Informacion/NuevoBB/Liferay/tomcat-7.0.42/webapps/ROOT/WEB-INF/lib 
java_command: com.liferay.portal.tools.SassToCssBuilder sass.dir=/ sass.docroot.dir=/mnt/Informacion/NuevoBB/liferay-plugins-sdk-6.2/themes/ThemeClassic_NewVersion-theme/docroot sass.portal.common.dir=/mnt/Informacion/NuevoBB/Liferay/tomcat-7.0.42/webapps/ROOT/html/css/common
java_class_path (initial): /mnt/Informacion/NuevoBB/Liferay/tomcat-7.0.42/webapps/ROOT/WEB-INF/classes:/mnt/Informacion/NuevoBB/Liferay/tomcat-7.0.42/lib/ext/activation.jar:/mnt/Informacion/NuevoBB/Liferay/tomcat-7.0.42/lib/ext/ccpp.jar:/mnt/Informacion/NuevoBB/Liferay/tomcat-7.0.42/lib/ext/hsql.jar:/mnt/Informacion/NuevoBB/Liferay/tomcat-7.0.42/lib/ext/jms.jar:/mnt/Informacion/NuevoBB/Liferay/tomcat-7.0.42/lib/ext/jta.jar:/mnt/Informacion/NuevoBB/Liferay/tomcat-7.0.42/lib/ext/jtds.jar:/mnt/Informacion/NuevoBB/Liferay/tomcat-7.0.42/lib/ext/junit.jar:/mnt/Informacion/NuevoBB/Liferay/tomcat-7.0.42/lib/ext/jutf7.jar:/mnt/Informacion/NuevoBB/Liferay/tomcat-7.0.42/lib/ext/mail.jar:/mnt/Informacion/NuevoBB/Liferay/tomcat-7.0.42/lib/ext/mysql.jar:/mnt/Informacion/NuevoBB/Liferay/tomcat-7.0.42/lib/ext/persistence.jar:/mnt/Informacion/NuevoBB/Liferay/tomcat-7.0.42/lib/ext/portal-service.jar:/mnt/Informacion/NuevoBB/Liferay/tomcat-7.0.42/lib/ext/portlet.jar:/mnt/Informacion/NuevoBB/Liferay/tomcat-7.0.42/lib/ext/postgresql.jar:/mnt/Informacion/NuevoBB/Liferay/tomcat-7.0.42/lib/ext/support-tomcat.jar:/mnt/Informacion/NuevoBB/Liferay/tomcat-7.0.42/webapps/ROOT/WEB-INF/lib/abdera.jar:/mnt/Informacion/NuevoBB/Liferay/tomcat-7.0.42/webapps/ROOT/WEB-INF/lib/alloy-taglib.jar:/mnt/Informacion/NuevoBB/Liferay/tomcat-7.0.42/webapps/ROOT/WEB-INF/lib/ant.jar:/mnt/Informacion/NuevoBB/Liferay/tomcat-7.0.42/webapps/ROOT/WEB-INF/lib/antlr2.jar:/mnt/Informacion/NuevoBB/Liferay/tomcat-7.0.42/webapps/ROOT/WEB-INF/lib/antlr3-runtime.jar:/mnt/Informacion/NuevoBB/Liferay/tomcat-7.0.42/webapps/ROOT/WEB-INF/lib/antlr3.jar:/mnt/Informacion/NuevoBB/Liferay/tomcat-7.0.42/webapps/ROOT/WEB-INF/lib/aopalliance.jar:/mnt/Informacion/NuevoBB/Liferay/tomcat-7.0.42/webapps/ROOT/WEB-INF/lib/asm-analysis.jar:/mnt/Informacion/NuevoBB/Liferay/tomcat-7.0.42/webapps/ROOT/WEB-INF/lib/asm-commons.jar:/mnt/Informacion/NuevoBB/Liferay/tomcat-7.0.42/webapps/ROOT/WEB-INF/lib/asm-tree.jar:/mnt/Informacion/NuevoBB/Liferay/
Launcher Type: SUN_STANDARD

Environment Variables:
PATH=/usr/lib64/qt-3.3/bin:/usr/local/bin:/usr/local/sbin:/usr/bin:/usr/sbin:/bin:/sbin
USERNAME=edicson
SHELL=/bin/bash
DISPLAY=:0

Signal Handlers:
SIGSEGV: [libjvm.so+0xaad2e0], sa_mask[0]=11111111011111111101111111111110, sa_flags=SA_RESTART|SA_SIGINFO
SIGBUS: [libjvm.so+0xaad2e0], sa_mask[0]=11111111011111111101111111111110, sa_flags=SA_RESTART|SA_SIGINFO
SIGFPE: [libjvm.so+0x90b550], sa_mask[0]=11111111011111111101111111111110, sa_flags=SA_RESTART|SA_SIGINFO
SIGPIPE: [libjvm.so+0x90b550], sa_mask[0]=11111111011111111101111111111110, sa_flags=SA_RESTART|SA_SIGINFO
SIGXFSZ: [libjvm.so+0x90b550], sa_mask[0]=11111111011111111101111111111110, sa_flags=SA_RESTART|SA_SIGINFO
SIGILL: [libjvm.so+0x90b550], sa_mask[0]=11111111011111111101111111111110, sa_flags=SA_RESTART|SA_SIGINFO
SIGUSR1: SIG_DFL, sa_mask[0]=00000000000000000000000000000000, sa_flags=none
SIGUSR2: [libjvm.so+0x90cb90], sa_mask[0]=00100000000000000000000000000000, sa_flags=SA_RESTART|SA_SIGINFO
SIGHUP: [libjvm.so+0x90dee0], sa_mask[0]=11111111011111111101111111111110, sa_flags=SA_RESTART|SA_SIGINFO
SIGINT: [libjvm.so+0x90dee0], sa_mask[0]=11111111011111111101111111111110, sa_flags=SA_RESTART|SA_SIGINFO
SIGTERM: [libjvm.so+0x90dee0], sa_mask[0]=11111111011111111101111111111110, sa_flags=SA_RESTART|SA_SIGINFO
SIGQUIT: [libjvm.so+0x90dee0], sa_mask[0]=11111111011111111101111111111110, sa_flags=SA_RESTART|SA_SIGINFO


---------------  S Y S T E M  ---------------

OS:CentOS Linux release 7.0.1406 (Core) 

uname:Linux 3.10.0-123.el7.x86_64 #1 SMP Mon Jun 30 12:09:22 UTC 2014 x86_64
libc:glibc 2.17 NPTL 2.17 
rlimit: STACK 8192k, CORE 0k, NPROC 4096, NOFILE 4096, AS infinity
load average:2,27 1,28 1,10

/proc/meminfo:
MemTotal:        7844496 kB
MemFree:          145560 kB
MemAvailable:     107352 kB
Buffers:             636 kB
Cached:           389688 kB
SwapCached:        27936 kB
Active:          6069296 kB
Inactive:        1324248 kB
Active(anon):    6061640 kB
Inactive(anon):  1301648 kB
Active(file):       7656 kB
Inactive(file):    22600 kB
Unevictable:         144 kB
Mlocked:             144 kB
SwapTotal:       3129340 kB
SwapFree:              4 kB
Dirty:                44 kB
Writeback:             0 kB
AnonPages:       6976604 kB
Mapped:            44100 kB
Shmem:            359084 kB
Slab:             116408 kB
SReclaimable:      62260 kB
SUnreclaim:        54148 kB
KernelStack:        5624 kB
PageTables:        54036 kB
NFS_Unstable:          0 kB
Bounce:                0 kB
WritebackTmp:          0 kB
CommitLimit:     7051588 kB
Committed_AS:   13508580 kB
VmallocTotal:   34359738367 kB
VmallocUsed:      357404 kB
VmallocChunk:   34359347104 kB
HardwareCorrupted:     0 kB
AnonHugePages:   1396736 kB
HugePages_Total:       0
HugePages_Free:        0
HugePages_Rsvd:        0
HugePages_Surp:        0
Hugepagesize:       2048 kB
DirectMap4k:      113232 kB
DirectMap2M:     8108032 kB


CPU:total 4 (2 cores per cpu, 2 threads per core) family 6 model 58 stepping 9, cmov, cx8, fxsr, mmx, sse, sse2, sse3, ssse3, sse4.1, sse4.2, popcnt, avx, clmul, erms, ht, tsc, tscinvbit, tscinv

/proc/cpuinfo:
processor	: 0
vendor_id	: GenuineIntel
cpu family	: 6
model		: 58
model name	: Intel(R) Core(TM) i7-3537U CPU @ 2.00GHz
stepping	: 9
microcode	: 0x1b
cpu MHz		: 2899.902
cache size	: 4096 KB
physical id	: 0
siblings	: 4
core id		: 0
cpu cores	: 2
apicid		: 0
initial apicid	: 0
fpu		: yes
fpu_exception	: yes
cpuid level	: 13
wp		: yes
flags		: fpu vme de pse tsc msr pae mce cx8 apic sep mtrr pge mca cmov pat pse36 clflush dts acpi mmx fxsr sse sse2 ss ht tm pbe syscall nx rdtscp lm constant_tsc arch_perfmon pebs bts rep_good nopl xtopology nonstop_tsc aperfmperf eagerfpu pni pclmulqdq dtes64 monitor ds_cpl vmx est tm2 ssse3 cx16 xtpr pdcm pcid sse4_1 sse4_2 x2apic popcnt tsc_deadline_timer xsave avx f16c rdrand lahf_lm ida arat epb xsaveopt pln pts dtherm tpr_shadow vnmi flexpriority ept vpid fsgsbase smep erms
bogomips	: 4988.66
clflush size	: 64
cache_alignment	: 64
address sizes	: 36 bits physical, 48 bits virtual
power management:

processor	: 1
vendor_id	: GenuineIntel
cpu family	: 6
model		: 58
model name	: Intel(R) Core(TM) i7-3537U CPU @ 2.00GHz
stepping	: 9
microcode	: 0x1b
cpu MHz		: 2900.000
cache size	: 4096 KB
physical id	: 0
siblings	: 4
core id		: 0
cpu cores	: 2
apicid		: 1
initial apicid	: 1
fpu		: yes
fpu_exception	: yes
cpuid level	: 13
wp		: yes
flags		: fpu vme de pse tsc msr pae mce cx8 apic sep mtrr pge mca cmov pat pse36 clflush dts acpi mmx fxsr sse sse2 ss ht tm pbe syscall nx rdtscp lm constant_tsc arch_perfmon pebs bts rep_good nopl xtopology nonstop_tsc aperfmperf eagerfpu pni pclmulqdq dtes64 monitor ds_cpl vmx est tm2 ssse3 cx16 xtpr pdcm pcid sse4_1 sse4_2 x2apic popcnt tsc_deadline_timer xsave avx f16c rdrand lahf_lm ida arat epb xsaveopt pln pts dtherm tpr_shadow vnmi flexpriority ept vpid fsgsbase smep erms
bogomips	: 4988.66
clflush size	: 64
cache_alignment	: 64
address sizes	: 36 bits physical, 48 bits virtual
power management:

processor	: 2
vendor_id	: GenuineIntel
cpu family	: 6
model		: 58
model name	: Intel(R) Core(TM) i7-3537U CPU @ 2.00GHz
stepping	: 9
microcode	: 0x1b
cpu MHz		: 2899.902
cache size	: 4096 KB
physical id	: 0
siblings	: 4
core id		: 1
cpu cores	: 2
apicid		: 2
initial apicid	: 2
fpu		: yes
fpu_exception	: yes
cpuid level	: 13
wp		: yes
flags		: fpu vme de pse tsc msr pae mce cx8 apic sep mtrr pge mca cmov pat pse36 clflush dts acpi mmx fxsr sse sse2 ss ht tm pbe syscall nx rdtscp lm constant_tsc arch_perfmon pebs bts rep_good nopl xtopology nonstop_tsc aperfmperf eagerfpu pni pclmulqdq dtes64 monitor ds_cpl vmx est tm2 ssse3 cx16 xtpr pdcm pcid sse4_1 sse4_2 x2apic popcnt tsc_deadline_timer xsave avx f16c rdrand lahf_lm ida arat epb xsaveopt pln pts dtherm tpr_shadow vnmi flexpriority ept vpid fsgsbase smep erms
bogomips	: 4988.66
clflush size	: 64
cache_alignment	: 64
address sizes	: 36 bits physical, 48 bits virtual
power management:

processor	: 3
vendor_id	: GenuineIntel
cpu family	: 6
model		: 58
model name	: Intel(R) Core(TM) i7-3537U CPU @ 2.00GHz
stepping	: 9
microcode	: 0x1b
cpu MHz		: 2900.000
cache size	: 4096 KB
physical id	: 0
siblings	: 4
core id		: 1
cpu cores	: 2
apicid		: 3
initial apicid	: 3
fpu		: yes
fpu_exception	: yes
cpuid level	: 13
wp		: yes
flags		: fpu vme de pse tsc msr pae mce cx8 apic sep mtrr pge mca cmov pat pse36 clflush dts acpi mmx fxsr sse sse2 ss ht tm pbe syscall nx rdtscp lm constant_tsc arch_perfmon pebs bts rep_good nopl xtopology nonstop_tsc aperfmperf eagerfpu pni pclmulqdq dtes64 monitor ds_cpl vmx est tm2 ssse3 cx16 xtpr pdcm pcid sse4_1 sse4_2 x2apic popcnt tsc_deadline_timer xsave avx f16c rdrand lahf_lm ida arat epb xsaveopt pln pts dtherm tpr_shadow vnmi flexpriority ept vpid fsgsbase smep erms
bogomips	: 4988.66
clflush size	: 64
cache_alignment	: 64
address sizes	: 36 bits physical, 48 bits virtual
power management:



Memory: 4k page, physical 7844496k(145560k free), swap 3129340k(4k free)

vm_info: Java HotSpot(TM) 64-Bit Server VM (25.40-b25) for linux-amd64 JRE (1.8.0_40-b25), built on Feb 10 2015 21:29:53 by "java_re" with gcc 4.3.0 20080428 (Red Hat 4.3.0-8)

time: Fri Mar 13 13:45:43 2015
elapsed time: 22 seconds (0d 0h 0m 22s)

